[1.005s] Invoking command in '/home/zain13/Desktop/Chemical-Plant-Inspector/workspace_auro/src/Localisation': PYTHONPATH=/home/zain13/Desktop/Chemical-Plant-Inspector/workspace_auro/build/Localisation/prefix_override:/home/zain13/Desktop/Chemical-Plant-Inspector/workspace_auro/install/Localisation/lib/python3.10/site-packages:${PYTHONPATH} /usr/bin/python3 -W ignore:setup.py install is deprecated setup.py egg_info --egg-base ../../build/Localisation build --build-base /home/zain13/Desktop/Chemical-Plant-Inspector/workspace_auro/build/Localisation/build install --record /home/zain13/Desktop/Chemical-Plant-Inspector/workspace_auro/build/Localisation/install.log --single-version-externally-managed install_data
[1.220s] running egg_info
[1.221s] writing ../../build/Localisation/Localisation.egg-info/PKG-INFO
[1.222s] writing dependency_links to ../../build/Localisation/Localisation.egg-info/dependency_links.txt
[1.223s] writing entry points to ../../build/Localisation/Localisation.egg-info/entry_points.txt
[1.228s] writing requirements to ../../build/Localisation/Localisation.egg-info/requires.txt
[1.229s] writing top-level names to ../../build/Localisation/Localisation.egg-info/top_level.txt
[1.234s] reading manifest file '../../build/Localisation/Localisation.egg-info/SOURCES.txt'
[1.238s] writing manifest file '../../build/Localisation/Localisation.egg-info/SOURCES.txt'
[1.240s] running build
[1.241s] running build_py
[1.242s] running install
[1.242s] running install_lib
[1.243s] running install_data
[1.243s] running install_egg_info
[1.245s] removing '/home/zain13/Desktop/Chemical-Plant-Inspector/workspace_auro/install/Localisation/lib/python3.10/site-packages/Localisation-0.0.0-py3.10.egg-info' (and everything under it)
[1.246s] Copying ../../build/Localisation/Localisation.egg-info to /home/zain13/Desktop/Chemical-Plant-Inspector/workspace_auro/install/Localisation/lib/python3.10/site-packages/Localisation-0.0.0-py3.10.egg-info
[1.247s] running install_scripts
[1.267s] Installing parse_odom script to /home/zain13/Desktop/Chemical-Plant-Inspector/workspace_auro/install/Localisation/lib/Localisation
[1.267s] writing list of installed files to '/home/zain13/Desktop/Chemical-Plant-Inspector/workspace_auro/build/Localisation/install.log'
[1.291s] Invoked command in '/home/zain13/Desktop/Chemical-Plant-Inspector/workspace_auro/src/Localisation' returned '0': PYTHONPATH=/home/zain13/Desktop/Chemical-Plant-Inspector/workspace_auro/build/Localisation/prefix_override:/home/zain13/Desktop/Chemical-Plant-Inspector/workspace_auro/install/Localisation/lib/python3.10/site-packages:${PYTHONPATH} /usr/bin/python3 -W ignore:setup.py install is deprecated setup.py egg_info --egg-base ../../build/Localisation build --build-base /home/zain13/Desktop/Chemical-Plant-Inspector/workspace_auro/build/Localisation/build install --record /home/zain13/Desktop/Chemical-Plant-Inspector/workspace_auro/build/Localisation/install.log --single-version-externally-managed install_data
