[0.827s] Invoking command in '/home/zain13/Desktop/Chemical-Plant-Inspector/workspace_auro/src/Localisation': PYTHONPATH=/home/zain13/Desktop/Chemical-Plant-Inspector/workspace_auro/build/Localisation/prefix_override:/home/zain13/Desktop/Chemical-Plant-Inspector/workspace_auro/install/Localisation/lib/python3.10/site-packages:${PYTHONPATH} /usr/bin/python3 -W ignore:setup.py install is deprecated setup.py egg_info --egg-base ../../build/Localisation build --build-base /home/zain13/Desktop/Chemical-Plant-Inspector/workspace_auro/build/Localisation/build install --record /home/zain13/Desktop/Chemical-Plant-Inspector/workspace_auro/build/Localisation/install.log --single-version-externally-managed install_data
[0.983s] running egg_info
[0.984s] writing ../../build/Localisation/Localisation.egg-info/PKG-INFO
[0.984s] writing dependency_links to ../../build/Localisation/Localisation.egg-info/dependency_links.txt
[0.984s] writing entry points to ../../build/Localisation/Localisation.egg-info/entry_points.txt
[0.984s] writing requirements to ../../build/Localisation/Localisation.egg-info/requires.txt
[0.984s] writing top-level names to ../../build/Localisation/Localisation.egg-info/top_level.txt
[0.985s] reading manifest file '../../build/Localisation/Localisation.egg-info/SOURCES.txt'
[0.987s] writing manifest file '../../build/Localisation/Localisation.egg-info/SOURCES.txt'
[0.987s] running build
[0.987s] running build_py
[0.987s] running install
[0.988s] running install_lib
[0.989s] running install_data
[0.989s] running install_egg_info
[0.990s] removing '/home/zain13/Desktop/Chemical-Plant-Inspector/workspace_auro/install/Localisation/lib/python3.10/site-packages/Localisation-0.0.0-py3.10.egg-info' (and everything under it)
[0.991s] Copying ../../build/Localisation/Localisation.egg-info to /home/zain13/Desktop/Chemical-Plant-Inspector/workspace_auro/install/Localisation/lib/python3.10/site-packages/Localisation-0.0.0-py3.10.egg-info
[0.991s] running install_scripts
[1.002s] Installing parse_odom script to /home/zain13/Desktop/Chemical-Plant-Inspector/workspace_auro/install/Localisation/lib/Localisation
[1.002s] writing list of installed files to '/home/zain13/Desktop/Chemical-Plant-Inspector/workspace_auro/build/Localisation/install.log'
[1.035s] Invoked command in '/home/zain13/Desktop/Chemical-Plant-Inspector/workspace_auro/src/Localisation' returned '0': PYTHONPATH=/home/zain13/Desktop/Chemical-Plant-Inspector/workspace_auro/build/Localisation/prefix_override:/home/zain13/Desktop/Chemical-Plant-Inspector/workspace_auro/install/Localisation/lib/python3.10/site-packages:${PYTHONPATH} /usr/bin/python3 -W ignore:setup.py install is deprecated setup.py egg_info --egg-base ../../build/Localisation build --build-base /home/zain13/Desktop/Chemical-Plant-Inspector/workspace_auro/build/Localisation/build install --record /home/zain13/Desktop/Chemical-Plant-Inspector/workspace_auro/build/Localisation/install.log --single-version-externally-managed install_data
