[0.009s] Invoking command in '/home/zain13/Desktop/Chemical-Plant-Inspector/SLAM/build/robot_description': CMAKE_PREFIX_PATH=/home/zain13/ros2_ws/install/my_robot_controller:/home/zain13/ros2_ws/install/hhw1_face_detection:/home/zain13/ros2_ws/install/arm_manipulator:/opt/ros/humble /usr/bin/cmake /home/zain13/Desktop/Chemical-Plant-Inspector/SLAM/src/robot_description -DCMAKE_INSTALL_PREFIX=/home/zain13/Desktop/Chemical-Plant-Inspector/SLAM/install/robot_description
[0.036s] -- Found ament_cmake: 1.3.8 (/opt/ros/humble/share/ament_cmake/cmake)
[0.126s] -- Found xacro: 2.0.8 (/opt/ros/humble/share/xacro/cmake)
[0.127s] -- Found urdf: 2.6.0 (/opt/ros/humble/share/urdf/cmake)
[0.157s] -- Found gazebo_ros: 3.7.0 (/opt/ros/humble/share/gazebo_ros/cmake)
[0.190s] -- Found rosidl_generator_c: 3.1.5 (/opt/ros/humble/share/rosidl_generator_c/cmake)
[0.193s] -- Found rosidl_adapter: 3.1.5 (/opt/ros/humble/share/rosidl_adapter/cmake)
[0.199s] -- Found rosidl_generator_cpp: 3.1.5 (/opt/ros/humble/share/rosidl_generator_cpp/cmake)
[0.210s] -- Using all available rosidl_typesupport_c: rosidl_typesupport_fastrtps_c;rosidl_typesupport_introspection_c
[0.221s] -- Using all available rosidl_typesupport_cpp: rosidl_typesupport_fastrtps_cpp;rosidl_typesupport_introspection_cpp
[0.271s] -- Found rmw_implementation_cmake: 6.1.1 (/opt/ros/humble/share/rmw_implementation_cmake/cmake)
[0.273s] -- Found rmw_fastrtps_cpp: 6.2.6 (/opt/ros/humble/share/rmw_fastrtps_cpp/cmake)
[0.299s] -- Found TinyXML2 via Config file: TinyXML2_DIR-NOTFOUND
[0.328s] -- Found OpenSSL: /usr/lib/x86_64-linux-gnu/libcrypto.so (found version "3.0.2")  
[0.330s] -- Found TinyXML2 via Config file: TinyXML2_DIR-NOTFOUND
[0.340s] -- Found FastRTPS: /opt/ros/humble/include  
[0.346s] -- Found TinyXML2 via Config file: TinyXML2_DIR-NOTFOUND
[0.351s] -- Found TinyXML2 via Config file: TinyXML2_DIR-NOTFOUND
[0.358s] -- Using RMW implementation 'rmw_fastrtps_cpp' as default
[0.367s] -- Looking for pthread.h
[0.426s] -- Looking for pthread.h - found
[0.427s] -- Performing Test CMAKE_HAVE_LIBC_PTHREAD
[0.473s] -- Performing Test CMAKE_HAVE_LIBC_PTHREAD - Success
[0.474s] -- Found Threads: TRUE  
[0.588s] -- Found PkgConfig: /usr/bin/pkg-config (found version "0.29.2") 
[0.589s] -- Checking for module 'bullet>=2.82'
[0.596s] --   Found bullet, version 3.05
[0.653s] -- Found fcl: /usr/include (found suitable version "0.7.0", minimum required is "0.5.0") 
[0.678s] -- Found assimp: /usr/include (found version "5.2.0") 
[0.694s] -- Found DART: /usr/include (Required is at least version "6.6") found components: dart 
[0.711s] -- Found Boost: /usr/lib/x86_64-linux-gnu/cmake/Boost-1.74.0/BoostConfig.cmake (found suitable version "1.74.0", minimum required is "1.40.0") found components: thread system filesystem program_options regex iostreams date_time 
[0.722s] -- Found Protobuf: /usr/lib/x86_64-linux-gnu/libprotobuf.so (found version "3.12.4") 
[0.726s] -- Looking for ignition-math6 -- found version 6.15.1
[0.731s] -- Searching for dependencies of ignition-math6
[0.733s] -- Looking for OGRE...
[0.733s] -- OGRE_PREFIX_WATCH changed.
[0.737s] -- Checking for module 'OGRE'
[0.745s] --   Found OGRE, version 1.9.0
[0.765s] -- Found Ogre Ghadamon (1.9.0)
[0.769s] -- Found OGRE: optimized;/usr/lib/x86_64-linux-gnu/libOgreMain.so;debug;/usr/lib/x86_64-linux-gnu/libOgreMain.so
[0.775s] -- Looking for OGRE_Paging...
[0.777s] -- Found OGRE_Paging: optimized;/usr/lib/x86_64-linux-gnu/libOgrePaging.so;debug;/usr/lib/x86_64-linux-gnu/libOgrePaging.so
[0.778s] -- Looking for OGRE_Terrain...
[0.780s] -- Found OGRE_Terrain: optimized;/usr/lib/x86_64-linux-gnu/libOgreTerrain.so;debug;/usr/lib/x86_64-linux-gnu/libOgreTerrain.so
[0.780s] -- Looking for OGRE_Property...
[0.783s] -- Found OGRE_Property: optimized;/usr/lib/x86_64-linux-gnu/libOgreProperty.so;debug;/usr/lib/x86_64-linux-gnu/libOgreProperty.so
[0.783s] -- Looking for OGRE_RTShaderSystem...
[0.785s] -- Found OGRE_RTShaderSystem: optimized;/usr/lib/x86_64-linux-gnu/libOgreRTShaderSystem.so;debug;/usr/lib/x86_64-linux-gnu/libOgreRTShaderSystem.so
[0.785s] -- Looking for OGRE_Volume...
[0.788s] -- Found OGRE_Volume: optimized;/usr/lib/x86_64-linux-gnu/libOgreVolume.so;debug;/usr/lib/x86_64-linux-gnu/libOgreVolume.so
[0.788s] -- Looking for OGRE_Overlay...
[0.791s] -- Found OGRE_Overlay: optimized;/usr/lib/x86_64-linux-gnu/libOgreOverlay.so;debug;/usr/lib/x86_64-linux-gnu/libOgreOverlay.so
[0.847s] -- Looking for ignition-math6 -- found version 6.15.1
[0.848s] -- Looking for ignition-transport8 -- found version 8.2.1
[0.849s] -- Searching for dependencies of ignition-transport8
[0.859s] -- Found Protobuf: /usr/lib/x86_64-linux-gnu/libprotobuf.so (found suitable version "3.12.4", minimum required is "3") 
[0.864s] -- Config-file not installed for ZeroMQ -- checking for pkg-config
[0.867s] -- Checking for module 'libzmq >= 4'
[0.875s] --   Found libzmq , version 4.3.4
[0.893s] -- Found ZeroMQ: TRUE (Required is at least version "4") 
[0.897s] -- Checking for module 'uuid'
[0.903s] --   Found uuid, version 2.37.2
[0.919s] -- Found UUID: TRUE  
[0.921s] -- Looking for ignition-msgs5 -- found version 5.8.1
[0.921s] -- Searching for dependencies of ignition-msgs5
[0.932s] -- Looking for ignition-math6 -- found version 6.15.1
[0.935s] -- Checking for module 'tinyxml2'
[0.942s] --   Found tinyxml2, version 9.0.0
[0.959s] -- Looking for ignition-msgs5 -- found version 5.8.1
[0.960s] -- Looking for ignition-common3 -- found version 3.14.0
[0.960s] -- Searching for dependencies of ignition-common3
[0.961s] -- Looking for dlfcn.h - found
[0.961s] -- Looking for libdl - found
[0.962s] -- Found DL: TRUE  
[0.969s] -- Found tinyobjloader: /usr/lib/x86_64-linux-gnu/cmake/tinyobjloader/tinyobjloader-config.cmake (found version "2.0.0") 
[0.969s] -- Searching for <ignition-common3> component [graphics]
[0.971s] -- Looking for ignition-common3-graphics -- found version 3.14.0
[0.971s] -- Searching for dependencies of ignition-common3-graphics
[0.971s] -- Looking for ignition-math6 -- found version 6.15.1
[0.973s] -- Looking for ignition-fuel_tools4 -- found version 4.4.0
[0.974s] -- Searching for dependencies of ignition-fuel_tools4
[1.014s] -- Found CURL: /usr/lib/x86_64-linux-gnu/libcurl.so (found version "7.81.0")  
[1.019s] -- Checking for module 'jsoncpp'
[1.026s] --   Found jsoncpp, version 1.9.5
[1.042s] -- Found JSONCPP: TRUE  
[1.046s] -- Checking for module 'libzip'
[1.052s] --   Found libzip, version 1.7.3
[1.068s] -- Found ZIP: TRUE  
[1.068s] -- Looking for ignition-common3 -- found version 3.14.0
[1.068s] -- Looking for ignition-math6 -- found version 6.15.1
[1.069s] -- Looking for ignition-msgs5 -- found version 5.8.1
[1.071s] -- Gazebo version: 11.10
[1.071s] -- Checking for module 'tbb'
[1.078s] --   Found tbb, version 2021.5.0
[1.134s] -- Configuring done
[1.137s] -- Generating done
[1.138s] -- Build files have been written to: /home/zain13/Desktop/Chemical-Plant-Inspector/SLAM/build/robot_description
[1.145s] Invoked command in '/home/zain13/Desktop/Chemical-Plant-Inspector/SLAM/build/robot_description' returned '0': CMAKE_PREFIX_PATH=/home/zain13/ros2_ws/install/my_robot_controller:/home/zain13/ros2_ws/install/hhw1_face_detection:/home/zain13/ros2_ws/install/arm_manipulator:/opt/ros/humble /usr/bin/cmake /home/zain13/Desktop/Chemical-Plant-Inspector/SLAM/src/robot_description -DCMAKE_INSTALL_PREFIX=/home/zain13/Desktop/Chemical-Plant-Inspector/SLAM/install/robot_description
[1.145s] Invoking command in '/home/zain13/Desktop/Chemical-Plant-Inspector/SLAM/build/robot_description': CMAKE_PREFIX_PATH=/home/zain13/ros2_ws/install/my_robot_controller:/home/zain13/ros2_ws/install/hhw1_face_detection:/home/zain13/ros2_ws/install/arm_manipulator:/opt/ros/humble /usr/bin/cmake --build /home/zain13/Desktop/Chemical-Plant-Inspector/SLAM/build/robot_description -- -j16 -l16
[1.169s] Invoked command in '/home/zain13/Desktop/Chemical-Plant-Inspector/SLAM/build/robot_description' returned '0': CMAKE_PREFIX_PATH=/home/zain13/ros2_ws/install/my_robot_controller:/home/zain13/ros2_ws/install/hhw1_face_detection:/home/zain13/ros2_ws/install/arm_manipulator:/opt/ros/humble /usr/bin/cmake --build /home/zain13/Desktop/Chemical-Plant-Inspector/SLAM/build/robot_description -- -j16 -l16
[1.187s] Invoking command in '/home/zain13/Desktop/Chemical-Plant-Inspector/SLAM/build/robot_description': CMAKE_PREFIX_PATH=/home/zain13/ros2_ws/install/my_robot_controller:/home/zain13/ros2_ws/install/hhw1_face_detection:/home/zain13/ros2_ws/install/arm_manipulator:/opt/ros/humble /usr/bin/cmake --install /home/zain13/Desktop/Chemical-Plant-Inspector/SLAM/build/robot_description
[1.190s] -- Install configuration: ""
[1.190s] -- Installing: /home/zain13/Desktop/Chemical-Plant-Inspector/SLAM/install/robot_description/share/robot_description/launch
[1.190s] -- Installing: /home/zain13/Desktop/Chemical-Plant-Inspector/SLAM/install/robot_description/share/robot_description/launch/gazebo.launch.xml
[1.190s] -- Installing: /home/zain13/Desktop/Chemical-Plant-Inspector/SLAM/install/robot_description/share/robot_description/launch/display.launch.xml
[1.191s] -- Installing: /home/zain13/Desktop/Chemical-Plant-Inspector/SLAM/install/robot_description/share/robot_description/urdf
[1.191s] -- Installing: /home/zain13/Desktop/Chemical-Plant-Inspector/SLAM/install/robot_description/share/robot_description/urdf/mobile_robot_base.xacro
[1.191s] -- Installing: /home/zain13/Desktop/Chemical-Plant-Inspector/SLAM/install/robot_description/share/robot_description/urdf/mobile_robot.urdf.xacro
[1.191s] -- Installing: /home/zain13/Desktop/Chemical-Plant-Inspector/SLAM/install/robot_description/share/robot_description/urdf/common_properties.xacro
[1.191s] -- Installing: /home/zain13/Desktop/Chemical-Plant-Inspector/SLAM/install/robot_description/share/robot_description/urdf/camera.xacro
[1.191s] -- Installing: /home/zain13/Desktop/Chemical-Plant-Inspector/SLAM/install/robot_description/share/robot_description/urdf/mobile_robot_gazebo.xacro
[1.191s] -- Installing: /home/zain13/Desktop/Chemical-Plant-Inspector/SLAM/install/robot_description/share/robot_description/urdf/lidar.xacro
[1.191s] -- Installing: /home/zain13/Desktop/Chemical-Plant-Inspector/SLAM/install/robot_description/share/robot_description/meshes
[1.191s] -- Installing: /home/zain13/Desktop/Chemical-Plant-Inspector/SLAM/install/robot_description/share/robot_description/meshes/rplidar.dae
[1.191s] -- Installing: /home/zain13/Desktop/Chemical-Plant-Inspector/SLAM/install/robot_description/share/robot_description/meshes/base_link.dae
[1.191s] -- Installing: /home/zain13/Desktop/Chemical-Plant-Inspector/SLAM/install/robot_description/share/robot_description/meshes/ubase_link.dae
[1.191s] -- Installing: /home/zain13/Desktop/Chemical-Plant-Inspector/SLAM/install/robot_description/share/robot_description/meshes/motor.dae
[1.192s] -- Installing: /home/zain13/Desktop/Chemical-Plant-Inspector/SLAM/install/robot_description/share/robot_description/meshes/wheel.dae
[1.193s] -- Installing: /home/zain13/Desktop/Chemical-Plant-Inspector/SLAM/install/robot_description/share/robot_description/meshes/camera.dae
[1.194s] -- Installing: /home/zain13/Desktop/Chemical-Plant-Inspector/SLAM/install/robot_description/share/robot_description/rviz
[1.194s] -- Installing: /home/zain13/Desktop/Chemical-Plant-Inspector/SLAM/install/robot_description/share/robot_description/rviz/gazebo_config.rviz
[1.194s] -- Installing: /home/zain13/Desktop/Chemical-Plant-Inspector/SLAM/install/robot_description/share/robot_description/rviz/urdf_config.rviz
[1.194s] -- Installing: /home/zain13/Desktop/Chemical-Plant-Inspector/SLAM/install/robot_description/share/ament_index/resource_index/package_run_dependencies/robot_description
[1.194s] -- Installing: /home/zain13/Desktop/Chemical-Plant-Inspector/SLAM/install/robot_description/share/ament_index/resource_index/parent_prefix_path/robot_description
[1.194s] -- Installing: /home/zain13/Desktop/Chemical-Plant-Inspector/SLAM/install/robot_description/share/robot_description/environment/ament_prefix_path.sh
[1.194s] -- Installing: /home/zain13/Desktop/Chemical-Plant-Inspector/SLAM/install/robot_description/share/robot_description/environment/ament_prefix_path.dsv
[1.194s] -- Installing: /home/zain13/Desktop/Chemical-Plant-Inspector/SLAM/install/robot_description/share/robot_description/environment/path.sh
[1.195s] -- Installing: /home/zain13/Desktop/Chemical-Plant-Inspector/SLAM/install/robot_description/share/robot_description/environment/path.dsv
[1.195s] -- Installing: /home/zain13/Desktop/Chemical-Plant-Inspector/SLAM/install/robot_description/share/robot_description/local_setup.bash
[1.195s] -- Installing: /home/zain13/Desktop/Chemical-Plant-Inspector/SLAM/install/robot_description/share/robot_description/local_setup.sh
[1.195s] -- Installing: /home/zain13/Desktop/Chemical-Plant-Inspector/SLAM/install/robot_description/share/robot_description/local_setup.zsh
[1.195s] -- Installing: /home/zain13/Desktop/Chemical-Plant-Inspector/SLAM/install/robot_description/share/robot_description/local_setup.dsv
[1.195s] -- Installing: /home/zain13/Desktop/Chemical-Plant-Inspector/SLAM/install/robot_description/share/robot_description/package.dsv
[1.195s] -- Installing: /home/zain13/Desktop/Chemical-Plant-Inspector/SLAM/install/robot_description/share/ament_index/resource_index/packages/robot_description
[1.195s] -- Installing: /home/zain13/Desktop/Chemical-Plant-Inspector/SLAM/install/robot_description/share/robot_description/cmake/robot_descriptionConfig.cmake
[1.195s] -- Installing: /home/zain13/Desktop/Chemical-Plant-Inspector/SLAM/install/robot_description/share/robot_description/cmake/robot_descriptionConfig-version.cmake
[1.195s] -- Installing: /home/zain13/Desktop/Chemical-Plant-Inspector/SLAM/install/robot_description/share/robot_description/package.xml
[1.196s] Invoked command in '/home/zain13/Desktop/Chemical-Plant-Inspector/SLAM/build/robot_description' returned '0': CMAKE_PREFIX_PATH=/home/zain13/ros2_ws/install/my_robot_controller:/home/zain13/ros2_ws/install/hhw1_face_detection:/home/zain13/ros2_ws/install/arm_manipulator:/opt/ros/humble /usr/bin/cmake --install /home/zain13/Desktop/Chemical-Plant-Inspector/SLAM/build/robot_description
