running egg_info
writing ../../build/Perception/Perception.egg-info/PKG-INFO
writing dependency_links to ../../build/Perception/Perception.egg-info/dependency_links.txt
writing entry points to ../../build/Perception/Perception.egg-info/entry_points.txt
writing requirements to ../../build/Perception/Perception.egg-info/requires.txt
writing top-level names to ../../build/Perception/Perception.egg-info/top_level.txt
reading manifest file '../../build/Perception/Perception.egg-info/SOURCES.txt'
writing manifest file '../../build/Perception/Perception.egg-info/SOURCES.txt'
running build
running build_py
copying Perception/parse_camera.py -> /home/zain13/Desktop/Chemical-Plant-Inspector/workspace_auro/build/Perception/build/lib/Perception
running install
running install_lib
copying /home/zain13/Desktop/Chemical-Plant-Inspector/workspace_auro/build/Perception/build/lib/Perception/parse_camera.py -> /home/zain13/Desktop/Chemical-Plant-Inspector/workspace_auro/install/Perception/lib/python3.10/site-packages/Perception
byte-compiling /home/zain13/Desktop/Chemical-Plant-Inspector/workspace_auro/install/Perception/lib/python3.10/site-packages/Perception/parse_camera.py to parse_camera.cpython-310.pyc
running install_data
running install_egg_info
removing '/home/zain13/Desktop/Chemical-Plant-Inspector/workspace_auro/install/Perception/lib/python3.10/site-packages/Perception-0.0.0-py3.10.egg-info' (and everything under it)
Copying ../../build/Perception/Perception.egg-info to /home/zain13/Desktop/Chemical-Plant-Inspector/workspace_auro/install/Perception/lib/python3.10/site-packages/Perception-0.0.0-py3.10.egg-info
running install_scripts
Installing parse_camera script to /home/zain13/Desktop/Chemical-Plant-Inspector/workspace_auro/install/Perception/lib/Perception
Installing parse_lidar script to /home/zain13/Desktop/Chemical-Plant-Inspector/workspace_auro/install/Perception/lib/Perception
writing list of installed files to '/home/zain13/Desktop/Chemical-Plant-Inspector/workspace_auro/build/Perception/install.log'
