[0.004s] Invoking command in '/home/zain13/Desktop/Chemical-Plant-Inspector/SLAM/build/robot_simulation': AMENT_PREFIX_PATH=/home/zain13/Desktop/Chemical-Plant-Inspector/SLAM/install/robot_description:${AMENT_PREFIX_PATH} CMAKE_PREFIX_PATH=/home/zain13/Desktop/Chemical-Plant-Inspector/SLAM/install/robot_description:/home/zain13/ros2_ws/install/my_robot_controller:/home/zain13/ros2_ws/install/hhw1_face_detection:/home/zain13/ros2_ws/install/arm_manipulator:/opt/ros/humble /usr/bin/cmake /home/zain13/Desktop/Chemical-Plant-Inspector/SLAM/src/robot_simulation -DCMAKE_INSTALL_PREFIX=/home/zain13/Desktop/Chemical-Plant-Inspector/SLAM/install/robot_simulation
[0.039s] -- The C compiler identification is GNU 11.4.0
[0.085s] -- The CXX compiler identification is GNU 11.4.0
[0.090s] -- Detecting C compiler ABI info
[0.131s] -- Detecting C compiler ABI info - done
[0.135s] -- Check for working C compiler: /usr/bin/cc - skipped
[0.135s] -- Detecting C compile features
[0.135s] -- Detecting C compile features - done
[0.137s] -- Detecting CXX compiler ABI info
[0.182s] -- Detecting CXX compiler ABI info - done
[0.186s] -- Check for working CXX compiler: /usr/bin/c++ - skipped
[0.186s] -- Detecting CXX compile features
[0.187s] -- Detecting CXX compile features - done
[0.189s] -- Found ament_cmake: 1.3.8 (/opt/ros/humble/share/ament_cmake/cmake)
[0.274s] -- Found Python3: /usr/bin/python3 (found version "3.10.12") found components: Interpreter 
[0.366s] -- Configuring done
[0.368s] -- Generating done
[0.368s] -- Build files have been written to: /home/zain13/Desktop/Chemical-Plant-Inspector/SLAM/build/robot_simulation
[0.371s] Invoked command in '/home/zain13/Desktop/Chemical-Plant-Inspector/SLAM/build/robot_simulation' returned '0': AMENT_PREFIX_PATH=/home/zain13/Desktop/Chemical-Plant-Inspector/SLAM/install/robot_description:${AMENT_PREFIX_PATH} CMAKE_PREFIX_PATH=/home/zain13/Desktop/Chemical-Plant-Inspector/SLAM/install/robot_description:/home/zain13/ros2_ws/install/my_robot_controller:/home/zain13/ros2_ws/install/hhw1_face_detection:/home/zain13/ros2_ws/install/arm_manipulator:/opt/ros/humble /usr/bin/cmake /home/zain13/Desktop/Chemical-Plant-Inspector/SLAM/src/robot_simulation -DCMAKE_INSTALL_PREFIX=/home/zain13/Desktop/Chemical-Plant-Inspector/SLAM/install/robot_simulation
[0.372s] Invoking command in '/home/zain13/Desktop/Chemical-Plant-Inspector/SLAM/build/robot_simulation': AMENT_PREFIX_PATH=/home/zain13/Desktop/Chemical-Plant-Inspector/SLAM/install/robot_description:${AMENT_PREFIX_PATH} CMAKE_PREFIX_PATH=/home/zain13/Desktop/Chemical-Plant-Inspector/SLAM/install/robot_description:/home/zain13/ros2_ws/install/my_robot_controller:/home/zain13/ros2_ws/install/hhw1_face_detection:/home/zain13/ros2_ws/install/arm_manipulator:/opt/ros/humble /usr/bin/cmake --build /home/zain13/Desktop/Chemical-Plant-Inspector/SLAM/build/robot_simulation -- -j16 -l16
[0.393s] Invoked command in '/home/zain13/Desktop/Chemical-Plant-Inspector/SLAM/build/robot_simulation' returned '0': AMENT_PREFIX_PATH=/home/zain13/Desktop/Chemical-Plant-Inspector/SLAM/install/robot_description:${AMENT_PREFIX_PATH} CMAKE_PREFIX_PATH=/home/zain13/Desktop/Chemical-Plant-Inspector/SLAM/install/robot_description:/home/zain13/ros2_ws/install/my_robot_controller:/home/zain13/ros2_ws/install/hhw1_face_detection:/home/zain13/ros2_ws/install/arm_manipulator:/opt/ros/humble /usr/bin/cmake --build /home/zain13/Desktop/Chemical-Plant-Inspector/SLAM/build/robot_simulation -- -j16 -l16
[0.404s] Invoking command in '/home/zain13/Desktop/Chemical-Plant-Inspector/SLAM/build/robot_simulation': AMENT_PREFIX_PATH=/home/zain13/Desktop/Chemical-Plant-Inspector/SLAM/install/robot_description:${AMENT_PREFIX_PATH} CMAKE_PREFIX_PATH=/home/zain13/Desktop/Chemical-Plant-Inspector/SLAM/install/robot_description:/home/zain13/ros2_ws/install/my_robot_controller:/home/zain13/ros2_ws/install/hhw1_face_detection:/home/zain13/ros2_ws/install/arm_manipulator:/opt/ros/humble /usr/bin/cmake --install /home/zain13/Desktop/Chemical-Plant-Inspector/SLAM/build/robot_simulation
[0.408s] -- Install configuration: ""
[0.408s] -- Installing: /home/zain13/Desktop/Chemical-Plant-Inspector/SLAM/install/robot_simulation/share/robot_simulation/launch
[0.408s] -- Installing: /home/zain13/Desktop/Chemical-Plant-Inspector/SLAM/install/robot_simulation/share/robot_simulation/launch/house_slam.launch.py
[0.408s] -- Installing: /home/zain13/Desktop/Chemical-Plant-Inspector/SLAM/install/robot_simulation/share/robot_simulation/launch/autonomous_navigation.launch.py
[0.408s] -- Installing: /home/zain13/Desktop/Chemical-Plant-Inspector/SLAM/install/robot_simulation/share/robot_simulation/launch/house_sim.launch.py
[0.408s] -- Installing: /home/zain13/Desktop/Chemical-Plant-Inspector/SLAM/install/robot_simulation/share/robot_simulation/config
[0.408s] -- Installing: /home/zain13/Desktop/Chemical-Plant-Inspector/SLAM/install/robot_simulation/share/robot_simulation/config/ekf.yaml
[0.409s] -- Installing: /home/zain13/Desktop/Chemical-Plant-Inspector/SLAM/install/robot_simulation/share/robot_simulation/config/nav2_config.rviz
[0.409s] -- Installing: /home/zain13/Desktop/Chemical-Plant-Inspector/SLAM/install/robot_simulation/share/robot_simulation/worlds
[0.409s] -- Installing: /home/zain13/Desktop/Chemical-Plant-Inspector/SLAM/install/robot_simulation/share/robot_simulation/worlds/house.world
[0.409s] -- Installing: /home/zain13/Desktop/Chemical-Plant-Inspector/SLAM/install/robot_simulation/share/robot_simulation/maps
[0.409s] -- Installing: /home/zain13/Desktop/Chemical-Plant-Inspector/SLAM/install/robot_simulation/share/robot_simulation/maps/house_map.yaml
[0.409s] -- Installing: /home/zain13/Desktop/Chemical-Plant-Inspector/SLAM/install/robot_simulation/share/robot_simulation/maps/house_map.pgm
[0.409s] -- Installing: /home/zain13/Desktop/Chemical-Plant-Inspector/SLAM/install/robot_simulation/share/robot_simulation/params
[0.409s] -- Installing: /home/zain13/Desktop/Chemical-Plant-Inspector/SLAM/install/robot_simulation/share/robot_simulation/params/nav2_params.yaml
[0.409s] -- Installing: /home/zain13/Desktop/Chemical-Plant-Inspector/SLAM/install/robot_simulation/share/ament_index/resource_index/package_run_dependencies/robot_simulation
[0.409s] -- Installing: /home/zain13/Desktop/Chemical-Plant-Inspector/SLAM/install/robot_simulation/share/ament_index/resource_index/parent_prefix_path/robot_simulation
[0.409s] -- Installing: /home/zain13/Desktop/Chemical-Plant-Inspector/SLAM/install/robot_simulation/share/robot_simulation/environment/ament_prefix_path.sh
[0.409s] -- Installing: /home/zain13/Desktop/Chemical-Plant-Inspector/SLAM/install/robot_simulation/share/robot_simulation/environment/ament_prefix_path.dsv
[0.409s] -- Installing: /home/zain13/Desktop/Chemical-Plant-Inspector/SLAM/install/robot_simulation/share/robot_simulation/environment/path.sh
[0.409s] -- Installing: /home/zain13/Desktop/Chemical-Plant-Inspector/SLAM/install/robot_simulation/share/robot_simulation/environment/path.dsv
[0.409s] -- Installing: /home/zain13/Desktop/Chemical-Plant-Inspector/SLAM/install/robot_simulation/share/robot_simulation/local_setup.bash
[0.410s] -- Installing: /home/zain13/Desktop/Chemical-Plant-Inspector/SLAM/install/robot_simulation/share/robot_simulation/local_setup.sh
[0.410s] -- Installing: /home/zain13/Desktop/Chemical-Plant-Inspector/SLAM/install/robot_simulation/share/robot_simulation/local_setup.zsh
[0.410s] -- Installing: /home/zain13/Desktop/Chemical-Plant-Inspector/SLAM/install/robot_simulation/share/robot_simulation/local_setup.dsv
[0.410s] -- Installing: /home/zain13/Desktop/Chemical-Plant-Inspector/SLAM/install/robot_simulation/share/robot_simulation/package.dsv
[0.410s] -- Installing: /home/zain13/Desktop/Chemical-Plant-Inspector/SLAM/install/robot_simulation/share/ament_index/resource_index/packages/robot_simulation
[0.410s] -- Installing: /home/zain13/Desktop/Chemical-Plant-Inspector/SLAM/install/robot_simulation/share/robot_simulation/cmake/robot_simulationConfig.cmake
[0.410s] -- Installing: /home/zain13/Desktop/Chemical-Plant-Inspector/SLAM/install/robot_simulation/share/robot_simulation/cmake/robot_simulationConfig-version.cmake
[0.410s] -- Installing: /home/zain13/Desktop/Chemical-Plant-Inspector/SLAM/install/robot_simulation/share/robot_simulation/package.xml
[0.411s] Invoked command in '/home/zain13/Desktop/Chemical-Plant-Inspector/SLAM/build/robot_simulation' returned '0': AMENT_PREFIX_PATH=/home/zain13/Desktop/Chemical-Plant-Inspector/SLAM/install/robot_description:${AMENT_PREFIX_PATH} CMAKE_PREFIX_PATH=/home/zain13/Desktop/Chemical-Plant-Inspector/SLAM/install/robot_description:/home/zain13/ros2_ws/install/my_robot_controller:/home/zain13/ros2_ws/install/hhw1_face_detection:/home/zain13/ros2_ws/install/arm_manipulator:/opt/ros/humble /usr/bin/cmake --install /home/zain13/Desktop/Chemical-Plant-Inspector/SLAM/build/robot_simulation
