[0.017s] Invoking command in '/home/zain13/Desktop/Chemical-Plant-Inspector/SLAM/build/robot_description': CMAKE_PREFIX_PATH=/home/zain13/Desktop/Chemical-Plant-Inspector/workspace_auro/install/Perception:/home/zain13/Desktop/Chemical-Plant-Inspector/workspace_auro/install/NavigationAndPlanning:/home/zain13/Desktop/Chemical-Plant-Inspector/workspace_auro/install/Localisation:/home/zain13/Desktop/Chemical-Plant-Inspector/workspace_auro/install/Interfaces:/home/zain13/ros2_ws/install/my_robot_controller:/home/zain13/ros2_ws/install/hhw1_face_detection:/home/zain13/ros2_ws/install/arm_manipulator:/opt/ros/humble /usr/bin/cmake /home/zain13/Desktop/Chemical-Plant-Inspector/SLAM/src/robot_description -DCMAKE_INSTALL_PREFIX=/home/zain13/Desktop/Chemical-Plant-Inspector/SLAM/install/robot_description
[0.087s] -- The C compiler identification is GNU 11.4.0
[0.137s] -- The CXX compiler identification is GNU 11.4.0
[0.144s] -- Detecting C compiler ABI info
[0.188s] -- Detecting C compiler ABI info - done
[0.195s] -- Check for working C compiler: /usr/bin/cc - skipped
[0.195s] -- Detecting C compile features
[0.196s] -- Detecting C compile features - done
[0.199s] -- Detecting CXX compiler ABI info
[0.250s] -- Detecting CXX compiler ABI info - done
[0.255s] -- Check for working CXX compiler: /usr/bin/c++ - skipped
[0.255s] -- Detecting CXX compile features
[0.255s] -- Detecting CXX compile features - done
[0.263s] -- Found ament_cmake: 1.3.8 (/opt/ros/humble/share/ament_cmake/cmake)
[0.359s] -- Found Python3: /usr/bin/python3 (found version "3.10.12") found components: Interpreter 
[0.435s] -- Found xacro: 2.0.8 (/opt/ros/humble/share/xacro/cmake)
[0.438s] -- Found urdf: 2.6.0 (/opt/ros/humble/share/urdf/cmake)
[0.497s] -- Configuring incomplete, errors occurred!
[0.498s] See also "/home/zain13/Desktop/Chemical-Plant-Inspector/SLAM/build/robot_description/CMakeFiles/CMakeOutput.log".
[0.498s] [31mCMake Error at CMakeLists.txt:12 (find_package):
[0.498s]   By not providing "Findgazebo_ros.cmake" in CMAKE_MODULE_PATH this project
[0.498s]   has asked CMake to find a package configuration file provided by
[0.498s]   "gazebo_ros", but CMake did not find one.
[0.498s] 
[0.498s]   Could not find a package configuration file provided by "gazebo_ros" with
[0.498s]   any of the following names:
[0.498s] 
[0.498s]     gazebo_rosConfig.cmake
[0.498s]     gazebo_ros-config.cmake
[0.499s] 
[0.499s]   Add the installation prefix of "gazebo_ros" to CMAKE_PREFIX_PATH or set
[0.499s]   "gazebo_ros_DIR" to a directory containing one of the above files.  If
[0.499s]   "gazebo_ros" provides a separate development package or SDK, be sure it has
[0.499s]   been installed.
[0.499s] 
[0.499s] [0m
[0.502s] Invoked command in '/home/zain13/Desktop/Chemical-Plant-Inspector/SLAM/build/robot_description' returned '1': CMAKE_PREFIX_PATH=/home/zain13/Desktop/Chemical-Plant-Inspector/workspace_auro/install/Perception:/home/zain13/Desktop/Chemical-Plant-Inspector/workspace_auro/install/NavigationAndPlanning:/home/zain13/Desktop/Chemical-Plant-Inspector/workspace_auro/install/Localisation:/home/zain13/Desktop/Chemical-Plant-Inspector/workspace_auro/install/Interfaces:/home/zain13/ros2_ws/install/my_robot_controller:/home/zain13/ros2_ws/install/hhw1_face_detection:/home/zain13/ros2_ws/install/arm_manipulator:/opt/ros/humble /usr/bin/cmake /home/zain13/Desktop/Chemical-Plant-Inspector/SLAM/src/robot_description -DCMAKE_INSTALL_PREFIX=/home/zain13/Desktop/Chemical-Plant-Inspector/SLAM/install/robot_description
