[0.882s] Invoking command in '/home/zain13/Desktop/Chemical-Plant-Inspector/workspace_auro/src/Localisation': PYTHONPATH=/home/zain13/Desktop/Chemical-Plant-Inspector/workspace_auro/build/Localisation/prefix_override:/home/zain13/Desktop/Chemical-Plant-Inspector/workspace_auro/install/Localisation/lib/python3.10/site-packages:${PYTHONPATH} /usr/bin/python3 -W ignore:setup.py install is deprecated setup.py egg_info --egg-base ../../build/Localisation build --build-base /home/zain13/Desktop/Chemical-Plant-Inspector/workspace_auro/build/Localisation/build install --record /home/zain13/Desktop/Chemical-Plant-Inspector/workspace_auro/build/Localisation/install.log --single-version-externally-managed install_data
[1.038s] running egg_info
[1.038s] writing ../../build/Localisation/Localisation.egg-info/PKG-INFO
[1.039s] writing dependency_links to ../../build/Localisation/Localisation.egg-info/dependency_links.txt
[1.039s] writing entry points to ../../build/Localisation/Localisation.egg-info/entry_points.txt
[1.039s] writing requirements to ../../build/Localisation/Localisation.egg-info/requires.txt
[1.039s] writing top-level names to ../../build/Localisation/Localisation.egg-info/top_level.txt
[1.040s] reading manifest file '../../build/Localisation/Localisation.egg-info/SOURCES.txt'
[1.049s] writing manifest file '../../build/Localisation/Localisation.egg-info/SOURCES.txt'
[1.049s] running build
[1.049s] running build_py
[1.050s] running install
[1.050s] running install_lib
[1.051s] running install_data
[1.051s] running install_egg_info
[1.052s] removing '/home/zain13/Desktop/Chemical-Plant-Inspector/workspace_auro/install/Localisation/lib/python3.10/site-packages/Localisation-0.0.0-py3.10.egg-info' (and everything under it)
[1.052s] Copying ../../build/Localisation/Localisation.egg-info to /home/zain13/Desktop/Chemical-Plant-Inspector/workspace_auro/install/Localisation/lib/python3.10/site-packages/Localisation-0.0.0-py3.10.egg-info
[1.053s] running install_scripts
[1.066s] Installing parse_odom script to /home/zain13/Desktop/Chemical-Plant-Inspector/workspace_auro/install/Localisation/lib/Localisation
[1.067s] writing list of installed files to '/home/zain13/Desktop/Chemical-Plant-Inspector/workspace_auro/build/Localisation/install.log'
[1.102s] Invoked command in '/home/zain13/Desktop/Chemical-Plant-Inspector/workspace_auro/src/Localisation' returned '0': PYTHONPATH=/home/zain13/Desktop/Chemical-Plant-Inspector/workspace_auro/build/Localisation/prefix_override:/home/zain13/Desktop/Chemical-Plant-Inspector/workspace_auro/install/Localisation/lib/python3.10/site-packages:${PYTHONPATH} /usr/bin/python3 -W ignore:setup.py install is deprecated setup.py egg_info --egg-base ../../build/Localisation build --build-base /home/zain13/Desktop/Chemical-Plant-Inspector/workspace_auro/build/Localisation/build install --record /home/zain13/Desktop/Chemical-Plant-Inspector/workspace_auro/build/Localisation/install.log --single-version-externally-managed install_data
