[0.008s] Invoking command in '/home/zain13/Desktop/Chemical-Plant-Inspector/SLAM/build/robot_localization': CMAKE_PREFIX_PATH=${CMAKE_PREFIX_PATH}:/home/zain13/Desktop/Chemical-Plant-Inspector/SLAM/install/robot_patrol:/home/zain13/ros2_ws/install/my_robot_controller:/home/zain13/ros2_ws/install/hhw1_face_detection:/home/zain13/ros2_ws/install/arm_manipulator:/opt/ros/humble /usr/bin/cmake /home/zain13/Desktop/Chemical-Plant-Inspector/SLAM/src/robot_localization -DCMAKE_INSTALL_PREFIX=/home/zain13/Desktop/Chemical-Plant-Inspector/SLAM/install/robot_localization
[0.068s] -- The C compiler identification is GNU 11.4.0
[0.117s] -- The CXX compiler identification is GNU 11.4.0
[0.124s] -- Detecting C compiler ABI info
[0.166s] -- Detecting C compiler ABI info - done
[0.170s] -- Check for working C compiler: /usr/bin/cc - skipped
[0.171s] -- Detecting C compile features
[0.171s] -- Detecting C compile features - done
[0.174s] -- Detecting CXX compiler ABI info
[0.221s] -- Detecting CXX compiler ABI info - done
[0.225s] -- Check for working CXX compiler: /usr/bin/c++ - skipped
[0.225s] -- Detecting CXX compile features
[0.226s] -- Detecting CXX compile features - done
[0.226s] -- robot_localization: You did not request a specific build type: selecting 'RelWithDebInfo'.
[0.228s] -- Found ament_cmake: 1.3.8 (/opt/ros/humble/share/ament_cmake/cmake)
[0.325s] -- Found Python3: /usr/bin/python3 (found version "3.10.12") found components: Interpreter 
[0.394s] -- Found angles: 1.15.0 (/opt/ros/humble/share/angles/cmake)
[0.397s] -- Found rclcpp: 16.0.8 (/opt/ros/humble/share/rclcpp/cmake)
[0.435s] -- Found rosidl_generator_c: 3.1.5 (/opt/ros/humble/share/rosidl_generator_c/cmake)
[0.439s] -- Found rosidl_adapter: 3.1.5 (/opt/ros/humble/share/rosidl_adapter/cmake)
[0.451s] -- Found rosidl_generator_cpp: 3.1.5 (/opt/ros/humble/share/rosidl_generator_cpp/cmake)
[0.466s] -- Using all available rosidl_typesupport_c: rosidl_typesupport_fastrtps_c;rosidl_typesupport_introspection_c
[0.481s] -- Using all available rosidl_typesupport_cpp: rosidl_typesupport_fastrtps_cpp;rosidl_typesupport_introspection_cpp
[0.534s] -- Found rmw_implementation_cmake: 6.1.1 (/opt/ros/humble/share/rmw_implementation_cmake/cmake)
[0.537s] -- Found rmw_fastrtps_cpp: 6.2.6 (/opt/ros/humble/share/rmw_fastrtps_cpp/cmake)
[0.599s] -- Found OpenSSL: /usr/lib/x86_64-linux-gnu/libcrypto.so (found version "3.0.2")  
[0.616s] -- Found FastRTPS: /opt/ros/humble/include  
[0.646s] -- Using RMW implementation 'rmw_fastrtps_cpp' as default
[0.653s] -- Looking for pthread.h
[0.693s] -- Looking for pthread.h - found
[0.693s] -- Performing Test CMAKE_HAVE_LIBC_PTHREAD
[0.735s] -- Performing Test CMAKE_HAVE_LIBC_PTHREAD - Success
[0.736s] -- Found Threads: TRUE  
[0.838s] -- Found diagnostic_msgs: 4.2.3 (/opt/ros/humble/share/diagnostic_msgs/cmake)
[0.866s] -- Found diagnostic_updater: 3.1.2 (/opt/ros/humble/share/diagnostic_updater/cmake)
[0.883s] -- Configuring incomplete, errors occurred!
[0.883s] See also "/home/zain13/Desktop/Chemical-Plant-Inspector/SLAM/build/robot_localization/CMakeFiles/CMakeOutput.log".
[0.883s] [31mCMake Error at CMakeLists.txt:22 (find_package):
[0.883s]   By not providing "Findgeographic_msgs.cmake" in CMAKE_MODULE_PATH this
[0.883s]   project has asked CMake to find a package configuration file provided by
[0.883s]   "geographic_msgs", but CMake did not find one.
[0.883s] 
[0.884s]   Could not find a package configuration file provided by "geographic_msgs"
[0.884s]   with any of the following names:
[0.884s] 
[0.884s]     geographic_msgsConfig.cmake
[0.884s]     geographic_msgs-config.cmake
[0.884s] 
[0.884s]   Add the installation prefix of "geographic_msgs" to CMAKE_PREFIX_PATH or
[0.884s]   set "geographic_msgs_DIR" to a directory containing one of the above files.
[0.884s]   If "geographic_msgs" provides a separate development package or SDK, be
[0.884s]   sure it has been installed.
[0.884s] 
[0.884s] [0m
[0.888s] Invoked command in '/home/zain13/Desktop/Chemical-Plant-Inspector/SLAM/build/robot_localization' returned '1': CMAKE_PREFIX_PATH=${CMAKE_PREFIX_PATH}:/home/zain13/Desktop/Chemical-Plant-Inspector/SLAM/install/robot_patrol:/home/zain13/ros2_ws/install/my_robot_controller:/home/zain13/ros2_ws/install/hhw1_face_detection:/home/zain13/ros2_ws/install/arm_manipulator:/opt/ros/humble /usr/bin/cmake /home/zain13/Desktop/Chemical-Plant-Inspector/SLAM/src/robot_localization -DCMAKE_INSTALL_PREFIX=/home/zain13/Desktop/Chemical-Plant-Inspector/SLAM/install/robot_localization
