running develop
running egg_info
creating Localisation.egg-info
writing Localisation.egg-info/PKG-INFO
writing dependency_links to Localisation.egg-info/dependency_links.txt
writing entry points to Localisation.egg-info/entry_points.txt
writing requirements to Localisation.egg-info/requires.txt
writing top-level names to Localisation.egg-info/top_level.txt
writing manifest file 'Localisation.egg-info/SOURCES.txt'
reading manifest file 'Localisation.egg-info/SOURCES.txt'
writing manifest file 'Localisation.egg-info/SOURCES.txt'
running build_ext
Creating /home/zain13/Desktop/Chemical-Plant-Inspector/workspace_auro/install/Localisation/lib/python3.10/site-packages/Localisation.egg-link (link to .)
Installing parse_odom script to /home/zain13/Desktop/Chemical-Plant-Inspector/workspace_auro/install/Localisation/lib/Localisation

Installed /home/zain13/Desktop/Chemical-Plant-Inspector/workspace_auro/build/Localisation
running symlink_data
creating /home/zain13/Desktop/Chemical-Plant-Inspector/workspace_auro/install/Localisation/share/ament_index
creating /home/zain13/Desktop/Chemical-Plant-Inspector/workspace_auro/install/Localisation/share/ament_index/resource_index
creating /home/zain13/Desktop/Chemical-Plant-Inspector/workspace_auro/install/Localisation/share/ament_index/resource_index/packages
symbolically linking /home/zain13/Desktop/Chemical-Plant-Inspector/workspace_auro/build/Localisation/resource/Localisation -> /home/zain13/Desktop/Chemical-Plant-Inspector/workspace_auro/install/Localisation/share/ament_index/resource_index/packages
symbolically linking /home/zain13/Desktop/Chemical-Plant-Inspector/workspace_auro/build/Localisation/package.xml -> /home/zain13/Desktop/Chemical-Plant-Inspector/workspace_auro/install/Localisation/share/Localisation
