[0.874s] Invoking command in '/home/zain13/Desktop/Chemical-Plant-Inspector/workspace_auro/build/Localisation': PYTHONPATH=/home/zain13/Desktop/Chemical-Plant-Inspector/workspace_auro/build/Localisation/prefix_override:/home/zain13/Desktop/Chemical-Plant-Inspector/workspace_auro/install/Localisation/lib/python3.10/site-packages:${PYTHONPATH} /usr/bin/python3 -W ignore:setup.py install is deprecated setup.py develop --editable --build-directory /home/zain13/Desktop/Chemical-Plant-Inspector/workspace_auro/build/Localisation/build --no-deps symlink_data
[1.057s] running develop
[1.183s] running egg_info
[1.184s] creating Localisation.egg-info
[1.184s] writing Localisation.egg-info/PKG-INFO
[1.184s] writing dependency_links to Localisation.egg-info/dependency_links.txt
[1.184s] writing entry points to Localisation.egg-info/entry_points.txt
[1.184s] writing requirements to Localisation.egg-info/requires.txt
[1.184s] writing top-level names to Localisation.egg-info/top_level.txt
[1.185s] writing manifest file 'Localisation.egg-info/SOURCES.txt'
[1.187s] reading manifest file 'Localisation.egg-info/SOURCES.txt'
[1.188s] writing manifest file 'Localisation.egg-info/SOURCES.txt'
[1.190s] running build_ext
[1.190s] Creating /home/zain13/Desktop/Chemical-Plant-Inspector/workspace_auro/install/Localisation/lib/python3.10/site-packages/Localisation.egg-link (link to .)
[1.191s] Installing parse_odom script to /home/zain13/Desktop/Chemical-Plant-Inspector/workspace_auro/install/Localisation/lib/Localisation
[1.191s] 
[1.191s] Installed /home/zain13/Desktop/Chemical-Plant-Inspector/workspace_auro/build/Localisation
[1.192s] running symlink_data
[1.192s] creating /home/zain13/Desktop/Chemical-Plant-Inspector/workspace_auro/install/Localisation/share/ament_index
[1.192s] creating /home/zain13/Desktop/Chemical-Plant-Inspector/workspace_auro/install/Localisation/share/ament_index/resource_index
[1.192s] creating /home/zain13/Desktop/Chemical-Plant-Inspector/workspace_auro/install/Localisation/share/ament_index/resource_index/packages
[1.192s] symbolically linking /home/zain13/Desktop/Chemical-Plant-Inspector/workspace_auro/build/Localisation/resource/Localisation -> /home/zain13/Desktop/Chemical-Plant-Inspector/workspace_auro/install/Localisation/share/ament_index/resource_index/packages
[1.192s] symbolically linking /home/zain13/Desktop/Chemical-Plant-Inspector/workspace_auro/build/Localisation/package.xml -> /home/zain13/Desktop/Chemical-Plant-Inspector/workspace_auro/install/Localisation/share/Localisation
[1.281s] Invoked command in '/home/zain13/Desktop/Chemical-Plant-Inspector/workspace_auro/build/Localisation' returned '0': PYTHONPATH=/home/zain13/Desktop/Chemical-Plant-Inspector/workspace_auro/build/Localisation/prefix_override:/home/zain13/Desktop/Chemical-Plant-Inspector/workspace_auro/install/Localisation/lib/python3.10/site-packages:${PYTHONPATH} /usr/bin/python3 -W ignore:setup.py install is deprecated setup.py develop --editable --build-directory /home/zain13/Desktop/Chemical-Plant-Inspector/workspace_auro/build/Localisation/build --no-deps symlink_data
