[0.902s] Invoking command in '/home/zain13/Desktop/Chemical-Plant-Inspector/workspace_auro/build/NavigationAndPlanning': PYTHONPATH=/home/zain13/Desktop/Chemical-Plant-Inspector/workspace_auro/build/NavigationAndPlanning/prefix_override:/home/zain13/Desktop/Chemical-Plant-Inspector/workspace_auro/install/NavigationAndPlanning/lib/python3.10/site-packages:${PYTHONPATH} /usr/bin/python3 -W ignore:setup.py install is deprecated setup.py develop --uninstall --editable --build-directory /home/zain13/Desktop/Chemical-Plant-Inspector/workspace_auro/build/NavigationAndPlanning/build
[1.097s] running develop
[1.205s] Removing /home/zain13/Desktop/Chemical-Plant-Inspector/workspace_auro/install/NavigationAndPlanning/lib/python3.10/site-packages/NavigationAndPlanning.egg-link (link to .)
[1.240s] Invoked command in '/home/zain13/Desktop/Chemical-Plant-Inspector/workspace_auro/build/NavigationAndPlanning' returned '0': PYTHONPATH=/home/zain13/Desktop/Chemical-Plant-Inspector/workspace_auro/build/NavigationAndPlanning/prefix_override:/home/zain13/Desktop/Chemical-Plant-Inspector/workspace_auro/install/NavigationAndPlanning/lib/python3.10/site-packages:${PYTHONPATH} /usr/bin/python3 -W ignore:setup.py install is deprecated setup.py develop --uninstall --editable --build-directory /home/zain13/Desktop/Chemical-Plant-Inspector/workspace_auro/build/NavigationAndPlanning/build
[1.241s] Invoking command in '/home/zain13/Desktop/Chemical-Plant-Inspector/workspace_auro/src/NavigationAndPlanning': PYTHONPATH=/home/zain13/Desktop/Chemical-Plant-Inspector/workspace_auro/build/NavigationAndPlanning/prefix_override:/home/zain13/Desktop/Chemical-Plant-Inspector/workspace_auro/install/NavigationAndPlanning/lib/python3.10/site-packages:${PYTHONPATH} /usr/bin/python3 -W ignore:setup.py install is deprecated setup.py egg_info --egg-base ../../build/NavigationAndPlanning build --build-base /home/zain13/Desktop/Chemical-Plant-Inspector/workspace_auro/build/NavigationAndPlanning/build install --record /home/zain13/Desktop/Chemical-Plant-Inspector/workspace_auro/build/NavigationAndPlanning/install.log --single-version-externally-managed install_data --force
[1.421s] running egg_info
[1.422s] writing ../../build/NavigationAndPlanning/NavigationAndPlanning.egg-info/PKG-INFO
[1.422s] writing dependency_links to ../../build/NavigationAndPlanning/NavigationAndPlanning.egg-info/dependency_links.txt
[1.422s] writing entry points to ../../build/NavigationAndPlanning/NavigationAndPlanning.egg-info/entry_points.txt
[1.422s] writing requirements to ../../build/NavigationAndPlanning/NavigationAndPlanning.egg-info/requires.txt
[1.423s] writing top-level names to ../../build/NavigationAndPlanning/NavigationAndPlanning.egg-info/top_level.txt
[1.424s] reading manifest file '../../build/NavigationAndPlanning/NavigationAndPlanning.egg-info/SOURCES.txt'
[1.424s] writing manifest file '../../build/NavigationAndPlanning/NavigationAndPlanning.egg-info/SOURCES.txt'
[1.425s] running build
[1.425s] running build_py
[1.425s] running install
[1.426s] running install_lib
[1.426s] creating /home/zain13/Desktop/Chemical-Plant-Inspector/workspace_auro/install/NavigationAndPlanning/lib/python3.10/site-packages/NavigationAndPlanning
[1.427s] copying /home/zain13/Desktop/Chemical-Plant-Inspector/workspace_auro/build/NavigationAndPlanning/build/lib/NavigationAndPlanning/mapping.py -> /home/zain13/Desktop/Chemical-Plant-Inspector/workspace_auro/install/NavigationAndPlanning/lib/python3.10/site-packages/NavigationAndPlanning
[1.427s] copying /home/zain13/Desktop/Chemical-Plant-Inspector/workspace_auro/build/NavigationAndPlanning/build/lib/NavigationAndPlanning/listener.py -> /home/zain13/Desktop/Chemical-Plant-Inspector/workspace_auro/install/NavigationAndPlanning/lib/python3.10/site-packages/NavigationAndPlanning
[1.427s] copying /home/zain13/Desktop/Chemical-Plant-Inspector/workspace_auro/build/NavigationAndPlanning/build/lib/NavigationAndPlanning/__init__.py -> /home/zain13/Desktop/Chemical-Plant-Inspector/workspace_auro/install/NavigationAndPlanning/lib/python3.10/site-packages/NavigationAndPlanning
[1.427s] copying /home/zain13/Desktop/Chemical-Plant-Inspector/workspace_auro/build/NavigationAndPlanning/build/lib/NavigationAndPlanning/control.py -> /home/zain13/Desktop/Chemical-Plant-Inspector/workspace_auro/install/NavigationAndPlanning/lib/python3.10/site-packages/NavigationAndPlanning
[1.427s] copying /home/zain13/Desktop/Chemical-Plant-Inspector/workspace_auro/build/NavigationAndPlanning/build/lib/NavigationAndPlanning/follow_waypoints.py -> /home/zain13/Desktop/Chemical-Plant-Inspector/workspace_auro/install/NavigationAndPlanning/lib/python3.10/site-packages/NavigationAndPlanning
[1.428s] byte-compiling /home/zain13/Desktop/Chemical-Plant-Inspector/workspace_auro/install/NavigationAndPlanning/lib/python3.10/site-packages/NavigationAndPlanning/mapping.py to mapping.cpython-310.pyc
[1.428s] byte-compiling /home/zain13/Desktop/Chemical-Plant-Inspector/workspace_auro/install/NavigationAndPlanning/lib/python3.10/site-packages/NavigationAndPlanning/listener.py to listener.cpython-310.pyc
[1.428s] byte-compiling /home/zain13/Desktop/Chemical-Plant-Inspector/workspace_auro/install/NavigationAndPlanning/lib/python3.10/site-packages/NavigationAndPlanning/__init__.py to __init__.cpython-310.pyc
[1.428s] byte-compiling /home/zain13/Desktop/Chemical-Plant-Inspector/workspace_auro/install/NavigationAndPlanning/lib/python3.10/site-packages/NavigationAndPlanning/control.py to control.cpython-310.pyc
[1.428s] byte-compiling /home/zain13/Desktop/Chemical-Plant-Inspector/workspace_auro/install/NavigationAndPlanning/lib/python3.10/site-packages/NavigationAndPlanning/follow_waypoints.py to follow_waypoints.cpython-310.pyc
[1.429s] running install_data
[1.429s] copying resource/NavigationAndPlanning -> /home/zain13/Desktop/Chemical-Plant-Inspector/workspace_auro/install/NavigationAndPlanning/share/ament_index/resource_index/packages
[1.429s] copying package.xml -> /home/zain13/Desktop/Chemical-Plant-Inspector/workspace_auro/install/NavigationAndPlanning/share/NavigationAndPlanning
[1.429s] running install_egg_info
[1.431s] Copying ../../build/NavigationAndPlanning/NavigationAndPlanning.egg-info to /home/zain13/Desktop/Chemical-Plant-Inspector/workspace_auro/install/NavigationAndPlanning/lib/python3.10/site-packages/NavigationAndPlanning-0.0.0-py3.10.egg-info
[1.431s] running install_scripts
[1.449s] writing list of installed files to '/home/zain13/Desktop/Chemical-Plant-Inspector/workspace_auro/build/NavigationAndPlanning/install.log'
[1.483s] Invoked command in '/home/zain13/Desktop/Chemical-Plant-Inspector/workspace_auro/src/NavigationAndPlanning' returned '0': PYTHONPATH=/home/zain13/Desktop/Chemical-Plant-Inspector/workspace_auro/build/NavigationAndPlanning/prefix_override:/home/zain13/Desktop/Chemical-Plant-Inspector/workspace_auro/install/NavigationAndPlanning/lib/python3.10/site-packages:${PYTHONPATH} /usr/bin/python3 -W ignore:setup.py install is deprecated setup.py egg_info --egg-base ../../build/NavigationAndPlanning build --build-base /home/zain13/Desktop/Chemical-Plant-Inspector/workspace_auro/build/NavigationAndPlanning/build install --record /home/zain13/Desktop/Chemical-Plant-Inspector/workspace_auro/build/NavigationAndPlanning/install.log --single-version-externally-managed install_data --force
