[0.825s] Invoking command in '/home/zain13/Desktop/Chemical-Plant-Inspector/workspace_auro/src/Interfaces': PYTHONPATH=/home/zain13/Desktop/Chemical-Plant-Inspector/workspace_auro/build/Interfaces/prefix_override:/home/zain13/Desktop/Chemical-Plant-Inspector/workspace_auro/install/Interfaces/lib/python3.10/site-packages:${PYTHONPATH} /usr/bin/python3 -W ignore:setup.py install is deprecated setup.py egg_info --egg-base ../../build/Interfaces build --build-base /home/zain13/Desktop/Chemical-Plant-Inspector/workspace_auro/build/Interfaces/build install --record /home/zain13/Desktop/Chemical-Plant-Inspector/workspace_auro/build/Interfaces/install.log --single-version-externally-managed install_data
[0.984s] running egg_info
[0.984s] writing ../../build/Interfaces/Interfaces.egg-info/PKG-INFO
[0.984s] writing dependency_links to ../../build/Interfaces/Interfaces.egg-info/dependency_links.txt
[0.984s] writing entry points to ../../build/Interfaces/Interfaces.egg-info/entry_points.txt
[0.984s] writing requirements to ../../build/Interfaces/Interfaces.egg-info/requires.txt
[0.984s] writing top-level names to ../../build/Interfaces/Interfaces.egg-info/top_level.txt
[0.986s] reading manifest file '../../build/Interfaces/Interfaces.egg-info/SOURCES.txt'
[0.986s] writing manifest file '../../build/Interfaces/Interfaces.egg-info/SOURCES.txt'
[0.986s] running build
[0.987s] running build_py
[0.987s] running install
[0.987s] running install_lib
[0.987s] running install_data
[0.988s] running install_egg_info
[0.989s] removing '/home/zain13/Desktop/Chemical-Plant-Inspector/workspace_auro/install/Interfaces/lib/python3.10/site-packages/Interfaces-0.0.0-py3.10.egg-info' (and everything under it)
[0.989s] Copying ../../build/Interfaces/Interfaces.egg-info to /home/zain13/Desktop/Chemical-Plant-Inspector/workspace_auro/install/Interfaces/lib/python3.10/site-packages/Interfaces-0.0.0-py3.10.egg-info
[0.989s] running install_scripts
[1.007s] writing list of installed files to '/home/zain13/Desktop/Chemical-Plant-Inspector/workspace_auro/build/Interfaces/install.log'
[1.043s] Invoked command in '/home/zain13/Desktop/Chemical-Plant-Inspector/workspace_auro/src/Interfaces' returned '0': PYTHONPATH=/home/zain13/Desktop/Chemical-Plant-Inspector/workspace_auro/build/Interfaces/prefix_override:/home/zain13/Desktop/Chemical-Plant-Inspector/workspace_auro/install/Interfaces/lib/python3.10/site-packages:${PYTHONPATH} /usr/bin/python3 -W ignore:setup.py install is deprecated setup.py egg_info --egg-base ../../build/Interfaces build --build-base /home/zain13/Desktop/Chemical-Plant-Inspector/workspace_auro/build/Interfaces/build install --record /home/zain13/Desktop/Chemical-Plant-Inspector/workspace_auro/build/Interfaces/install.log --single-version-externally-managed install_data
