[0.061s] DEBUG:colcon:Command line arguments: ['/usr/bin/colcon', 'build']
[0.061s] DEBUG:colcon:Parsed command line arguments: Namespace(log_base=None, log_level=None, verb_name='build', build_base='build', install_base='install', merge_install=False, symlink_install=False, test_result_base=None, continue_on_error=False, executor='parallel', parallel_workers=16, event_handlers=None, ignore_user_meta=False, metas=['./colcon.meta'], base_paths=['.'], packages_ignore=None, packages_ignore_regex=None, paths=None, packages_up_to=None, packages_up_to_regex=None, packages_above=None, packages_above_and_dependencies=None, packages_above_depth=None, packages_select_by_dep=None, packages_skip_by_dep=None, packages_skip_up_to=None, packages_select_build_failed=False, packages_skip_build_finished=False, packages_select_test_failures=False, packages_skip_test_passed=False, packages_select=None, packages_skip=None, packages_select_regex=None, packages_skip_regex=None, packages_start=None, packages_end=None, allow_overriding=[], cmake_args=None, cmake_target=None, cmake_target_skip_unavailable=False, cmake_clean_cache=False, cmake_clean_first=False, cmake_force_configure=False, ament_cmake_args=None, catkin_cmake_args=None, catkin_skip_building_tests=False, verb_parser=<colcon_defaults.argument_parser.defaults.DefaultArgumentsDecorator object at 0x75d2950f60e0>, verb_extension=<colcon_core.verb.build.BuildVerb object at 0x75d2950f5a20>, main=<bound method BuildVerb.main of <colcon_core.verb.build.BuildVerb object at 0x75d2950f5a20>>)
[0.160s] Level 1:colcon.colcon_core.package_discovery:discover_packages(colcon_meta) check parameters
[0.160s] Level 1:colcon.colcon_core.package_discovery:discover_packages(recursive) check parameters
[0.160s] Level 1:colcon.colcon_core.package_discovery:discover_packages(ignore) check parameters
[0.160s] Level 1:colcon.colcon_core.package_discovery:discover_packages(path) check parameters
[0.160s] Level 1:colcon.colcon_core.package_discovery:discover_packages(colcon_meta) discover
[0.160s] Level 1:colcon.colcon_core.package_discovery:discover_packages(recursive) discover
[0.160s] INFO:colcon.colcon_core.package_discovery:Crawling recursively for packages in '/home/zain13/Desktop/Chemical-Plant-Inspector/workspace_auro'
[0.161s] Level 1:colcon.colcon_core.package_identification:_identify(.) by extensions ['ignore', 'ignore_ament_install']
[0.161s] Level 1:colcon.colcon_core.package_identification:_identify(.) by extension 'ignore'
[0.161s] Level 1:colcon.colcon_core.package_identification:_identify(.) by extension 'ignore_ament_install'
[0.161s] Level 1:colcon.colcon_core.package_identification:_identify(.) by extensions ['colcon_pkg']
[0.161s] Level 1:colcon.colcon_core.package_identification:_identify(.) by extension 'colcon_pkg'
[0.161s] Level 1:colcon.colcon_core.package_identification:_identify(.) by extensions ['colcon_meta']
[0.161s] Level 1:colcon.colcon_core.package_identification:_identify(.) by extension 'colcon_meta'
[0.161s] Level 1:colcon.colcon_core.package_identification:_identify(.) by extensions ['ros']
[0.161s] Level 1:colcon.colcon_core.package_identification:_identify(.) by extension 'ros'
[0.171s] Level 1:colcon.colcon_core.package_identification:_identify(.) by extensions ['cmake', 'python']
[0.171s] Level 1:colcon.colcon_core.package_identification:_identify(.) by extension 'cmake'
[0.171s] Level 1:colcon.colcon_core.package_identification:_identify(.) by extension 'python'
[0.171s] Level 1:colcon.colcon_core.package_identification:_identify(.) by extensions ['python_setup_py']
[0.171s] Level 1:colcon.colcon_core.package_identification:_identify(.) by extension 'python_setup_py'
[0.171s] Level 1:colcon.colcon_core.package_identification:_identify(build) by extensions ['ignore', 'ignore_ament_install']
[0.171s] Level 1:colcon.colcon_core.package_identification:_identify(build) by extension 'ignore'
[0.171s] Level 1:colcon.colcon_core.package_identification:_identify(build) ignored
[0.171s] Level 1:colcon.colcon_core.package_identification:_identify(install) by extensions ['ignore', 'ignore_ament_install']
[0.171s] Level 1:colcon.colcon_core.package_identification:_identify(install) by extension 'ignore'
[0.171s] Level 1:colcon.colcon_core.package_identification:_identify(install) ignored
[0.171s] Level 1:colcon.colcon_core.package_identification:_identify(log) by extensions ['ignore', 'ignore_ament_install']
[0.171s] Level 1:colcon.colcon_core.package_identification:_identify(log) by extension 'ignore'
[0.171s] Level 1:colcon.colcon_core.package_identification:_identify(log) ignored
[0.171s] Level 1:colcon.colcon_core.package_identification:_identify(models) by extensions ['ignore', 'ignore_ament_install']
[0.171s] Level 1:colcon.colcon_core.package_identification:_identify(models) by extension 'ignore'
[0.171s] Level 1:colcon.colcon_core.package_identification:_identify(models) by extension 'ignore_ament_install'
[0.171s] Level 1:colcon.colcon_core.package_identification:_identify(models) by extensions ['colcon_pkg']
[0.171s] Level 1:colcon.colcon_core.package_identification:_identify(models) by extension 'colcon_pkg'
[0.171s] Level 1:colcon.colcon_core.package_identification:_identify(models) by extensions ['colcon_meta']
[0.171s] Level 1:colcon.colcon_core.package_identification:_identify(models) by extension 'colcon_meta'
[0.171s] Level 1:colcon.colcon_core.package_identification:_identify(models) by extensions ['ros']
[0.171s] Level 1:colcon.colcon_core.package_identification:_identify(models) by extension 'ros'
[0.171s] Level 1:colcon.colcon_core.package_identification:_identify(models) by extensions ['cmake', 'python']
[0.171s] Level 1:colcon.colcon_core.package_identification:_identify(models) by extension 'cmake'
[0.171s] Level 1:colcon.colcon_core.package_identification:_identify(models) by extension 'python'
[0.171s] Level 1:colcon.colcon_core.package_identification:_identify(models) by extensions ['python_setup_py']
[0.171s] Level 1:colcon.colcon_core.package_identification:_identify(models) by extension 'python_setup_py'
[0.171s] Level 1:colcon.colcon_core.package_identification:_identify(msg) by extensions ['ignore', 'ignore_ament_install']
[0.172s] Level 1:colcon.colcon_core.package_identification:_identify(msg) by extension 'ignore'
[0.172s] Level 1:colcon.colcon_core.package_identification:_identify(msg) by extension 'ignore_ament_install'
[0.172s] Level 1:colcon.colcon_core.package_identification:_identify(msg) by extensions ['colcon_pkg']
[0.172s] Level 1:colcon.colcon_core.package_identification:_identify(msg) by extension 'colcon_pkg'
[0.172s] Level 1:colcon.colcon_core.package_identification:_identify(msg) by extensions ['colcon_meta']
[0.172s] Level 1:colcon.colcon_core.package_identification:_identify(msg) by extension 'colcon_meta'
[0.172s] Level 1:colcon.colcon_core.package_identification:_identify(msg) by extensions ['ros']
[0.172s] Level 1:colcon.colcon_core.package_identification:_identify(msg) by extension 'ros'
[0.172s] Level 1:colcon.colcon_core.package_identification:_identify(msg) by extensions ['cmake', 'python']
[0.172s] Level 1:colcon.colcon_core.package_identification:_identify(msg) by extension 'cmake'
[0.172s] Level 1:colcon.colcon_core.package_identification:_identify(msg) by extension 'python'
[0.172s] Level 1:colcon.colcon_core.package_identification:_identify(msg) by extensions ['python_setup_py']
[0.172s] Level 1:colcon.colcon_core.package_identification:_identify(msg) by extension 'python_setup_py'
[0.172s] Level 1:colcon.colcon_core.package_identification:_identify(msg/build) by extensions ['ignore', 'ignore_ament_install']
[0.172s] Level 1:colcon.colcon_core.package_identification:_identify(msg/build) by extension 'ignore'
[0.172s] Level 1:colcon.colcon_core.package_identification:_identify(msg/build) ignored
[0.172s] Level 1:colcon.colcon_core.package_identification:_identify(msg/install) by extensions ['ignore', 'ignore_ament_install']
[0.172s] Level 1:colcon.colcon_core.package_identification:_identify(msg/install) by extension 'ignore'
[0.172s] Level 1:colcon.colcon_core.package_identification:_identify(msg/install) ignored
[0.172s] Level 1:colcon.colcon_core.package_identification:_identify(msg/log) by extensions ['ignore', 'ignore_ament_install']
[0.172s] Level 1:colcon.colcon_core.package_identification:_identify(msg/log) by extension 'ignore'
[0.172s] Level 1:colcon.colcon_core.package_identification:_identify(msg/log) ignored
[0.172s] Level 1:colcon.colcon_core.package_identification:_identify(src) by extensions ['ignore', 'ignore_ament_install']
[0.172s] Level 1:colcon.colcon_core.package_identification:_identify(src) by extension 'ignore'
[0.172s] Level 1:colcon.colcon_core.package_identification:_identify(src) by extension 'ignore_ament_install'
[0.172s] Level 1:colcon.colcon_core.package_identification:_identify(src) by extensions ['colcon_pkg']
[0.172s] Level 1:colcon.colcon_core.package_identification:_identify(src) by extension 'colcon_pkg'
[0.172s] Level 1:colcon.colcon_core.package_identification:_identify(src) by extensions ['colcon_meta']
[0.172s] Level 1:colcon.colcon_core.package_identification:_identify(src) by extension 'colcon_meta'
[0.172s] Level 1:colcon.colcon_core.package_identification:_identify(src) by extensions ['ros']
[0.172s] Level 1:colcon.colcon_core.package_identification:_identify(src) by extension 'ros'
[0.172s] Level 1:colcon.colcon_core.package_identification:_identify(src) by extensions ['cmake', 'python']
[0.172s] Level 1:colcon.colcon_core.package_identification:_identify(src) by extension 'cmake'
[0.172s] Level 1:colcon.colcon_core.package_identification:_identify(src) by extension 'python'
[0.172s] Level 1:colcon.colcon_core.package_identification:_identify(src) by extensions ['python_setup_py']
[0.172s] Level 1:colcon.colcon_core.package_identification:_identify(src) by extension 'python_setup_py'
[0.172s] Level 1:colcon.colcon_core.package_identification:_identify(src/Interfaces) by extensions ['ignore', 'ignore_ament_install']
[0.172s] Level 1:colcon.colcon_core.package_identification:_identify(src/Interfaces) by extension 'ignore'
[0.172s] Level 1:colcon.colcon_core.package_identification:_identify(src/Interfaces) by extension 'ignore_ament_install'
[0.172s] Level 1:colcon.colcon_core.package_identification:_identify(src/Interfaces) by extensions ['colcon_pkg']
[0.172s] Level 1:colcon.colcon_core.package_identification:_identify(src/Interfaces) by extension 'colcon_pkg'
[0.172s] Level 1:colcon.colcon_core.package_identification:_identify(src/Interfaces) by extensions ['colcon_meta']
[0.172s] Level 1:colcon.colcon_core.package_identification:_identify(src/Interfaces) by extension 'colcon_meta'
[0.172s] Level 1:colcon.colcon_core.package_identification:_identify(src/Interfaces) by extensions ['ros']
[0.172s] Level 1:colcon.colcon_core.package_identification:_identify(src/Interfaces) by extension 'ros'
[0.174s] DEBUG:colcon.colcon_core.package_identification:Package 'src/Interfaces' with type 'ros.ament_python' and name 'Interfaces'
[0.174s] Level 1:colcon.colcon_core.package_identification:_identify(src/Localisation) by extensions ['ignore', 'ignore_ament_install']
[0.174s] Level 1:colcon.colcon_core.package_identification:_identify(src/Localisation) by extension 'ignore'
[0.174s] Level 1:colcon.colcon_core.package_identification:_identify(src/Localisation) by extension 'ignore_ament_install'
[0.174s] Level 1:colcon.colcon_core.package_identification:_identify(src/Localisation) by extensions ['colcon_pkg']
[0.174s] Level 1:colcon.colcon_core.package_identification:_identify(src/Localisation) by extension 'colcon_pkg'
[0.174s] Level 1:colcon.colcon_core.package_identification:_identify(src/Localisation) by extensions ['colcon_meta']
[0.174s] Level 1:colcon.colcon_core.package_identification:_identify(src/Localisation) by extension 'colcon_meta'
[0.174s] Level 1:colcon.colcon_core.package_identification:_identify(src/Localisation) by extensions ['ros']
[0.174s] Level 1:colcon.colcon_core.package_identification:_identify(src/Localisation) by extension 'ros'
[0.174s] DEBUG:colcon.colcon_core.package_identification:Package 'src/Localisation' with type 'ros.ament_python' and name 'Localisation'
[0.174s] Level 1:colcon.colcon_core.package_identification:_identify(src/NavigationAndPlanning) by extensions ['ignore', 'ignore_ament_install']
[0.174s] Level 1:colcon.colcon_core.package_identification:_identify(src/NavigationAndPlanning) by extension 'ignore'
[0.174s] Level 1:colcon.colcon_core.package_identification:_identify(src/NavigationAndPlanning) by extension 'ignore_ament_install'
[0.174s] Level 1:colcon.colcon_core.package_identification:_identify(src/NavigationAndPlanning) by extensions ['colcon_pkg']
[0.174s] Level 1:colcon.colcon_core.package_identification:_identify(src/NavigationAndPlanning) by extension 'colcon_pkg'
[0.174s] Level 1:colcon.colcon_core.package_identification:_identify(src/NavigationAndPlanning) by extensions ['colcon_meta']
[0.174s] Level 1:colcon.colcon_core.package_identification:_identify(src/NavigationAndPlanning) by extension 'colcon_meta'
[0.174s] Level 1:colcon.colcon_core.package_identification:_identify(src/NavigationAndPlanning) by extensions ['ros']
[0.174s] Level 1:colcon.colcon_core.package_identification:_identify(src/NavigationAndPlanning) by extension 'ros'
[0.175s] DEBUG:colcon.colcon_core.package_identification:Package 'src/NavigationAndPlanning' with type 'ros.ament_python' and name 'NavigationAndPlanning'
[0.175s] Level 1:colcon.colcon_core.package_identification:_identify(src/Perception) by extensions ['ignore', 'ignore_ament_install']
[0.175s] Level 1:colcon.colcon_core.package_identification:_identify(src/Perception) by extension 'ignore'
[0.175s] Level 1:colcon.colcon_core.package_identification:_identify(src/Perception) by extension 'ignore_ament_install'
[0.175s] Level 1:colcon.colcon_core.package_identification:_identify(src/Perception) by extensions ['colcon_pkg']
[0.175s] Level 1:colcon.colcon_core.package_identification:_identify(src/Perception) by extension 'colcon_pkg'
[0.175s] Level 1:colcon.colcon_core.package_identification:_identify(src/Perception) by extensions ['colcon_meta']
[0.175s] Level 1:colcon.colcon_core.package_identification:_identify(src/Perception) by extension 'colcon_meta'
[0.175s] Level 1:colcon.colcon_core.package_identification:_identify(src/Perception) by extensions ['ros']
[0.175s] Level 1:colcon.colcon_core.package_identification:_identify(src/Perception) by extension 'ros'
[0.175s] DEBUG:colcon.colcon_core.package_identification:Package 'src/Perception' with type 'ros.ament_python' and name 'Perception'
[0.175s] Level 1:colcon.colcon_core.package_discovery:discover_packages(recursive) using defaults
[0.175s] Level 1:colcon.colcon_core.package_discovery:discover_packages(ignore) discover
[0.175s] Level 1:colcon.colcon_core.package_discovery:discover_packages(ignore) using defaults
[0.175s] Level 1:colcon.colcon_core.package_discovery:discover_packages(path) discover
[0.175s] Level 1:colcon.colcon_core.package_discovery:discover_packages(path) using defaults
[0.192s] Level 1:colcon.colcon_core.package_discovery:discover_packages(prefix_path) check parameters
[0.192s] Level 1:colcon.colcon_core.package_discovery:discover_packages(prefix_path) discover
[0.193s] DEBUG:colcon.colcon_installed_package_information.package_discovery:Found 4 installed packages in /home/zain13/Desktop/Chemical-Plant-Inspector/workspace_auro/install
[0.193s] DEBUG:colcon.colcon_installed_package_information.package_discovery:Found 3 installed packages in /home/zain13/ros2_ws/install
[0.194s] DEBUG:colcon.colcon_installed_package_information.package_discovery:Found 293 installed packages in /opt/ros/humble
[0.195s] Level 1:colcon.colcon_core.package_discovery:discover_packages(prefix_path) using defaults
[0.238s] Level 5:colcon.colcon_core.verb:set package 'Interfaces' build argument 'cmake_args' from command line to 'None'
[0.238s] Level 5:colcon.colcon_core.verb:set package 'Interfaces' build argument 'cmake_target' from command line to 'None'
[0.238s] Level 5:colcon.colcon_core.verb:set package 'Interfaces' build argument 'cmake_target_skip_unavailable' from command line to 'False'
[0.238s] Level 5:colcon.colcon_core.verb:set package 'Interfaces' build argument 'cmake_clean_cache' from command line to 'False'
[0.238s] Level 5:colcon.colcon_core.verb:set package 'Interfaces' build argument 'cmake_clean_first' from command line to 'False'
[0.238s] Level 5:colcon.colcon_core.verb:set package 'Interfaces' build argument 'cmake_force_configure' from command line to 'False'
[0.238s] Level 5:colcon.colcon_core.verb:set package 'Interfaces' build argument 'ament_cmake_args' from command line to 'None'
[0.238s] Level 5:colcon.colcon_core.verb:set package 'Interfaces' build argument 'catkin_cmake_args' from command line to 'None'
[0.238s] Level 5:colcon.colcon_core.verb:set package 'Interfaces' build argument 'catkin_skip_building_tests' from command line to 'False'
[0.238s] DEBUG:colcon.colcon_core.verb:Building package 'Interfaces' with the following arguments: {'ament_cmake_args': None, 'build_base': '/home/zain13/Desktop/Chemical-Plant-Inspector/workspace_auro/build/Interfaces', 'catkin_cmake_args': None, 'catkin_skip_building_tests': False, 'cmake_args': None, 'cmake_clean_cache': False, 'cmake_clean_first': False, 'cmake_force_configure': False, 'cmake_target': None, 'cmake_target_skip_unavailable': False, 'install_base': '/home/zain13/Desktop/Chemical-Plant-Inspector/workspace_auro/install/Interfaces', 'merge_install': False, 'path': '/home/zain13/Desktop/Chemical-Plant-Inspector/workspace_auro/src/Interfaces', 'symlink_install': False, 'test_result_base': None}
[0.238s] Level 5:colcon.colcon_core.verb:set package 'Localisation' build argument 'cmake_args' from command line to 'None'
[0.238s] Level 5:colcon.colcon_core.verb:set package 'Localisation' build argument 'cmake_target' from command line to 'None'
[0.238s] Level 5:colcon.colcon_core.verb:set package 'Localisation' build argument 'cmake_target_skip_unavailable' from command line to 'False'
[0.238s] Level 5:colcon.colcon_core.verb:set package 'Localisation' build argument 'cmake_clean_cache' from command line to 'False'
[0.238s] Level 5:colcon.colcon_core.verb:set package 'Localisation' build argument 'cmake_clean_first' from command line to 'False'
[0.238s] Level 5:colcon.colcon_core.verb:set package 'Localisation' build argument 'cmake_force_configure' from command line to 'False'
[0.238s] Level 5:colcon.colcon_core.verb:set package 'Localisation' build argument 'ament_cmake_args' from command line to 'None'
[0.238s] Level 5:colcon.colcon_core.verb:set package 'Localisation' build argument 'catkin_cmake_args' from command line to 'None'
[0.238s] Level 5:colcon.colcon_core.verb:set package 'Localisation' build argument 'catkin_skip_building_tests' from command line to 'False'
[0.239s] DEBUG:colcon.colcon_core.verb:Building package 'Localisation' with the following arguments: {'ament_cmake_args': None, 'build_base': '/home/zain13/Desktop/Chemical-Plant-Inspector/workspace_auro/build/Localisation', 'catkin_cmake_args': None, 'catkin_skip_building_tests': False, 'cmake_args': None, 'cmake_clean_cache': False, 'cmake_clean_first': False, 'cmake_force_configure': False, 'cmake_target': None, 'cmake_target_skip_unavailable': False, 'install_base': '/home/zain13/Desktop/Chemical-Plant-Inspector/workspace_auro/install/Localisation', 'merge_install': False, 'path': '/home/zain13/Desktop/Chemical-Plant-Inspector/workspace_auro/src/Localisation', 'symlink_install': False, 'test_result_base': None}
[0.239s] Level 5:colcon.colcon_core.verb:set package 'NavigationAndPlanning' build argument 'cmake_args' from command line to 'None'
[0.239s] Level 5:colcon.colcon_core.verb:set package 'NavigationAndPlanning' build argument 'cmake_target' from command line to 'None'
[0.239s] Level 5:colcon.colcon_core.verb:set package 'NavigationAndPlanning' build argument 'cmake_target_skip_unavailable' from command line to 'False'
[0.239s] Level 5:colcon.colcon_core.verb:set package 'NavigationAndPlanning' build argument 'cmake_clean_cache' from command line to 'False'
[0.239s] Level 5:colcon.colcon_core.verb:set package 'NavigationAndPlanning' build argument 'cmake_clean_first' from command line to 'False'
[0.239s] Level 5:colcon.colcon_core.verb:set package 'NavigationAndPlanning' build argument 'cmake_force_configure' from command line to 'False'
[0.239s] Level 5:colcon.colcon_core.verb:set package 'NavigationAndPlanning' build argument 'ament_cmake_args' from command line to 'None'
[0.239s] Level 5:colcon.colcon_core.verb:set package 'NavigationAndPlanning' build argument 'catkin_cmake_args' from command line to 'None'
[0.239s] Level 5:colcon.colcon_core.verb:set package 'NavigationAndPlanning' build argument 'catkin_skip_building_tests' from command line to 'False'
[0.239s] DEBUG:colcon.colcon_core.verb:Building package 'NavigationAndPlanning' with the following arguments: {'ament_cmake_args': None, 'build_base': '/home/zain13/Desktop/Chemical-Plant-Inspector/workspace_auro/build/NavigationAndPlanning', 'catkin_cmake_args': None, 'catkin_skip_building_tests': False, 'cmake_args': None, 'cmake_clean_cache': False, 'cmake_clean_first': False, 'cmake_force_configure': False, 'cmake_target': None, 'cmake_target_skip_unavailable': False, 'install_base': '/home/zain13/Desktop/Chemical-Plant-Inspector/workspace_auro/install/NavigationAndPlanning', 'merge_install': False, 'path': '/home/zain13/Desktop/Chemical-Plant-Inspector/workspace_auro/src/NavigationAndPlanning', 'symlink_install': False, 'test_result_base': None}
[0.239s] Level 5:colcon.colcon_core.verb:set package 'Perception' build argument 'cmake_args' from command line to 'None'
[0.239s] Level 5:colcon.colcon_core.verb:set package 'Perception' build argument 'cmake_target' from command line to 'None'
[0.239s] Level 5:colcon.colcon_core.verb:set package 'Perception' build argument 'cmake_target_skip_unavailable' from command line to 'False'
[0.239s] Level 5:colcon.colcon_core.verb:set package 'Perception' build argument 'cmake_clean_cache' from command line to 'False'
[0.239s] Level 5:colcon.colcon_core.verb:set package 'Perception' build argument 'cmake_clean_first' from command line to 'False'
[0.239s] Level 5:colcon.colcon_core.verb:set package 'Perception' build argument 'cmake_force_configure' from command line to 'False'
[0.239s] Level 5:colcon.colcon_core.verb:set package 'Perception' build argument 'ament_cmake_args' from command line to 'None'
[0.239s] Level 5:colcon.colcon_core.verb:set package 'Perception' build argument 'catkin_cmake_args' from command line to 'None'
[0.239s] Level 5:colcon.colcon_core.verb:set package 'Perception' build argument 'catkin_skip_building_tests' from command line to 'False'
[0.239s] DEBUG:colcon.colcon_core.verb:Building package 'Perception' with the following arguments: {'ament_cmake_args': None, 'build_base': '/home/zain13/Desktop/Chemical-Plant-Inspector/workspace_auro/build/Perception', 'catkin_cmake_args': None, 'catkin_skip_building_tests': False, 'cmake_args': None, 'cmake_clean_cache': False, 'cmake_clean_first': False, 'cmake_force_configure': False, 'cmake_target': None, 'cmake_target_skip_unavailable': False, 'install_base': '/home/zain13/Desktop/Chemical-Plant-Inspector/workspace_auro/install/Perception', 'merge_install': False, 'path': '/home/zain13/Desktop/Chemical-Plant-Inspector/workspace_auro/src/Perception', 'symlink_install': False, 'test_result_base': None}
[0.239s] INFO:colcon.colcon_core.executor:Executing jobs using 'parallel' executor
[0.240s] DEBUG:colcon.colcon_parallel_executor.executor.parallel:run_until_complete
[0.240s] INFO:colcon.colcon_ros.task.ament_python.build:Building ROS package in '/home/zain13/Desktop/Chemical-Plant-Inspector/workspace_auro/src/Interfaces' with build type 'ament_python'
[0.240s] Level 1:colcon.colcon_core.shell:create_environment_hook('Interfaces', 'ament_prefix_path')
[0.241s] INFO:colcon.colcon_core.plugin_system:Skipping extension 'colcon_core.shell.bat': Not used on non-Windows systems
[0.241s] INFO:colcon.colcon_core.shell:Creating environment hook '/home/zain13/Desktop/Chemical-Plant-Inspector/workspace_auro/install/Interfaces/share/Interfaces/hook/ament_prefix_path.ps1'
[0.242s] INFO:colcon.colcon_core.shell:Creating environment descriptor '/home/zain13/Desktop/Chemical-Plant-Inspector/workspace_auro/install/Interfaces/share/Interfaces/hook/ament_prefix_path.dsv'
[0.242s] INFO:colcon.colcon_core.shell:Creating environment hook '/home/zain13/Desktop/Chemical-Plant-Inspector/workspace_auro/install/Interfaces/share/Interfaces/hook/ament_prefix_path.sh'
[0.242s] INFO:colcon.colcon_core.shell:Skip shell extension 'powershell' for command environment: Not usable outside of PowerShell
[0.242s] DEBUG:colcon.colcon_core.shell:Skip shell extension 'dsv' for command environment
[0.244s] INFO:colcon.colcon_ros.task.ament_python.build:Building ROS package in '/home/zain13/Desktop/Chemical-Plant-Inspector/workspace_auro/src/Localisation' with build type 'ament_python'
[0.244s] Level 1:colcon.colcon_core.shell:create_environment_hook('Localisation', 'ament_prefix_path')
[0.244s] INFO:colcon.colcon_core.shell:Creating environment hook '/home/zain13/Desktop/Chemical-Plant-Inspector/workspace_auro/install/Localisation/share/Localisation/hook/ament_prefix_path.ps1'
[0.244s] INFO:colcon.colcon_core.shell:Creating environment descriptor '/home/zain13/Desktop/Chemical-Plant-Inspector/workspace_auro/install/Localisation/share/Localisation/hook/ament_prefix_path.dsv'
[0.245s] INFO:colcon.colcon_core.shell:Creating environment hook '/home/zain13/Desktop/Chemical-Plant-Inspector/workspace_auro/install/Localisation/share/Localisation/hook/ament_prefix_path.sh'
[0.245s] INFO:colcon.colcon_core.shell:Skip shell extension 'powershell' for command environment: Not usable outside of PowerShell
[0.245s] DEBUG:colcon.colcon_core.shell:Skip shell extension 'dsv' for command environment
[0.247s] INFO:colcon.colcon_ros.task.ament_python.build:Building ROS package in '/home/zain13/Desktop/Chemical-Plant-Inspector/workspace_auro/src/NavigationAndPlanning' with build type 'ament_python'
[0.247s] Level 1:colcon.colcon_core.shell:create_environment_hook('NavigationAndPlanning', 'ament_prefix_path')
[0.247s] INFO:colcon.colcon_core.shell:Creating environment hook '/home/zain13/Desktop/Chemical-Plant-Inspector/workspace_auro/install/NavigationAndPlanning/share/NavigationAndPlanning/hook/ament_prefix_path.ps1'
[0.247s] INFO:colcon.colcon_core.shell:Creating environment descriptor '/home/zain13/Desktop/Chemical-Plant-Inspector/workspace_auro/install/NavigationAndPlanning/share/NavigationAndPlanning/hook/ament_prefix_path.dsv'
[0.247s] INFO:colcon.colcon_core.shell:Creating environment hook '/home/zain13/Desktop/Chemical-Plant-Inspector/workspace_auro/install/NavigationAndPlanning/share/NavigationAndPlanning/hook/ament_prefix_path.sh'
[0.248s] INFO:colcon.colcon_core.shell:Skip shell extension 'powershell' for command environment: Not usable outside of PowerShell
[0.248s] DEBUG:colcon.colcon_core.shell:Skip shell extension 'dsv' for command environment
[0.249s] INFO:colcon.colcon_ros.task.ament_python.build:Building ROS package in '/home/zain13/Desktop/Chemical-Plant-Inspector/workspace_auro/src/Perception' with build type 'ament_python'
[0.250s] Level 1:colcon.colcon_core.shell:create_environment_hook('Perception', 'ament_prefix_path')
[0.250s] INFO:colcon.colcon_core.shell:Creating environment hook '/home/zain13/Desktop/Chemical-Plant-Inspector/workspace_auro/install/Perception/share/Perception/hook/ament_prefix_path.ps1'
[0.250s] INFO:colcon.colcon_core.shell:Creating environment descriptor '/home/zain13/Desktop/Chemical-Plant-Inspector/workspace_auro/install/Perception/share/Perception/hook/ament_prefix_path.dsv'
[0.250s] INFO:colcon.colcon_core.shell:Creating environment hook '/home/zain13/Desktop/Chemical-Plant-Inspector/workspace_auro/install/Perception/share/Perception/hook/ament_prefix_path.sh'
[0.250s] INFO:colcon.colcon_core.shell:Skip shell extension 'powershell' for command environment: Not usable outside of PowerShell
[0.250s] DEBUG:colcon.colcon_core.shell:Skip shell extension 'dsv' for command environment
[0.406s] INFO:colcon.colcon_core.task.python.build:Building Python package in '/home/zain13/Desktop/Chemical-Plant-Inspector/workspace_auro/src/Interfaces'
[0.407s] INFO:colcon.colcon_core.shell:Skip shell extension 'powershell' for command environment: Not usable outside of PowerShell
[0.407s] DEBUG:colcon.colcon_core.shell:Skip shell extension 'dsv' for command environment
[0.558s] INFO:colcon.colcon_core.task.python.build:Building Python package in '/home/zain13/Desktop/Chemical-Plant-Inspector/workspace_auro/src/Localisation'
[0.558s] INFO:colcon.colcon_core.shell:Skip shell extension 'powershell' for command environment: Not usable outside of PowerShell
[0.558s] DEBUG:colcon.colcon_core.shell:Skip shell extension 'dsv' for command environment
[0.720s] INFO:colcon.colcon_core.task.python.build:Building Python package in '/home/zain13/Desktop/Chemical-Plant-Inspector/workspace_auro/src/NavigationAndPlanning'
[0.720s] INFO:colcon.colcon_core.shell:Skip shell extension 'powershell' for command environment: Not usable outside of PowerShell
[0.720s] DEBUG:colcon.colcon_core.shell:Skip shell extension 'dsv' for command environment
[0.874s] INFO:colcon.colcon_core.task.python.build:Building Python package in '/home/zain13/Desktop/Chemical-Plant-Inspector/workspace_auro/src/Perception'
[0.874s] INFO:colcon.colcon_core.shell:Skip shell extension 'powershell' for command environment: Not usable outside of PowerShell
[0.874s] DEBUG:colcon.colcon_core.shell:Skip shell extension 'dsv' for command environment
[1.163s] DEBUG:colcon.colcon_core.event_handler.log_command:Invoking command in '/home/zain13/Desktop/Chemical-Plant-Inspector/workspace_auro/src/Interfaces': PYTHONPATH=/home/zain13/Desktop/Chemical-Plant-Inspector/workspace_auro/build/Interfaces/prefix_override:/home/zain13/Desktop/Chemical-Plant-Inspector/workspace_auro/install/Interfaces/lib/python3.10/site-packages:${PYTHONPATH} /usr/bin/python3 -W ignore:setup.py install is deprecated setup.py egg_info --egg-base ../../build/Interfaces build --build-base /home/zain13/Desktop/Chemical-Plant-Inspector/workspace_auro/build/Interfaces/build install --record /home/zain13/Desktop/Chemical-Plant-Inspector/workspace_auro/build/Interfaces/install.log --single-version-externally-managed install_data
[1.167s] DEBUG:colcon.colcon_core.event_handler.log_command:Invoking command in '/home/zain13/Desktop/Chemical-Plant-Inspector/workspace_auro/src/NavigationAndPlanning': PYTHONPATH=/home/zain13/Desktop/Chemical-Plant-Inspector/workspace_auro/build/NavigationAndPlanning/prefix_override:/home/zain13/Desktop/Chemical-Plant-Inspector/workspace_auro/install/NavigationAndPlanning/lib/python3.10/site-packages:${PYTHONPATH} /usr/bin/python3 -W ignore:setup.py install is deprecated setup.py egg_info --egg-base ../../build/NavigationAndPlanning build --build-base /home/zain13/Desktop/Chemical-Plant-Inspector/workspace_auro/build/NavigationAndPlanning/build install --record /home/zain13/Desktop/Chemical-Plant-Inspector/workspace_auro/build/NavigationAndPlanning/install.log --single-version-externally-managed install_data
[1.168s] DEBUG:colcon.colcon_core.event_handler.log_command:Invoking command in '/home/zain13/Desktop/Chemical-Plant-Inspector/workspace_auro/src/Localisation': PYTHONPATH=/home/zain13/Desktop/Chemical-Plant-Inspector/workspace_auro/build/Localisation/prefix_override:/home/zain13/Desktop/Chemical-Plant-Inspector/workspace_auro/install/Localisation/lib/python3.10/site-packages:${PYTHONPATH} /usr/bin/python3 -W ignore:setup.py install is deprecated setup.py egg_info --egg-base ../../build/Localisation build --build-base /home/zain13/Desktop/Chemical-Plant-Inspector/workspace_auro/build/Localisation/build install --record /home/zain13/Desktop/Chemical-Plant-Inspector/workspace_auro/build/Localisation/install.log --single-version-externally-managed install_data
[1.169s] DEBUG:colcon.colcon_core.event_handler.log_command:Invoking command in '/home/zain13/Desktop/Chemical-Plant-Inspector/workspace_auro/src/Perception': PYTHONPATH=/home/zain13/Desktop/Chemical-Plant-Inspector/workspace_auro/build/Perception/prefix_override:/home/zain13/Desktop/Chemical-Plant-Inspector/workspace_auro/install/Perception/lib/python3.10/site-packages:${PYTHONPATH} /usr/bin/python3 -W ignore:setup.py install is deprecated setup.py egg_info --egg-base ../../build/Perception build --build-base /home/zain13/Desktop/Chemical-Plant-Inspector/workspace_auro/build/Perception/build install --record /home/zain13/Desktop/Chemical-Plant-Inspector/workspace_auro/build/Perception/install.log --single-version-externally-managed install_data
[1.431s] DEBUG:colcon.colcon_core.event_handler.log_command:Invoked command in '/home/zain13/Desktop/Chemical-Plant-Inspector/workspace_auro/src/NavigationAndPlanning' returned '0': PYTHONPATH=/home/zain13/Desktop/Chemical-Plant-Inspector/workspace_auro/build/NavigationAndPlanning/prefix_override:/home/zain13/Desktop/Chemical-Plant-Inspector/workspace_auro/install/NavigationAndPlanning/lib/python3.10/site-packages:${PYTHONPATH} /usr/bin/python3 -W ignore:setup.py install is deprecated setup.py egg_info --egg-base ../../build/NavigationAndPlanning build --build-base /home/zain13/Desktop/Chemical-Plant-Inspector/workspace_auro/build/NavigationAndPlanning/build install --record /home/zain13/Desktop/Chemical-Plant-Inspector/workspace_auro/build/NavigationAndPlanning/install.log --single-version-externally-managed install_data
[1.433s] Level 1:colcon.colcon_core.environment:checking '/home/zain13/Desktop/Chemical-Plant-Inspector/workspace_auro/install/NavigationAndPlanning' for CMake module files
[1.433s] Level 1:colcon.colcon_core.environment:checking '/home/zain13/Desktop/Chemical-Plant-Inspector/workspace_auro/install/NavigationAndPlanning' for CMake config files
[1.434s] Level 1:colcon.colcon_core.environment:checking '/home/zain13/Desktop/Chemical-Plant-Inspector/workspace_auro/install/NavigationAndPlanning/lib'
[1.434s] Level 1:colcon.colcon_core.environment:checking '/home/zain13/Desktop/Chemical-Plant-Inspector/workspace_auro/install/NavigationAndPlanning/bin'
[1.434s] Level 1:colcon.colcon_core.environment:checking '/home/zain13/Desktop/Chemical-Plant-Inspector/workspace_auro/install/NavigationAndPlanning/lib/pkgconfig/NavigationAndPlanning.pc'
[1.434s] Level 1:colcon.colcon_core.environment:checking '/home/zain13/Desktop/Chemical-Plant-Inspector/workspace_auro/install/NavigationAndPlanning/lib/python3.10/site-packages'
[1.434s] Level 1:colcon.colcon_core.shell:create_environment_hook('NavigationAndPlanning', 'pythonpath')
[1.434s] INFO:colcon.colcon_core.shell:Creating environment hook '/home/zain13/Desktop/Chemical-Plant-Inspector/workspace_auro/install/NavigationAndPlanning/share/NavigationAndPlanning/hook/pythonpath.ps1'
[1.435s] INFO:colcon.colcon_core.shell:Creating environment descriptor '/home/zain13/Desktop/Chemical-Plant-Inspector/workspace_auro/install/NavigationAndPlanning/share/NavigationAndPlanning/hook/pythonpath.dsv'
[1.435s] INFO:colcon.colcon_core.shell:Creating environment hook '/home/zain13/Desktop/Chemical-Plant-Inspector/workspace_auro/install/NavigationAndPlanning/share/NavigationAndPlanning/hook/pythonpath.sh'
[1.435s] Level 1:colcon.colcon_core.environment:checking '/home/zain13/Desktop/Chemical-Plant-Inspector/workspace_auro/install/NavigationAndPlanning/bin'
[1.435s] Level 1:colcon.colcon_core.environment:create_environment_scripts_only(NavigationAndPlanning)
[1.435s] INFO:colcon.colcon_core.shell:Creating package script '/home/zain13/Desktop/Chemical-Plant-Inspector/workspace_auro/install/NavigationAndPlanning/share/NavigationAndPlanning/package.ps1'
[1.436s] INFO:colcon.colcon_core.shell:Creating package descriptor '/home/zain13/Desktop/Chemical-Plant-Inspector/workspace_auro/install/NavigationAndPlanning/share/NavigationAndPlanning/package.dsv'
[1.436s] INFO:colcon.colcon_core.shell:Creating package script '/home/zain13/Desktop/Chemical-Plant-Inspector/workspace_auro/install/NavigationAndPlanning/share/NavigationAndPlanning/package.sh'
[1.436s] INFO:colcon.colcon_core.shell:Creating package script '/home/zain13/Desktop/Chemical-Plant-Inspector/workspace_auro/install/NavigationAndPlanning/share/NavigationAndPlanning/package.bash'
[1.437s] INFO:colcon.colcon_core.shell:Creating package script '/home/zain13/Desktop/Chemical-Plant-Inspector/workspace_auro/install/NavigationAndPlanning/share/NavigationAndPlanning/package.zsh'
[1.437s] Level 1:colcon.colcon_core.environment:create_file_with_runtime_dependencies(/home/zain13/Desktop/Chemical-Plant-Inspector/workspace_auro/install/NavigationAndPlanning/share/colcon-core/packages/NavigationAndPlanning)
[1.438s] Level 1:colcon.colcon_core.environment:checking '/home/zain13/Desktop/Chemical-Plant-Inspector/workspace_auro/install/Localisation' for CMake module files
[1.439s] DEBUG:colcon.colcon_core.event_handler.log_command:Invoked command in '/home/zain13/Desktop/Chemical-Plant-Inspector/workspace_auro/src/Localisation' returned '0': PYTHONPATH=/home/zain13/Desktop/Chemical-Plant-Inspector/workspace_auro/build/Localisation/prefix_override:/home/zain13/Desktop/Chemical-Plant-Inspector/workspace_auro/install/Localisation/lib/python3.10/site-packages:${PYTHONPATH} /usr/bin/python3 -W ignore:setup.py install is deprecated setup.py egg_info --egg-base ../../build/Localisation build --build-base /home/zain13/Desktop/Chemical-Plant-Inspector/workspace_auro/build/Localisation/build install --record /home/zain13/Desktop/Chemical-Plant-Inspector/workspace_auro/build/Localisation/install.log --single-version-externally-managed install_data
[1.439s] Level 1:colcon.colcon_core.environment:checking '/home/zain13/Desktop/Chemical-Plant-Inspector/workspace_auro/install/Localisation' for CMake config files
[1.439s] Level 1:colcon.colcon_core.environment:checking '/home/zain13/Desktop/Chemical-Plant-Inspector/workspace_auro/install/Localisation/lib'
[1.439s] Level 1:colcon.colcon_core.environment:checking '/home/zain13/Desktop/Chemical-Plant-Inspector/workspace_auro/install/Localisation/bin'
[1.439s] Level 1:colcon.colcon_core.environment:checking '/home/zain13/Desktop/Chemical-Plant-Inspector/workspace_auro/install/Localisation/lib/pkgconfig/Localisation.pc'
[1.439s] Level 1:colcon.colcon_core.environment:checking '/home/zain13/Desktop/Chemical-Plant-Inspector/workspace_auro/install/Localisation/lib/python3.10/site-packages'
[1.439s] Level 1:colcon.colcon_core.shell:create_environment_hook('Localisation', 'pythonpath')
[1.439s] INFO:colcon.colcon_core.shell:Creating environment hook '/home/zain13/Desktop/Chemical-Plant-Inspector/workspace_auro/install/Localisation/share/Localisation/hook/pythonpath.ps1'
[1.440s] INFO:colcon.colcon_core.shell:Creating environment descriptor '/home/zain13/Desktop/Chemical-Plant-Inspector/workspace_auro/install/Localisation/share/Localisation/hook/pythonpath.dsv'
[1.440s] INFO:colcon.colcon_core.shell:Creating environment hook '/home/zain13/Desktop/Chemical-Plant-Inspector/workspace_auro/install/Localisation/share/Localisation/hook/pythonpath.sh'
[1.440s] Level 1:colcon.colcon_core.environment:checking '/home/zain13/Desktop/Chemical-Plant-Inspector/workspace_auro/install/Localisation/bin'
[1.440s] Level 1:colcon.colcon_core.environment:create_environment_scripts_only(Localisation)
[1.440s] INFO:colcon.colcon_core.shell:Creating package script '/home/zain13/Desktop/Chemical-Plant-Inspector/workspace_auro/install/Localisation/share/Localisation/package.ps1'
[1.441s] INFO:colcon.colcon_core.shell:Creating package descriptor '/home/zain13/Desktop/Chemical-Plant-Inspector/workspace_auro/install/Localisation/share/Localisation/package.dsv'
[1.441s] INFO:colcon.colcon_core.shell:Creating package script '/home/zain13/Desktop/Chemical-Plant-Inspector/workspace_auro/install/Localisation/share/Localisation/package.sh'
[1.441s] INFO:colcon.colcon_core.shell:Creating package script '/home/zain13/Desktop/Chemical-Plant-Inspector/workspace_auro/install/Localisation/share/Localisation/package.bash'
[1.441s] INFO:colcon.colcon_core.shell:Creating package script '/home/zain13/Desktop/Chemical-Plant-Inspector/workspace_auro/install/Localisation/share/Localisation/package.zsh'
[1.441s] Level 1:colcon.colcon_core.environment:create_file_with_runtime_dependencies(/home/zain13/Desktop/Chemical-Plant-Inspector/workspace_auro/install/Localisation/share/colcon-core/packages/Localisation)
[1.442s] Level 1:colcon.colcon_core.environment:checking '/home/zain13/Desktop/Chemical-Plant-Inspector/workspace_auro/install/Interfaces' for CMake module files
[1.442s] Level 1:colcon.colcon_core.environment:checking '/home/zain13/Desktop/Chemical-Plant-Inspector/workspace_auro/install/Interfaces' for CMake config files
[1.442s] DEBUG:colcon.colcon_core.event_handler.log_command:Invoked command in '/home/zain13/Desktop/Chemical-Plant-Inspector/workspace_auro/src/Interfaces' returned '0': PYTHONPATH=/home/zain13/Desktop/Chemical-Plant-Inspector/workspace_auro/build/Interfaces/prefix_override:/home/zain13/Desktop/Chemical-Plant-Inspector/workspace_auro/install/Interfaces/lib/python3.10/site-packages:${PYTHONPATH} /usr/bin/python3 -W ignore:setup.py install is deprecated setup.py egg_info --egg-base ../../build/Interfaces build --build-base /home/zain13/Desktop/Chemical-Plant-Inspector/workspace_auro/build/Interfaces/build install --record /home/zain13/Desktop/Chemical-Plant-Inspector/workspace_auro/build/Interfaces/install.log --single-version-externally-managed install_data
[1.443s] Level 1:colcon.colcon_core.environment:checking '/home/zain13/Desktop/Chemical-Plant-Inspector/workspace_auro/install/Interfaces/lib'
[1.443s] Level 1:colcon.colcon_core.environment:checking '/home/zain13/Desktop/Chemical-Plant-Inspector/workspace_auro/install/Interfaces/bin'
[1.443s] Level 1:colcon.colcon_core.environment:checking '/home/zain13/Desktop/Chemical-Plant-Inspector/workspace_auro/install/Interfaces/lib/pkgconfig/Interfaces.pc'
[1.443s] Level 1:colcon.colcon_core.environment:checking '/home/zain13/Desktop/Chemical-Plant-Inspector/workspace_auro/install/Interfaces/lib/python3.10/site-packages'
[1.443s] Level 1:colcon.colcon_core.shell:create_environment_hook('Interfaces', 'pythonpath')
[1.443s] INFO:colcon.colcon_core.shell:Creating environment hook '/home/zain13/Desktop/Chemical-Plant-Inspector/workspace_auro/install/Interfaces/share/Interfaces/hook/pythonpath.ps1'
[1.443s] INFO:colcon.colcon_core.shell:Creating environment descriptor '/home/zain13/Desktop/Chemical-Plant-Inspector/workspace_auro/install/Interfaces/share/Interfaces/hook/pythonpath.dsv'
[1.443s] INFO:colcon.colcon_core.shell:Creating environment hook '/home/zain13/Desktop/Chemical-Plant-Inspector/workspace_auro/install/Interfaces/share/Interfaces/hook/pythonpath.sh'
[1.444s] Level 1:colcon.colcon_core.environment:checking '/home/zain13/Desktop/Chemical-Plant-Inspector/workspace_auro/install/Interfaces/bin'
[1.444s] Level 1:colcon.colcon_core.environment:create_environment_scripts_only(Interfaces)
[1.444s] INFO:colcon.colcon_core.shell:Creating package script '/home/zain13/Desktop/Chemical-Plant-Inspector/workspace_auro/install/Interfaces/share/Interfaces/package.ps1'
[1.444s] INFO:colcon.colcon_core.shell:Creating package descriptor '/home/zain13/Desktop/Chemical-Plant-Inspector/workspace_auro/install/Interfaces/share/Interfaces/package.dsv'
[1.445s] INFO:colcon.colcon_core.shell:Creating package script '/home/zain13/Desktop/Chemical-Plant-Inspector/workspace_auro/install/Interfaces/share/Interfaces/package.sh'
[1.445s] INFO:colcon.colcon_core.shell:Creating package script '/home/zain13/Desktop/Chemical-Plant-Inspector/workspace_auro/install/Interfaces/share/Interfaces/package.bash'
[1.445s] INFO:colcon.colcon_core.shell:Creating package script '/home/zain13/Desktop/Chemical-Plant-Inspector/workspace_auro/install/Interfaces/share/Interfaces/package.zsh'
[1.445s] Level 1:colcon.colcon_core.environment:create_file_with_runtime_dependencies(/home/zain13/Desktop/Chemical-Plant-Inspector/workspace_auro/install/Interfaces/share/colcon-core/packages/Interfaces)
[1.448s] Level 1:colcon.colcon_core.environment:checking '/home/zain13/Desktop/Chemical-Plant-Inspector/workspace_auro/install/Perception' for CMake module files
[1.449s] DEBUG:colcon.colcon_core.event_handler.log_command:Invoked command in '/home/zain13/Desktop/Chemical-Plant-Inspector/workspace_auro/src/Perception' returned '0': PYTHONPATH=/home/zain13/Desktop/Chemical-Plant-Inspector/workspace_auro/build/Perception/prefix_override:/home/zain13/Desktop/Chemical-Plant-Inspector/workspace_auro/install/Perception/lib/python3.10/site-packages:${PYTHONPATH} /usr/bin/python3 -W ignore:setup.py install is deprecated setup.py egg_info --egg-base ../../build/Perception build --build-base /home/zain13/Desktop/Chemical-Plant-Inspector/workspace_auro/build/Perception/build install --record /home/zain13/Desktop/Chemical-Plant-Inspector/workspace_auro/build/Perception/install.log --single-version-externally-managed install_data
[1.449s] Level 1:colcon.colcon_core.environment:checking '/home/zain13/Desktop/Chemical-Plant-Inspector/workspace_auro/install/Perception' for CMake config files
[1.449s] Level 1:colcon.colcon_core.environment:checking '/home/zain13/Desktop/Chemical-Plant-Inspector/workspace_auro/install/Perception/lib'
[1.449s] Level 1:colcon.colcon_core.environment:checking '/home/zain13/Desktop/Chemical-Plant-Inspector/workspace_auro/install/Perception/bin'
[1.449s] Level 1:colcon.colcon_core.environment:checking '/home/zain13/Desktop/Chemical-Plant-Inspector/workspace_auro/install/Perception/lib/pkgconfig/Perception.pc'
[1.449s] Level 1:colcon.colcon_core.environment:checking '/home/zain13/Desktop/Chemical-Plant-Inspector/workspace_auro/install/Perception/lib/python3.10/site-packages'
[1.449s] Level 1:colcon.colcon_core.shell:create_environment_hook('Perception', 'pythonpath')
[1.450s] INFO:colcon.colcon_core.shell:Creating environment hook '/home/zain13/Desktop/Chemical-Plant-Inspector/workspace_auro/install/Perception/share/Perception/hook/pythonpath.ps1'
[1.450s] INFO:colcon.colcon_core.shell:Creating environment descriptor '/home/zain13/Desktop/Chemical-Plant-Inspector/workspace_auro/install/Perception/share/Perception/hook/pythonpath.dsv'
[1.450s] INFO:colcon.colcon_core.shell:Creating environment hook '/home/zain13/Desktop/Chemical-Plant-Inspector/workspace_auro/install/Perception/share/Perception/hook/pythonpath.sh'
[1.450s] Level 1:colcon.colcon_core.environment:checking '/home/zain13/Desktop/Chemical-Plant-Inspector/workspace_auro/install/Perception/bin'
[1.450s] Level 1:colcon.colcon_core.environment:create_environment_scripts_only(Perception)
[1.451s] INFO:colcon.colcon_core.shell:Creating package script '/home/zain13/Desktop/Chemical-Plant-Inspector/workspace_auro/install/Perception/share/Perception/package.ps1'
[1.451s] INFO:colcon.colcon_core.shell:Creating package descriptor '/home/zain13/Desktop/Chemical-Plant-Inspector/workspace_auro/install/Perception/share/Perception/package.dsv'
[1.451s] INFO:colcon.colcon_core.shell:Creating package script '/home/zain13/Desktop/Chemical-Plant-Inspector/workspace_auro/install/Perception/share/Perception/package.sh'
[1.451s] INFO:colcon.colcon_core.shell:Creating package script '/home/zain13/Desktop/Chemical-Plant-Inspector/workspace_auro/install/Perception/share/Perception/package.bash'
[1.451s] INFO:colcon.colcon_core.shell:Creating package script '/home/zain13/Desktop/Chemical-Plant-Inspector/workspace_auro/install/Perception/share/Perception/package.zsh'
[1.451s] Level 1:colcon.colcon_core.environment:create_file_with_runtime_dependencies(/home/zain13/Desktop/Chemical-Plant-Inspector/workspace_auro/install/Perception/share/colcon-core/packages/Perception)
[1.451s] DEBUG:colcon.colcon_parallel_executor.executor.parallel:closing loop
[1.452s] DEBUG:colcon.colcon_parallel_executor.executor.parallel:loop closed
[1.452s] DEBUG:colcon.colcon_parallel_executor.executor.parallel:run_until_complete finished with '0'
[1.452s] DEBUG:colcon.colcon_core.event_reactor:joining thread
[1.456s] INFO:colcon.colcon_core.plugin_system:Skipping extension 'colcon_notification.desktop_notification.terminal_notifier': Not used on non-Darwin systems
[1.456s] INFO:colcon.colcon_core.plugin_system:Skipping extension 'colcon_notification.desktop_notification.win32': Not used on non-Windows systems
[1.456s] INFO:colcon.colcon_notification.desktop_notification:Sending desktop notification using 'notify2'
[1.465s] DEBUG:colcon.colcon_core.event_reactor:joined thread
[1.465s] INFO:colcon.colcon_core.shell:Creating prefix script '/home/zain13/Desktop/Chemical-Plant-Inspector/workspace_auro/install/local_setup.ps1'
[1.465s] INFO:colcon.colcon_core.shell:Creating prefix util module '/home/zain13/Desktop/Chemical-Plant-Inspector/workspace_auro/install/_local_setup_util_ps1.py'
[1.466s] INFO:colcon.colcon_core.shell:Creating prefix chain script '/home/zain13/Desktop/Chemical-Plant-Inspector/workspace_auro/install/setup.ps1'
[1.467s] INFO:colcon.colcon_core.shell:Creating prefix script '/home/zain13/Desktop/Chemical-Plant-Inspector/workspace_auro/install/local_setup.sh'
[1.467s] INFO:colcon.colcon_core.shell:Creating prefix util module '/home/zain13/Desktop/Chemical-Plant-Inspector/workspace_auro/install/_local_setup_util_sh.py'
[1.468s] INFO:colcon.colcon_core.shell:Creating prefix chain script '/home/zain13/Desktop/Chemical-Plant-Inspector/workspace_auro/install/setup.sh'
[1.468s] INFO:colcon.colcon_core.shell:Creating prefix script '/home/zain13/Desktop/Chemical-Plant-Inspector/workspace_auro/install/local_setup.bash'
[1.469s] INFO:colcon.colcon_core.shell:Creating prefix chain script '/home/zain13/Desktop/Chemical-Plant-Inspector/workspace_auro/install/setup.bash'
[1.469s] INFO:colcon.colcon_core.shell:Creating prefix script '/home/zain13/Desktop/Chemical-Plant-Inspector/workspace_auro/install/local_setup.zsh'
[1.470s] INFO:colcon.colcon_core.shell:Creating prefix chain script '/home/zain13/Desktop/Chemical-Plant-Inspector/workspace_auro/install/setup.zsh'
