[0.009s] Invoking command in '/home/zain13/Desktop/Chemical-Plant-Inspector/SLAM/build/robot_description': CMAKE_PREFIX_PATH=${CMAKE_PREFIX_PATH}:/home/zain13/Desktop/Chemical-Plant-Inspector/SLAM/install/robot_patrol:/home/zain13/ros2_ws/install/my_robot_controller:/home/zain13/ros2_ws/install/hhw1_face_detection:/home/zain13/ros2_ws/install/arm_manipulator:/opt/ros/humble /usr/bin/cmake --build /home/zain13/Desktop/Chemical-Plant-Inspector/SLAM/build/robot_description -- -j16 -l16
[0.159s] Invoked command in '/home/zain13/Desktop/Chemical-Plant-Inspector/SLAM/build/robot_description' returned '0': CMAKE_PREFIX_PATH=${CMAKE_PREFIX_PATH}:/home/zain13/Desktop/Chemical-Plant-Inspector/SLAM/install/robot_patrol:/home/zain13/ros2_ws/install/my_robot_controller:/home/zain13/ros2_ws/install/hhw1_face_detection:/home/zain13/ros2_ws/install/arm_manipulator:/opt/ros/humble /usr/bin/cmake --build /home/zain13/Desktop/Chemical-Plant-Inspector/SLAM/build/robot_description -- -j16 -l16
[0.178s] Invoking command in '/home/zain13/Desktop/Chemical-Plant-Inspector/SLAM/build/robot_description': CMAKE_PREFIX_PATH=${CMAKE_PREFIX_PATH}:/home/zain13/Desktop/Chemical-Plant-Inspector/SLAM/install/robot_patrol:/home/zain13/ros2_ws/install/my_robot_controller:/home/zain13/ros2_ws/install/hhw1_face_detection:/home/zain13/ros2_ws/install/arm_manipulator:/opt/ros/humble /usr/bin/cmake --install /home/zain13/Desktop/Chemical-Plant-Inspector/SLAM/build/robot_description
[0.182s] -- Install configuration: ""
[0.182s] -- Up-to-date: /home/zain13/Desktop/Chemical-Plant-Inspector/SLAM/install/robot_description/share/robot_description/launch
[0.182s] -- Up-to-date: /home/zain13/Desktop/Chemical-Plant-Inspector/SLAM/install/robot_description/share/robot_description/launch/gazebo.launch.xml
[0.182s] -- Up-to-date: /home/zain13/Desktop/Chemical-Plant-Inspector/SLAM/install/robot_description/share/robot_description/launch/display.launch.xml
[0.182s] -- Up-to-date: /home/zain13/Desktop/Chemical-Plant-Inspector/SLAM/install/robot_description/share/robot_description/urdf
[0.182s] -- Up-to-date: /home/zain13/Desktop/Chemical-Plant-Inspector/SLAM/install/robot_description/share/robot_description/urdf/mobile_robot_base.xacro
[0.182s] -- Up-to-date: /home/zain13/Desktop/Chemical-Plant-Inspector/SLAM/install/robot_description/share/robot_description/urdf/mobile_robot.urdf.xacro
[0.182s] -- Up-to-date: /home/zain13/Desktop/Chemical-Plant-Inspector/SLAM/install/robot_description/share/robot_description/urdf/common_properties.xacro
[0.182s] -- Up-to-date: /home/zain13/Desktop/Chemical-Plant-Inspector/SLAM/install/robot_description/share/robot_description/urdf/camera.xacro
[0.182s] -- Up-to-date: /home/zain13/Desktop/Chemical-Plant-Inspector/SLAM/install/robot_description/share/robot_description/urdf/mobile_robot_gazebo.xacro
[0.183s] -- Up-to-date: /home/zain13/Desktop/Chemical-Plant-Inspector/SLAM/install/robot_description/share/robot_description/urdf/lidar.xacro
[0.183s] -- Up-to-date: /home/zain13/Desktop/Chemical-Plant-Inspector/SLAM/install/robot_description/share/robot_description/meshes
[0.183s] -- Up-to-date: /home/zain13/Desktop/Chemical-Plant-Inspector/SLAM/install/robot_description/share/robot_description/meshes/rplidar.dae
[0.183s] -- Up-to-date: /home/zain13/Desktop/Chemical-Plant-Inspector/SLAM/install/robot_description/share/robot_description/meshes/base_link.dae
[0.183s] -- Up-to-date: /home/zain13/Desktop/Chemical-Plant-Inspector/SLAM/install/robot_description/share/robot_description/meshes/ubase_link.dae
[0.183s] -- Up-to-date: /home/zain13/Desktop/Chemical-Plant-Inspector/SLAM/install/robot_description/share/robot_description/meshes/motor.dae
[0.183s] -- Up-to-date: /home/zain13/Desktop/Chemical-Plant-Inspector/SLAM/install/robot_description/share/robot_description/meshes/wheel.dae
[0.183s] -- Up-to-date: /home/zain13/Desktop/Chemical-Plant-Inspector/SLAM/install/robot_description/share/robot_description/meshes/camera.dae
[0.183s] -- Up-to-date: /home/zain13/Desktop/Chemical-Plant-Inspector/SLAM/install/robot_description/share/robot_description/rviz
[0.183s] -- Up-to-date: /home/zain13/Desktop/Chemical-Plant-Inspector/SLAM/install/robot_description/share/robot_description/rviz/gazebo_config.rviz
[0.183s] -- Up-to-date: /home/zain13/Desktop/Chemical-Plant-Inspector/SLAM/install/robot_description/share/robot_description/rviz/urdf_config.rviz
[0.183s] -- Up-to-date: /home/zain13/Desktop/Chemical-Plant-Inspector/SLAM/install/robot_description/share/ament_index/resource_index/package_run_dependencies/robot_description
[0.184s] -- Up-to-date: /home/zain13/Desktop/Chemical-Plant-Inspector/SLAM/install/robot_description/share/ament_index/resource_index/parent_prefix_path/robot_description
[0.185s] -- Up-to-date: /home/zain13/Desktop/Chemical-Plant-Inspector/SLAM/install/robot_description/share/robot_description/environment/ament_prefix_path.sh
[0.185s] -- Up-to-date: /home/zain13/Desktop/Chemical-Plant-Inspector/SLAM/install/robot_description/share/robot_description/environment/ament_prefix_path.dsv
[0.185s] -- Up-to-date: /home/zain13/Desktop/Chemical-Plant-Inspector/SLAM/install/robot_description/share/robot_description/environment/path.sh
[0.185s] -- Up-to-date: /home/zain13/Desktop/Chemical-Plant-Inspector/SLAM/install/robot_description/share/robot_description/environment/path.dsv
[0.185s] -- Up-to-date: /home/zain13/Desktop/Chemical-Plant-Inspector/SLAM/install/robot_description/share/robot_description/local_setup.bash
[0.185s] -- Up-to-date: /home/zain13/Desktop/Chemical-Plant-Inspector/SLAM/install/robot_description/share/robot_description/local_setup.sh
[0.185s] -- Up-to-date: /home/zain13/Desktop/Chemical-Plant-Inspector/SLAM/install/robot_description/share/robot_description/local_setup.zsh
[0.185s] -- Up-to-date: /home/zain13/Desktop/Chemical-Plant-Inspector/SLAM/install/robot_description/share/robot_description/local_setup.dsv
[0.185s] -- Installing: /home/zain13/Desktop/Chemical-Plant-Inspector/SLAM/install/robot_description/share/robot_description/package.dsv
[0.185s] -- Up-to-date: /home/zain13/Desktop/Chemical-Plant-Inspector/SLAM/install/robot_description/share/ament_index/resource_index/packages/robot_description
[0.185s] -- Up-to-date: /home/zain13/Desktop/Chemical-Plant-Inspector/SLAM/install/robot_description/share/robot_description/cmake/robot_descriptionConfig.cmake
[0.185s] -- Up-to-date: /home/zain13/Desktop/Chemical-Plant-Inspector/SLAM/install/robot_description/share/robot_description/cmake/robot_descriptionConfig-version.cmake
[0.185s] -- Up-to-date: /home/zain13/Desktop/Chemical-Plant-Inspector/SLAM/install/robot_description/share/robot_description/package.xml
[0.185s] Invoked command in '/home/zain13/Desktop/Chemical-Plant-Inspector/SLAM/build/robot_description' returned '0': CMAKE_PREFIX_PATH=${CMAKE_PREFIX_PATH}:/home/zain13/Desktop/Chemical-Plant-Inspector/SLAM/install/robot_patrol:/home/zain13/ros2_ws/install/my_robot_controller:/home/zain13/ros2_ws/install/hhw1_face_detection:/home/zain13/ros2_ws/install/arm_manipulator:/opt/ros/humble /usr/bin/cmake --install /home/zain13/Desktop/Chemical-Plant-Inspector/SLAM/build/robot_description
