[0.882s] Invoking command in '/home/zain13/Desktop/Chemical-Plant-Inspector/workspace_auro/src/Interfaces': PYTHONPATH=/home/zain13/Desktop/Chemical-Plant-Inspector/workspace_auro/build/Interfaces/prefix_override:/home/zain13/Desktop/Chemical-Plant-Inspector/workspace_auro/install/Interfaces/lib/python3.10/site-packages:${PYTHONPATH} /usr/bin/python3 -W ignore:setup.py install is deprecated setup.py egg_info --egg-base ../../build/Interfaces build --build-base /home/zain13/Desktop/Chemical-Plant-Inspector/workspace_auro/build/Interfaces/build install --record /home/zain13/Desktop/Chemical-Plant-Inspector/workspace_auro/build/Interfaces/install.log --single-version-externally-managed install_data
[1.060s] running egg_info
[1.060s] writing ../../build/Interfaces/Interfaces.egg-info/PKG-INFO
[1.060s] writing dependency_links to ../../build/Interfaces/Interfaces.egg-info/dependency_links.txt
[1.060s] writing entry points to ../../build/Interfaces/Interfaces.egg-info/entry_points.txt
[1.061s] writing requirements to ../../build/Interfaces/Interfaces.egg-info/requires.txt
[1.061s] writing top-level names to ../../build/Interfaces/Interfaces.egg-info/top_level.txt
[1.062s] reading manifest file '../../build/Interfaces/Interfaces.egg-info/SOURCES.txt'
[1.062s] writing manifest file '../../build/Interfaces/Interfaces.egg-info/SOURCES.txt'
[1.062s] running build
[1.063s] running build_py
[1.063s] running install
[1.063s] running install_lib
[1.063s] running install_data
[1.063s] running install_egg_info
[1.065s] removing '/home/zain13/Desktop/Chemical-Plant-Inspector/workspace_auro/install/Interfaces/lib/python3.10/site-packages/Interfaces-0.0.0-py3.10.egg-info' (and everything under it)
[1.065s] Copying ../../build/Interfaces/Interfaces.egg-info to /home/zain13/Desktop/Chemical-Plant-Inspector/workspace_auro/install/Interfaces/lib/python3.10/site-packages/Interfaces-0.0.0-py3.10.egg-info
[1.065s] running install_scripts
[1.081s] writing list of installed files to '/home/zain13/Desktop/Chemical-Plant-Inspector/workspace_auro/build/Interfaces/install.log'
[1.103s] Invoked command in '/home/zain13/Desktop/Chemical-Plant-Inspector/workspace_auro/src/Interfaces' returned '0': PYTHONPATH=/home/zain13/Desktop/Chemical-Plant-Inspector/workspace_auro/build/Interfaces/prefix_override:/home/zain13/Desktop/Chemical-Plant-Inspector/workspace_auro/install/Interfaces/lib/python3.10/site-packages:${PYTHONPATH} /usr/bin/python3 -W ignore:setup.py install is deprecated setup.py egg_info --egg-base ../../build/Interfaces build --build-base /home/zain13/Desktop/Chemical-Plant-Inspector/workspace_auro/build/Interfaces/build install --record /home/zain13/Desktop/Chemical-Plant-Inspector/workspace_auro/build/Interfaces/install.log --single-version-externally-managed install_data
