running develop
Removing /home/zain13/Desktop/Chemical-Plant-Inspector/workspace_auro/install/Localisation/lib/python3.10/site-packages/Localisation.egg-link (link to .)
running egg_info
writing ../../build/Localisation/Localisation.egg-info/PKG-INFO
writing dependency_links to ../../build/Localisation/Localisation.egg-info/dependency_links.txt
writing entry points to ../../build/Localisation/Localisation.egg-info/entry_points.txt
writing requirements to ../../build/Localisation/Localisation.egg-info/requires.txt
writing top-level names to ../../build/Localisation/Localisation.egg-info/top_level.txt
reading manifest file '../../build/Localisation/Localisation.egg-info/SOURCES.txt'
writing manifest file '../../build/Localisation/Localisation.egg-info/SOURCES.txt'
running build
running build_py
creating /home/zain13/Desktop/Chemical-Plant-Inspector/workspace_auro/build/Localisation/build
creating /home/zain13/Desktop/Chemical-Plant-Inspector/workspace_auro/build/Localisation/build/lib
creating /home/zain13/Desktop/Chemical-Plant-Inspector/workspace_auro/build/Localisation/build/lib/Localisation
copying Localisation/parse_odom.py -> /home/zain13/Desktop/Chemical-Plant-Inspector/workspace_auro/build/Localisation/build/lib/Localisation
copying Localisation/__init__.py -> /home/zain13/Desktop/Chemical-Plant-Inspector/workspace_auro/build/Localisation/build/lib/Localisation
running install
running install_lib
creating /home/zain13/Desktop/Chemical-Plant-Inspector/workspace_auro/install/Localisation/lib/python3.10/site-packages/Localisation
copying /home/zain13/Desktop/Chemical-Plant-Inspector/workspace_auro/build/Localisation/build/lib/Localisation/parse_odom.py -> /home/zain13/Desktop/Chemical-Plant-Inspector/workspace_auro/install/Localisation/lib/python3.10/site-packages/Localisation
copying /home/zain13/Desktop/Chemical-Plant-Inspector/workspace_auro/build/Localisation/build/lib/Localisation/__init__.py -> /home/zain13/Desktop/Chemical-Plant-Inspector/workspace_auro/install/Localisation/lib/python3.10/site-packages/Localisation
byte-compiling /home/zain13/Desktop/Chemical-Plant-Inspector/workspace_auro/install/Localisation/lib/python3.10/site-packages/Localisation/parse_odom.py to parse_odom.cpython-310.pyc
byte-compiling /home/zain13/Desktop/Chemical-Plant-Inspector/workspace_auro/install/Localisation/lib/python3.10/site-packages/Localisation/__init__.py to __init__.cpython-310.pyc
running install_data
copying resource/Localisation -> /home/zain13/Desktop/Chemical-Plant-Inspector/workspace_auro/install/Localisation/share/ament_index/resource_index/packages
copying package.xml -> /home/zain13/Desktop/Chemical-Plant-Inspector/workspace_auro/install/Localisation/share/Localisation
running install_egg_info
Copying ../../build/Localisation/Localisation.egg-info to /home/zain13/Desktop/Chemical-Plant-Inspector/workspace_auro/install/Localisation/lib/python3.10/site-packages/Localisation-0.0.0-py3.10.egg-info
running install_scripts
Installing parse_odom script to /home/zain13/Desktop/Chemical-Plant-Inspector/workspace_auro/install/Localisation/lib/Localisation
writing list of installed files to '/home/zain13/Desktop/Chemical-Plant-Inspector/workspace_auro/build/Localisation/install.log'
