[0.821s] Invoking command in '/home/zain13/Desktop/Chemical-Plant-Inspector/workspace_auro/src/Perception': PYTHONPATH=/home/zain13/Desktop/Chemical-Plant-Inspector/workspace_auro/build/Perception/prefix_override:/home/zain13/Desktop/Chemical-Plant-Inspector/workspace_auro/install/Perception/lib/python3.10/site-packages:${PYTHONPATH} /usr/bin/python3 -W ignore:setup.py install is deprecated setup.py egg_info --egg-base ../../build/Perception build --build-base /home/zain13/Desktop/Chemical-Plant-Inspector/workspace_auro/build/Perception/build install --record /home/zain13/Desktop/Chemical-Plant-Inspector/workspace_auro/build/Perception/install.log --single-version-externally-managed install_data
[0.976s] running egg_info
[0.977s] writing ../../build/Perception/Perception.egg-info/PKG-INFO
[0.977s] writing dependency_links to ../../build/Perception/Perception.egg-info/dependency_links.txt
[0.977s] writing entry points to ../../build/Perception/Perception.egg-info/entry_points.txt
[0.977s] writing requirements to ../../build/Perception/Perception.egg-info/requires.txt
[0.977s] writing top-level names to ../../build/Perception/Perception.egg-info/top_level.txt
[0.978s] reading manifest file '../../build/Perception/Perception.egg-info/SOURCES.txt'
[0.979s] writing manifest file '../../build/Perception/Perception.egg-info/SOURCES.txt'
[0.979s] running build
[0.979s] running build_py
[0.979s] copying Perception/parse_camera.py -> /home/zain13/Desktop/Chemical-Plant-Inspector/workspace_auro/build/Perception/build/lib/Perception
[0.979s] running install
[0.979s] running install_lib
[0.980s] copying /home/zain13/Desktop/Chemical-Plant-Inspector/workspace_auro/build/Perception/build/lib/Perception/parse_camera.py -> /home/zain13/Desktop/Chemical-Plant-Inspector/workspace_auro/install/Perception/lib/python3.10/site-packages/Perception
[0.980s] byte-compiling /home/zain13/Desktop/Chemical-Plant-Inspector/workspace_auro/install/Perception/lib/python3.10/site-packages/Perception/parse_camera.py to parse_camera.cpython-310.pyc
[0.981s] running install_data
[0.981s] running install_egg_info
[0.982s] removing '/home/zain13/Desktop/Chemical-Plant-Inspector/workspace_auro/install/Perception/lib/python3.10/site-packages/Perception-0.0.0-py3.10.egg-info' (and everything under it)
[0.982s] Copying ../../build/Perception/Perception.egg-info to /home/zain13/Desktop/Chemical-Plant-Inspector/workspace_auro/install/Perception/lib/python3.10/site-packages/Perception-0.0.0-py3.10.egg-info
[0.983s] running install_scripts
[0.996s] Installing parse_camera script to /home/zain13/Desktop/Chemical-Plant-Inspector/workspace_auro/install/Perception/lib/Perception
[0.997s] Installing parse_lidar script to /home/zain13/Desktop/Chemical-Plant-Inspector/workspace_auro/install/Perception/lib/Perception
[0.997s] writing list of installed files to '/home/zain13/Desktop/Chemical-Plant-Inspector/workspace_auro/build/Perception/install.log'
[1.021s] Invoked command in '/home/zain13/Desktop/Chemical-Plant-Inspector/workspace_auro/src/Perception' returned '0': PYTHONPATH=/home/zain13/Desktop/Chemical-Plant-Inspector/workspace_auro/build/Perception/prefix_override:/home/zain13/Desktop/Chemical-Plant-Inspector/workspace_auro/install/Perception/lib/python3.10/site-packages:${PYTHONPATH} /usr/bin/python3 -W ignore:setup.py install is deprecated setup.py egg_info --egg-base ../../build/Perception build --build-base /home/zain13/Desktop/Chemical-Plant-Inspector/workspace_auro/build/Perception/build install --record /home/zain13/Desktop/Chemical-Plant-Inspector/workspace_auro/build/Perception/install.log --single-version-externally-managed install_data
