[0.886s] Invoking command in '/home/zain13/Desktop/Chemical-Plant-Inspector/workspace_auro/build/Interfaces': PYTHONPATH=/home/zain13/Desktop/Chemical-Plant-Inspector/workspace_auro/build/Interfaces/prefix_override:/home/zain13/Desktop/Chemical-Plant-Inspector/workspace_auro/install/Interfaces/lib/python3.10/site-packages:${PYTHONPATH} /usr/bin/python3 -W ignore:setup.py install is deprecated setup.py develop --editable --build-directory /home/zain13/Desktop/Chemical-Plant-Inspector/workspace_auro/build/Interfaces/build --no-deps symlink_data
[1.065s] running develop
[1.171s] running egg_info
[1.171s] creating Interfaces.egg-info
[1.171s] writing Interfaces.egg-info/PKG-INFO
[1.172s] writing dependency_links to Interfaces.egg-info/dependency_links.txt
[1.172s] writing entry points to Interfaces.egg-info/entry_points.txt
[1.172s] writing requirements to Interfaces.egg-info/requires.txt
[1.172s] writing top-level names to Interfaces.egg-info/top_level.txt
[1.172s] writing manifest file 'Interfaces.egg-info/SOURCES.txt'
[1.175s] reading manifest file 'Interfaces.egg-info/SOURCES.txt'
[1.176s] writing manifest file 'Interfaces.egg-info/SOURCES.txt'
[1.178s] running build_ext
[1.178s] Creating /home/zain13/Desktop/Chemical-Plant-Inspector/workspace_auro/install/Interfaces/lib/python3.10/site-packages/Interfaces.egg-link (link to .)
[1.179s] 
[1.180s] Installed /home/zain13/Desktop/Chemical-Plant-Inspector/workspace_auro/build/Interfaces
[1.180s] running symlink_data
[1.180s] creating /home/zain13/Desktop/Chemical-Plant-Inspector/workspace_auro/install/Interfaces/share/ament_index
[1.181s] creating /home/zain13/Desktop/Chemical-Plant-Inspector/workspace_auro/install/Interfaces/share/ament_index/resource_index
[1.181s] creating /home/zain13/Desktop/Chemical-Plant-Inspector/workspace_auro/install/Interfaces/share/ament_index/resource_index/packages
[1.181s] symbolically linking /home/zain13/Desktop/Chemical-Plant-Inspector/workspace_auro/build/Interfaces/resource/Interfaces -> /home/zain13/Desktop/Chemical-Plant-Inspector/workspace_auro/install/Interfaces/share/ament_index/resource_index/packages
[1.181s] symbolically linking /home/zain13/Desktop/Chemical-Plant-Inspector/workspace_auro/build/Interfaces/package.xml -> /home/zain13/Desktop/Chemical-Plant-Inspector/workspace_auro/install/Interfaces/share/Interfaces
[1.278s] Invoked command in '/home/zain13/Desktop/Chemical-Plant-Inspector/workspace_auro/build/Interfaces' returned '0': PYTHONPATH=/home/zain13/Desktop/Chemical-Plant-Inspector/workspace_auro/build/Interfaces/prefix_override:/home/zain13/Desktop/Chemical-Plant-Inspector/workspace_auro/install/Interfaces/lib/python3.10/site-packages:${PYTHONPATH} /usr/bin/python3 -W ignore:setup.py install is deprecated setup.py develop --editable --build-directory /home/zain13/Desktop/Chemical-Plant-Inspector/workspace_auro/build/Interfaces/build --no-deps symlink_data
