[0.008s] Invoking command in '/home/zain13/Desktop/Chemical-Plant-Inspector/SLAM/build/robot_localization': CMAKE_PREFIX_PATH=${CMAKE_PREFIX_PATH}:/home/zain13/Desktop/Chemical-Plant-Inspector/SLAM/install/robot_patrol:/home/zain13/ros2_ws/install/my_robot_controller:/home/zain13/ros2_ws/install/hhw1_face_detection:/home/zain13/ros2_ws/install/arm_manipulator:/opt/ros/humble /usr/bin/cmake /home/zain13/Desktop/Chemical-Plant-Inspector/SLAM/src/robot_localization -DCMAKE_INSTALL_PREFIX=/home/zain13/Desktop/Chemical-Plant-Inspector/SLAM/install/robot_localization
[0.017s] -- robot_localization: You did not request a specific build type: selecting 'RelWithDebInfo'.
[0.017s] -- Found ament_cmake: 1.3.8 (/opt/ros/humble/share/ament_cmake/cmake)
[0.091s] -- Found angles: 1.15.0 (/opt/ros/humble/share/angles/cmake)
[0.092s] -- Found rclcpp: 16.0.8 (/opt/ros/humble/share/rclcpp/cmake)
[0.109s] -- Found rosidl_generator_c: 3.1.5 (/opt/ros/humble/share/rosidl_generator_c/cmake)
[0.110s] -- Found rosidl_adapter: 3.1.5 (/opt/ros/humble/share/rosidl_adapter/cmake)
[0.115s] -- Found rosidl_generator_cpp: 3.1.5 (/opt/ros/humble/share/rosidl_generator_cpp/cmake)
[0.122s] -- Using all available rosidl_typesupport_c: rosidl_typesupport_fastrtps_c;rosidl_typesupport_introspection_c
[0.131s] -- Using all available rosidl_typesupport_cpp: rosidl_typesupport_fastrtps_cpp;rosidl_typesupport_introspection_cpp
[0.165s] -- Found rmw_implementation_cmake: 6.1.1 (/opt/ros/humble/share/rmw_implementation_cmake/cmake)
[0.166s] -- Found rmw_fastrtps_cpp: 6.2.6 (/opt/ros/humble/share/rmw_fastrtps_cpp/cmake)
[0.237s] -- Using RMW implementation 'rmw_fastrtps_cpp' as default
[0.330s] -- Found diagnostic_msgs: 4.2.3 (/opt/ros/humble/share/diagnostic_msgs/cmake)
[0.355s] -- Found diagnostic_updater: 3.1.2 (/opt/ros/humble/share/diagnostic_updater/cmake)
[0.371s] [31mCMake Error at CMakeLists.txt:22 (find_package):
[0.371s]   By not providing "Findgeographic_msgs.cmake" in CMAKE_MODULE_PATH this
[0.371s]   project has asked CMake to find a package configuration file provided by
[0.371s]   "geographic_msgs", but CMake did not find one.
[0.371s] 
[0.371s]   Could not find a package configuration file provided by "geographic_msgs"
[0.372s]   with any of the following names:
[0.372s] 
[0.372s]     geographic_msgsConfig.cmake
[0.372s]     geographic_msgs-config.cmake
[0.372s] 
[0.372s]   Add the installation prefix of "geographic_msgs" to CMAKE_PREFIX_PATH or
[0.372s]   set "geographic_msgs_DIR" to a directory containing one of the above files.
[0.372s]   If "geographic_msgs" provides a separate development package or SDK, be
[0.372s]   sure it has been installed.
[0.372s] 
[0.372s] [0m
[0.372s] -- Configuring incomplete, errors occurred!
[0.372s] See also "/home/zain13/Desktop/Chemical-Plant-Inspector/SLAM/build/robot_localization/CMakeFiles/CMakeOutput.log".
[0.376s] Invoked command in '/home/zain13/Desktop/Chemical-Plant-Inspector/SLAM/build/robot_localization' returned '1': CMAKE_PREFIX_PATH=${CMAKE_PREFIX_PATH}:/home/zain13/Desktop/Chemical-Plant-Inspector/SLAM/install/robot_patrol:/home/zain13/ros2_ws/install/my_robot_controller:/home/zain13/ros2_ws/install/hhw1_face_detection:/home/zain13/ros2_ws/install/arm_manipulator:/opt/ros/humble /usr/bin/cmake /home/zain13/Desktop/Chemical-Plant-Inspector/SLAM/src/robot_localization -DCMAKE_INSTALL_PREFIX=/home/zain13/Desktop/Chemical-Plant-Inspector/SLAM/install/robot_localization
