[0.055s] DEBUG:colcon:Command line arguments: ['/usr/bin/colcon', 'build']
[0.055s] DEBUG:colcon:Parsed command line arguments: Namespace(log_base=None, log_level=None, verb_name='build', build_base='build', install_base='install', merge_install=False, symlink_install=False, test_result_base=None, continue_on_error=False, executor='parallel', parallel_workers=16, event_handlers=None, ignore_user_meta=False, metas=['./colcon.meta'], base_paths=['.'], packages_ignore=None, packages_ignore_regex=None, paths=None, packages_up_to=None, packages_up_to_regex=None, packages_above=None, packages_above_and_dependencies=None, packages_above_depth=None, packages_select_by_dep=None, packages_skip_by_dep=None, packages_skip_up_to=None, packages_select_build_failed=False, packages_skip_build_finished=False, packages_select_test_failures=False, packages_skip_test_passed=False, packages_select=None, packages_skip=None, packages_select_regex=None, packages_skip_regex=None, packages_start=None, packages_end=None, allow_overriding=[], cmake_args=None, cmake_target=None, cmake_target_skip_unavailable=False, cmake_clean_cache=False, cmake_clean_first=False, cmake_force_configure=False, ament_cmake_args=None, catkin_cmake_args=None, catkin_skip_building_tests=False, verb_parser=<colcon_defaults.argument_parser.defaults.DefaultArgumentsDecorator object at 0x76a4d6b412a0>, verb_extension=<colcon_core.verb.build.BuildVerb object at 0x76a4d6b40be0>, main=<bound method BuildVerb.main of <colcon_core.verb.build.BuildVerb object at 0x76a4d6b40be0>>)
[0.154s] Level 1:colcon.colcon_core.package_discovery:discover_packages(colcon_meta) check parameters
[0.154s] Level 1:colcon.colcon_core.package_discovery:discover_packages(recursive) check parameters
[0.154s] Level 1:colcon.colcon_core.package_discovery:discover_packages(ignore) check parameters
[0.154s] Level 1:colcon.colcon_core.package_discovery:discover_packages(path) check parameters
[0.154s] Level 1:colcon.colcon_core.package_discovery:discover_packages(colcon_meta) discover
[0.154s] Level 1:colcon.colcon_core.package_discovery:discover_packages(recursive) discover
[0.154s] INFO:colcon.colcon_core.package_discovery:Crawling recursively for packages in '/home/zain13/Desktop/Chemical-Plant-Inspector/SLAM'
[0.154s] Level 1:colcon.colcon_core.package_identification:_identify(.) by extensions ['ignore', 'ignore_ament_install']
[0.154s] Level 1:colcon.colcon_core.package_identification:_identify(.) by extension 'ignore'
[0.154s] Level 1:colcon.colcon_core.package_identification:_identify(.) by extension 'ignore_ament_install'
[0.154s] Level 1:colcon.colcon_core.package_identification:_identify(.) by extensions ['colcon_pkg']
[0.154s] Level 1:colcon.colcon_core.package_identification:_identify(.) by extension 'colcon_pkg'
[0.154s] Level 1:colcon.colcon_core.package_identification:_identify(.) by extensions ['colcon_meta']
[0.154s] Level 1:colcon.colcon_core.package_identification:_identify(.) by extension 'colcon_meta'
[0.154s] Level 1:colcon.colcon_core.package_identification:_identify(.) by extensions ['ros']
[0.154s] Level 1:colcon.colcon_core.package_identification:_identify(.) by extension 'ros'
[0.160s] Level 1:colcon.colcon_core.package_identification:_identify(.) by extensions ['cmake', 'python']
[0.160s] Level 1:colcon.colcon_core.package_identification:_identify(.) by extension 'cmake'
[0.160s] Level 1:colcon.colcon_core.package_identification:_identify(.) by extension 'python'
[0.161s] Level 1:colcon.colcon_core.package_identification:_identify(.) by extensions ['python_setup_py']
[0.161s] Level 1:colcon.colcon_core.package_identification:_identify(.) by extension 'python_setup_py'
[0.161s] Level 1:colcon.colcon_core.package_identification:_identify(build) by extensions ['ignore', 'ignore_ament_install']
[0.161s] Level 1:colcon.colcon_core.package_identification:_identify(build) by extension 'ignore'
[0.161s] Level 1:colcon.colcon_core.package_identification:_identify(build) ignored
[0.161s] Level 1:colcon.colcon_core.package_identification:_identify(install) by extensions ['ignore', 'ignore_ament_install']
[0.161s] Level 1:colcon.colcon_core.package_identification:_identify(install) by extension 'ignore'
[0.161s] Level 1:colcon.colcon_core.package_identification:_identify(install) ignored
[0.161s] Level 1:colcon.colcon_core.package_identification:_identify(log) by extensions ['ignore', 'ignore_ament_install']
[0.161s] Level 1:colcon.colcon_core.package_identification:_identify(log) by extension 'ignore'
[0.161s] Level 1:colcon.colcon_core.package_identification:_identify(log) ignored
[0.161s] Level 1:colcon.colcon_core.package_identification:_identify(src) by extensions ['ignore', 'ignore_ament_install']
[0.161s] Level 1:colcon.colcon_core.package_identification:_identify(src) by extension 'ignore'
[0.161s] Level 1:colcon.colcon_core.package_identification:_identify(src) by extension 'ignore_ament_install'
[0.161s] Level 1:colcon.colcon_core.package_identification:_identify(src) by extensions ['colcon_pkg']
[0.161s] Level 1:colcon.colcon_core.package_identification:_identify(src) by extension 'colcon_pkg'
[0.161s] Level 1:colcon.colcon_core.package_identification:_identify(src) by extensions ['colcon_meta']
[0.161s] Level 1:colcon.colcon_core.package_identification:_identify(src) by extension 'colcon_meta'
[0.161s] Level 1:colcon.colcon_core.package_identification:_identify(src) by extensions ['ros']
[0.161s] Level 1:colcon.colcon_core.package_identification:_identify(src) by extension 'ros'
[0.161s] Level 1:colcon.colcon_core.package_identification:_identify(src) by extensions ['cmake', 'python']
[0.161s] Level 1:colcon.colcon_core.package_identification:_identify(src) by extension 'cmake'
[0.161s] Level 1:colcon.colcon_core.package_identification:_identify(src) by extension 'python'
[0.161s] Level 1:colcon.colcon_core.package_identification:_identify(src) by extensions ['python_setup_py']
[0.161s] Level 1:colcon.colcon_core.package_identification:_identify(src) by extension 'python_setup_py'
[0.161s] Level 1:colcon.colcon_core.package_identification:_identify(src/robot_description) by extensions ['ignore', 'ignore_ament_install']
[0.161s] Level 1:colcon.colcon_core.package_identification:_identify(src/robot_description) by extension 'ignore'
[0.161s] Level 1:colcon.colcon_core.package_identification:_identify(src/robot_description) by extension 'ignore_ament_install'
[0.161s] Level 1:colcon.colcon_core.package_identification:_identify(src/robot_description) by extensions ['colcon_pkg']
[0.161s] Level 1:colcon.colcon_core.package_identification:_identify(src/robot_description) by extension 'colcon_pkg'
[0.161s] Level 1:colcon.colcon_core.package_identification:_identify(src/robot_description) by extensions ['colcon_meta']
[0.161s] Level 1:colcon.colcon_core.package_identification:_identify(src/robot_description) by extension 'colcon_meta'
[0.161s] Level 1:colcon.colcon_core.package_identification:_identify(src/robot_description) by extensions ['ros']
[0.161s] Level 1:colcon.colcon_core.package_identification:_identify(src/robot_description) by extension 'ros'
[0.163s] DEBUG:colcon.colcon_core.package_identification:Package 'src/robot_description' with type 'ros.ament_cmake' and name 'robot_description'
[0.163s] Level 1:colcon.colcon_core.package_identification:_identify(src/robot_patrol) by extensions ['ignore', 'ignore_ament_install']
[0.163s] Level 1:colcon.colcon_core.package_identification:_identify(src/robot_patrol) by extension 'ignore'
[0.163s] Level 1:colcon.colcon_core.package_identification:_identify(src/robot_patrol) by extension 'ignore_ament_install'
[0.163s] Level 1:colcon.colcon_core.package_identification:_identify(src/robot_patrol) by extensions ['colcon_pkg']
[0.163s] Level 1:colcon.colcon_core.package_identification:_identify(src/robot_patrol) by extension 'colcon_pkg'
[0.163s] Level 1:colcon.colcon_core.package_identification:_identify(src/robot_patrol) by extensions ['colcon_meta']
[0.163s] Level 1:colcon.colcon_core.package_identification:_identify(src/robot_patrol) by extension 'colcon_meta'
[0.163s] Level 1:colcon.colcon_core.package_identification:_identify(src/robot_patrol) by extensions ['ros']
[0.163s] Level 1:colcon.colcon_core.package_identification:_identify(src/robot_patrol) by extension 'ros'
[0.164s] DEBUG:colcon.colcon_core.package_identification:Package 'src/robot_patrol' with type 'ros.ament_python' and name 'robot_patrol'
[0.164s] Level 1:colcon.colcon_core.package_identification:_identify(src/robot_simulation) by extensions ['ignore', 'ignore_ament_install']
[0.164s] Level 1:colcon.colcon_core.package_identification:_identify(src/robot_simulation) by extension 'ignore'
[0.164s] Level 1:colcon.colcon_core.package_identification:_identify(src/robot_simulation) by extension 'ignore_ament_install'
[0.164s] Level 1:colcon.colcon_core.package_identification:_identify(src/robot_simulation) by extensions ['colcon_pkg']
[0.164s] Level 1:colcon.colcon_core.package_identification:_identify(src/robot_simulation) by extension 'colcon_pkg'
[0.164s] Level 1:colcon.colcon_core.package_identification:_identify(src/robot_simulation) by extensions ['colcon_meta']
[0.164s] Level 1:colcon.colcon_core.package_identification:_identify(src/robot_simulation) by extension 'colcon_meta'
[0.164s] Level 1:colcon.colcon_core.package_identification:_identify(src/robot_simulation) by extensions ['ros']
[0.164s] Level 1:colcon.colcon_core.package_identification:_identify(src/robot_simulation) by extension 'ros'
[0.164s] DEBUG:colcon.colcon_core.package_identification:Package 'src/robot_simulation' with type 'ros.ament_cmake' and name 'robot_simulation'
[0.164s] Level 1:colcon.colcon_core.package_discovery:discover_packages(recursive) using defaults
[0.164s] Level 1:colcon.colcon_core.package_discovery:discover_packages(ignore) discover
[0.164s] Level 1:colcon.colcon_core.package_discovery:discover_packages(ignore) using defaults
[0.164s] Level 1:colcon.colcon_core.package_discovery:discover_packages(path) discover
[0.164s] Level 1:colcon.colcon_core.package_discovery:discover_packages(path) using defaults
[0.180s] Level 1:colcon.colcon_core.package_discovery:discover_packages(prefix_path) check parameters
[0.180s] Level 1:colcon.colcon_core.package_discovery:discover_packages(prefix_path) discover
[0.181s] DEBUG:colcon.colcon_installed_package_information.package_discovery:Found 4 installed packages in /home/zain13/Desktop/Chemical-Plant-Inspector/SLAM/install
[0.182s] DEBUG:colcon.colcon_installed_package_information.package_discovery:Found 3 installed packages in /home/zain13/ros2_ws/install
[0.182s] DEBUG:colcon.colcon_installed_package_information.package_discovery:Found 337 installed packages in /opt/ros/humble
[0.183s] Level 1:colcon.colcon_core.package_discovery:discover_packages(prefix_path) using defaults
[0.206s] Level 5:colcon.colcon_core.verb:set package 'robot_description' build argument 'cmake_args' from command line to 'None'
[0.206s] Level 5:colcon.colcon_core.verb:set package 'robot_description' build argument 'cmake_target' from command line to 'None'
[0.206s] Level 5:colcon.colcon_core.verb:set package 'robot_description' build argument 'cmake_target_skip_unavailable' from command line to 'False'
[0.206s] Level 5:colcon.colcon_core.verb:set package 'robot_description' build argument 'cmake_clean_cache' from command line to 'False'
[0.206s] Level 5:colcon.colcon_core.verb:set package 'robot_description' build argument 'cmake_clean_first' from command line to 'False'
[0.206s] Level 5:colcon.colcon_core.verb:set package 'robot_description' build argument 'cmake_force_configure' from command line to 'False'
[0.206s] Level 5:colcon.colcon_core.verb:set package 'robot_description' build argument 'ament_cmake_args' from command line to 'None'
[0.206s] Level 5:colcon.colcon_core.verb:set package 'robot_description' build argument 'catkin_cmake_args' from command line to 'None'
[0.206s] Level 5:colcon.colcon_core.verb:set package 'robot_description' build argument 'catkin_skip_building_tests' from command line to 'False'
[0.206s] DEBUG:colcon.colcon_core.verb:Building package 'robot_description' with the following arguments: {'ament_cmake_args': None, 'build_base': '/home/zain13/Desktop/Chemical-Plant-Inspector/SLAM/build/robot_description', 'catkin_cmake_args': None, 'catkin_skip_building_tests': False, 'cmake_args': None, 'cmake_clean_cache': False, 'cmake_clean_first': False, 'cmake_force_configure': False, 'cmake_target': None, 'cmake_target_skip_unavailable': False, 'install_base': '/home/zain13/Desktop/Chemical-Plant-Inspector/SLAM/install/robot_description', 'merge_install': False, 'path': '/home/zain13/Desktop/Chemical-Plant-Inspector/SLAM/src/robot_description', 'symlink_install': False, 'test_result_base': None}
[0.206s] Level 5:colcon.colcon_core.verb:set package 'robot_patrol' build argument 'cmake_args' from command line to 'None'
[0.206s] Level 5:colcon.colcon_core.verb:set package 'robot_patrol' build argument 'cmake_target' from command line to 'None'
[0.206s] Level 5:colcon.colcon_core.verb:set package 'robot_patrol' build argument 'cmake_target_skip_unavailable' from command line to 'False'
[0.206s] Level 5:colcon.colcon_core.verb:set package 'robot_patrol' build argument 'cmake_clean_cache' from command line to 'False'
[0.206s] Level 5:colcon.colcon_core.verb:set package 'robot_patrol' build argument 'cmake_clean_first' from command line to 'False'
[0.206s] Level 5:colcon.colcon_core.verb:set package 'robot_patrol' build argument 'cmake_force_configure' from command line to 'False'
[0.206s] Level 5:colcon.colcon_core.verb:set package 'robot_patrol' build argument 'ament_cmake_args' from command line to 'None'
[0.206s] Level 5:colcon.colcon_core.verb:set package 'robot_patrol' build argument 'catkin_cmake_args' from command line to 'None'
[0.206s] Level 5:colcon.colcon_core.verb:set package 'robot_patrol' build argument 'catkin_skip_building_tests' from command line to 'False'
[0.206s] DEBUG:colcon.colcon_core.verb:Building package 'robot_patrol' with the following arguments: {'ament_cmake_args': None, 'build_base': '/home/zain13/Desktop/Chemical-Plant-Inspector/SLAM/build/robot_patrol', 'catkin_cmake_args': None, 'catkin_skip_building_tests': False, 'cmake_args': None, 'cmake_clean_cache': False, 'cmake_clean_first': False, 'cmake_force_configure': False, 'cmake_target': None, 'cmake_target_skip_unavailable': False, 'install_base': '/home/zain13/Desktop/Chemical-Plant-Inspector/SLAM/install/robot_patrol', 'merge_install': False, 'path': '/home/zain13/Desktop/Chemical-Plant-Inspector/SLAM/src/robot_patrol', 'symlink_install': False, 'test_result_base': None}
[0.206s] Level 5:colcon.colcon_core.verb:set package 'robot_simulation' build argument 'cmake_args' from command line to 'None'
[0.206s] Level 5:colcon.colcon_core.verb:set package 'robot_simulation' build argument 'cmake_target' from command line to 'None'
[0.206s] Level 5:colcon.colcon_core.verb:set package 'robot_simulation' build argument 'cmake_target_skip_unavailable' from command line to 'False'
[0.206s] Level 5:colcon.colcon_core.verb:set package 'robot_simulation' build argument 'cmake_clean_cache' from command line to 'False'
[0.207s] Level 5:colcon.colcon_core.verb:set package 'robot_simulation' build argument 'cmake_clean_first' from command line to 'False'
[0.207s] Level 5:colcon.colcon_core.verb:set package 'robot_simulation' build argument 'cmake_force_configure' from command line to 'False'
[0.207s] Level 5:colcon.colcon_core.verb:set package 'robot_simulation' build argument 'ament_cmake_args' from command line to 'None'
[0.207s] Level 5:colcon.colcon_core.verb:set package 'robot_simulation' build argument 'catkin_cmake_args' from command line to 'None'
[0.207s] Level 5:colcon.colcon_core.verb:set package 'robot_simulation' build argument 'catkin_skip_building_tests' from command line to 'False'
[0.207s] DEBUG:colcon.colcon_core.verb:Building package 'robot_simulation' with the following arguments: {'ament_cmake_args': None, 'build_base': '/home/zain13/Desktop/Chemical-Plant-Inspector/SLAM/build/robot_simulation', 'catkin_cmake_args': None, 'catkin_skip_building_tests': False, 'cmake_args': None, 'cmake_clean_cache': False, 'cmake_clean_first': False, 'cmake_force_configure': False, 'cmake_target': None, 'cmake_target_skip_unavailable': False, 'install_base': '/home/zain13/Desktop/Chemical-Plant-Inspector/SLAM/install/robot_simulation', 'merge_install': False, 'path': '/home/zain13/Desktop/Chemical-Plant-Inspector/SLAM/src/robot_simulation', 'symlink_install': False, 'test_result_base': None}
[0.207s] INFO:colcon.colcon_core.executor:Executing jobs using 'parallel' executor
[0.207s] DEBUG:colcon.colcon_parallel_executor.executor.parallel:run_until_complete
[0.207s] INFO:colcon.colcon_ros.task.ament_cmake.build:Building ROS package in '/home/zain13/Desktop/Chemical-Plant-Inspector/SLAM/src/robot_description' with build type 'ament_cmake'
[0.207s] INFO:colcon.colcon_cmake.task.cmake.build:Building CMake package in '/home/zain13/Desktop/Chemical-Plant-Inspector/SLAM/src/robot_description'
[0.208s] INFO:colcon.colcon_core.plugin_system:Skipping extension 'colcon_core.shell.bat': Not used on non-Windows systems
[0.209s] INFO:colcon.colcon_core.shell:Skip shell extension 'powershell' for command environment: Not usable outside of PowerShell
[0.209s] DEBUG:colcon.colcon_core.shell:Skip shell extension 'dsv' for command environment
[0.211s] INFO:colcon.colcon_ros.task.ament_python.build:Building ROS package in '/home/zain13/Desktop/Chemical-Plant-Inspector/SLAM/src/robot_patrol' with build type 'ament_python'
[0.211s] Level 1:colcon.colcon_core.shell:create_environment_hook('robot_patrol', 'ament_prefix_path')
[0.211s] INFO:colcon.colcon_core.shell:Creating environment hook '/home/zain13/Desktop/Chemical-Plant-Inspector/SLAM/install/robot_patrol/share/robot_patrol/hook/ament_prefix_path.ps1'
[0.212s] INFO:colcon.colcon_core.shell:Creating environment descriptor '/home/zain13/Desktop/Chemical-Plant-Inspector/SLAM/install/robot_patrol/share/robot_patrol/hook/ament_prefix_path.dsv'
[0.212s] INFO:colcon.colcon_core.shell:Creating environment hook '/home/zain13/Desktop/Chemical-Plant-Inspector/SLAM/install/robot_patrol/share/robot_patrol/hook/ament_prefix_path.sh'
[0.212s] INFO:colcon.colcon_core.shell:Skip shell extension 'powershell' for command environment: Not usable outside of PowerShell
[0.212s] DEBUG:colcon.colcon_core.shell:Skip shell extension 'dsv' for command environment
[0.217s] DEBUG:colcon.colcon_core.event_handler.log_command:Invoking command in '/home/zain13/Desktop/Chemical-Plant-Inspector/SLAM/build/robot_description': CMAKE_PREFIX_PATH=${CMAKE_PREFIX_PATH}:/home/zain13/Desktop/Chemical-Plant-Inspector/SLAM/install/robot_patrol:/home/zain13/ros2_ws/install/my_robot_controller:/home/zain13/ros2_ws/install/hhw1_face_detection:/home/zain13/ros2_ws/install/arm_manipulator:/opt/ros/humble /usr/bin/cmake --build /home/zain13/Desktop/Chemical-Plant-Inspector/SLAM/build/robot_description -- -j16 -l16
[0.363s] INFO:colcon.colcon_core.task.python.build:Building Python package in '/home/zain13/Desktop/Chemical-Plant-Inspector/SLAM/src/robot_patrol'
[0.363s] INFO:colcon.colcon_core.shell:Skip shell extension 'powershell' for command environment: Not usable outside of PowerShell
[0.363s] DEBUG:colcon.colcon_core.shell:Skip shell extension 'dsv' for command environment
[0.366s] DEBUG:colcon.colcon_core.event_handler.log_command:Invoked command in '/home/zain13/Desktop/Chemical-Plant-Inspector/SLAM/build/robot_description' returned '0': CMAKE_PREFIX_PATH=${CMAKE_PREFIX_PATH}:/home/zain13/Desktop/Chemical-Plant-Inspector/SLAM/install/robot_patrol:/home/zain13/ros2_ws/install/my_robot_controller:/home/zain13/ros2_ws/install/hhw1_face_detection:/home/zain13/ros2_ws/install/arm_manipulator:/opt/ros/humble /usr/bin/cmake --build /home/zain13/Desktop/Chemical-Plant-Inspector/SLAM/build/robot_description -- -j16 -l16
[0.385s] DEBUG:colcon.colcon_core.event_handler.log_command:Invoking command in '/home/zain13/Desktop/Chemical-Plant-Inspector/SLAM/build/robot_description': CMAKE_PREFIX_PATH=${CMAKE_PREFIX_PATH}:/home/zain13/Desktop/Chemical-Plant-Inspector/SLAM/install/robot_patrol:/home/zain13/ros2_ws/install/my_robot_controller:/home/zain13/ros2_ws/install/hhw1_face_detection:/home/zain13/ros2_ws/install/arm_manipulator:/opt/ros/humble /usr/bin/cmake --install /home/zain13/Desktop/Chemical-Plant-Inspector/SLAM/build/robot_description
[0.391s] Level 1:colcon.colcon_core.environment:create_environment_scripts_only(robot_description)
[0.393s] DEBUG:colcon.colcon_core.event_handler.log_command:Invoked command in '/home/zain13/Desktop/Chemical-Plant-Inspector/SLAM/build/robot_description' returned '0': CMAKE_PREFIX_PATH=${CMAKE_PREFIX_PATH}:/home/zain13/Desktop/Chemical-Plant-Inspector/SLAM/install/robot_patrol:/home/zain13/ros2_ws/install/my_robot_controller:/home/zain13/ros2_ws/install/hhw1_face_detection:/home/zain13/ros2_ws/install/arm_manipulator:/opt/ros/humble /usr/bin/cmake --install /home/zain13/Desktop/Chemical-Plant-Inspector/SLAM/build/robot_description
[0.394s] Level 1:colcon.colcon_core.environment:checking '/home/zain13/Desktop/Chemical-Plant-Inspector/SLAM/install/robot_description' for CMake module files
[0.394s] Level 1:colcon.colcon_core.environment:checking '/home/zain13/Desktop/Chemical-Plant-Inspector/SLAM/install/robot_description' for CMake config files
[0.394s] Level 1:colcon.colcon_core.shell:create_environment_hook('robot_description', 'cmake_prefix_path')
[0.394s] INFO:colcon.colcon_core.shell:Creating environment hook '/home/zain13/Desktop/Chemical-Plant-Inspector/SLAM/install/robot_description/share/robot_description/hook/cmake_prefix_path.ps1'
[0.394s] INFO:colcon.colcon_core.shell:Creating environment descriptor '/home/zain13/Desktop/Chemical-Plant-Inspector/SLAM/install/robot_description/share/robot_description/hook/cmake_prefix_path.dsv'
[0.395s] INFO:colcon.colcon_core.shell:Creating environment hook '/home/zain13/Desktop/Chemical-Plant-Inspector/SLAM/install/robot_description/share/robot_description/hook/cmake_prefix_path.sh'
[0.395s] Level 1:colcon.colcon_core.environment:checking '/home/zain13/Desktop/Chemical-Plant-Inspector/SLAM/install/robot_description/bin'
[0.395s] Level 1:colcon.colcon_core.environment:checking '/home/zain13/Desktop/Chemical-Plant-Inspector/SLAM/install/robot_description/lib/pkgconfig/robot_description.pc'
[0.395s] Level 1:colcon.colcon_core.environment:checking '/home/zain13/Desktop/Chemical-Plant-Inspector/SLAM/install/robot_description/lib/python3.10/site-packages'
[0.395s] Level 1:colcon.colcon_core.environment:checking '/home/zain13/Desktop/Chemical-Plant-Inspector/SLAM/install/robot_description/bin'
[0.395s] INFO:colcon.colcon_core.shell:Creating package script '/home/zain13/Desktop/Chemical-Plant-Inspector/SLAM/install/robot_description/share/robot_description/package.ps1'
[0.396s] INFO:colcon.colcon_core.shell:Creating package descriptor '/home/zain13/Desktop/Chemical-Plant-Inspector/SLAM/install/robot_description/share/robot_description/package.dsv'
[0.396s] INFO:colcon.colcon_core.shell:Creating package script '/home/zain13/Desktop/Chemical-Plant-Inspector/SLAM/install/robot_description/share/robot_description/package.sh'
[0.397s] INFO:colcon.colcon_core.shell:Creating package script '/home/zain13/Desktop/Chemical-Plant-Inspector/SLAM/install/robot_description/share/robot_description/package.bash'
[0.397s] INFO:colcon.colcon_core.shell:Creating package script '/home/zain13/Desktop/Chemical-Plant-Inspector/SLAM/install/robot_description/share/robot_description/package.zsh'
[0.397s] Level 1:colcon.colcon_core.environment:create_file_with_runtime_dependencies(/home/zain13/Desktop/Chemical-Plant-Inspector/SLAM/install/robot_description/share/colcon-core/packages/robot_description)
[0.410s] Level 1:colcon.colcon_core.environment:create_environment_scripts_only(robot_description)
[0.411s] Level 1:colcon.colcon_core.environment:checking '/home/zain13/Desktop/Chemical-Plant-Inspector/SLAM/install/robot_description' for CMake module files
[0.411s] Level 1:colcon.colcon_core.environment:checking '/home/zain13/Desktop/Chemical-Plant-Inspector/SLAM/install/robot_description' for CMake config files
[0.411s] Level 1:colcon.colcon_core.shell:create_environment_hook('robot_description', 'cmake_prefix_path')
[0.411s] INFO:colcon.colcon_core.shell:Creating environment hook '/home/zain13/Desktop/Chemical-Plant-Inspector/SLAM/install/robot_description/share/robot_description/hook/cmake_prefix_path.ps1'
[0.411s] INFO:colcon.colcon_core.shell:Creating environment descriptor '/home/zain13/Desktop/Chemical-Plant-Inspector/SLAM/install/robot_description/share/robot_description/hook/cmake_prefix_path.dsv'
[0.412s] INFO:colcon.colcon_core.shell:Creating environment hook '/home/zain13/Desktop/Chemical-Plant-Inspector/SLAM/install/robot_description/share/robot_description/hook/cmake_prefix_path.sh'
[0.412s] Level 1:colcon.colcon_core.environment:checking '/home/zain13/Desktop/Chemical-Plant-Inspector/SLAM/install/robot_description/bin'
[0.412s] Level 1:colcon.colcon_core.environment:checking '/home/zain13/Desktop/Chemical-Plant-Inspector/SLAM/install/robot_description/lib/pkgconfig/robot_description.pc'
[0.412s] Level 1:colcon.colcon_core.environment:checking '/home/zain13/Desktop/Chemical-Plant-Inspector/SLAM/install/robot_description/lib/python3.10/site-packages'
[0.412s] Level 1:colcon.colcon_core.environment:checking '/home/zain13/Desktop/Chemical-Plant-Inspector/SLAM/install/robot_description/bin'
[0.412s] INFO:colcon.colcon_core.shell:Creating package script '/home/zain13/Desktop/Chemical-Plant-Inspector/SLAM/install/robot_description/share/robot_description/package.ps1'
[0.413s] INFO:colcon.colcon_core.shell:Creating package descriptor '/home/zain13/Desktop/Chemical-Plant-Inspector/SLAM/install/robot_description/share/robot_description/package.dsv'
[0.413s] INFO:colcon.colcon_core.shell:Creating package script '/home/zain13/Desktop/Chemical-Plant-Inspector/SLAM/install/robot_description/share/robot_description/package.sh'
[0.413s] INFO:colcon.colcon_core.shell:Creating package script '/home/zain13/Desktop/Chemical-Plant-Inspector/SLAM/install/robot_description/share/robot_description/package.bash'
[0.413s] INFO:colcon.colcon_core.shell:Creating package script '/home/zain13/Desktop/Chemical-Plant-Inspector/SLAM/install/robot_description/share/robot_description/package.zsh'
[0.413s] Level 1:colcon.colcon_core.environment:create_file_with_runtime_dependencies(/home/zain13/Desktop/Chemical-Plant-Inspector/SLAM/install/robot_description/share/colcon-core/packages/robot_description)
[0.414s] INFO:colcon.colcon_ros.task.ament_cmake.build:Building ROS package in '/home/zain13/Desktop/Chemical-Plant-Inspector/SLAM/src/robot_simulation' with build type 'ament_cmake'
[0.414s] INFO:colcon.colcon_cmake.task.cmake.build:Building CMake package in '/home/zain13/Desktop/Chemical-Plant-Inspector/SLAM/src/robot_simulation'
[0.414s] INFO:colcon.colcon_core.shell:Skip shell extension 'powershell' for command environment: Not usable outside of PowerShell
[0.414s] DEBUG:colcon.colcon_core.shell:Skip shell extension 'dsv' for command environment
[0.419s] DEBUG:colcon.colcon_core.event_handler.log_command:Invoking command in '/home/zain13/Desktop/Chemical-Plant-Inspector/SLAM/build/robot_simulation': CMAKE_PREFIX_PATH=/home/zain13/Desktop/Chemical-Plant-Inspector/SLAM/install/robot_description:/home/zain13/Desktop/Chemical-Plant-Inspector/SLAM/install/robot_simulation:/home/zain13/Desktop/Chemical-Plant-Inspector/SLAM/install/robot_patrol:/home/zain13/ros2_ws/install/my_robot_controller:/home/zain13/ros2_ws/install/hhw1_face_detection:/home/zain13/ros2_ws/install/arm_manipulator:/opt/ros/humble /usr/bin/cmake --build /home/zain13/Desktop/Chemical-Plant-Inspector/SLAM/build/robot_simulation -- -j16 -l16
[0.444s] DEBUG:colcon.colcon_core.event_handler.log_command:Invoked command in '/home/zain13/Desktop/Chemical-Plant-Inspector/SLAM/build/robot_simulation' returned '0': CMAKE_PREFIX_PATH=/home/zain13/Desktop/Chemical-Plant-Inspector/SLAM/install/robot_description:/home/zain13/Desktop/Chemical-Plant-Inspector/SLAM/install/robot_simulation:/home/zain13/Desktop/Chemical-Plant-Inspector/SLAM/install/robot_patrol:/home/zain13/ros2_ws/install/my_robot_controller:/home/zain13/ros2_ws/install/hhw1_face_detection:/home/zain13/ros2_ws/install/arm_manipulator:/opt/ros/humble /usr/bin/cmake --build /home/zain13/Desktop/Chemical-Plant-Inspector/SLAM/build/robot_simulation -- -j16 -l16
[0.456s] DEBUG:colcon.colcon_core.event_handler.log_command:Invoking command in '/home/zain13/Desktop/Chemical-Plant-Inspector/SLAM/build/robot_simulation': CMAKE_PREFIX_PATH=/home/zain13/Desktop/Chemical-Plant-Inspector/SLAM/install/robot_description:/home/zain13/Desktop/Chemical-Plant-Inspector/SLAM/install/robot_simulation:/home/zain13/Desktop/Chemical-Plant-Inspector/SLAM/install/robot_patrol:/home/zain13/ros2_ws/install/my_robot_controller:/home/zain13/ros2_ws/install/hhw1_face_detection:/home/zain13/ros2_ws/install/arm_manipulator:/opt/ros/humble /usr/bin/cmake --install /home/zain13/Desktop/Chemical-Plant-Inspector/SLAM/build/robot_simulation
[0.462s] Level 1:colcon.colcon_core.environment:create_environment_scripts_only(robot_simulation)
[0.463s] Level 1:colcon.colcon_core.environment:checking '/home/zain13/Desktop/Chemical-Plant-Inspector/SLAM/install/robot_simulation' for CMake module files
[0.463s] DEBUG:colcon.colcon_core.event_handler.log_command:Invoked command in '/home/zain13/Desktop/Chemical-Plant-Inspector/SLAM/build/robot_simulation' returned '0': CMAKE_PREFIX_PATH=/home/zain13/Desktop/Chemical-Plant-Inspector/SLAM/install/robot_description:/home/zain13/Desktop/Chemical-Plant-Inspector/SLAM/install/robot_simulation:/home/zain13/Desktop/Chemical-Plant-Inspector/SLAM/install/robot_patrol:/home/zain13/ros2_ws/install/my_robot_controller:/home/zain13/ros2_ws/install/hhw1_face_detection:/home/zain13/ros2_ws/install/arm_manipulator:/opt/ros/humble /usr/bin/cmake --install /home/zain13/Desktop/Chemical-Plant-Inspector/SLAM/build/robot_simulation
[0.463s] Level 1:colcon.colcon_core.environment:checking '/home/zain13/Desktop/Chemical-Plant-Inspector/SLAM/install/robot_simulation' for CMake config files
[0.464s] Level 1:colcon.colcon_core.shell:create_environment_hook('robot_simulation', 'cmake_prefix_path')
[0.464s] INFO:colcon.colcon_core.shell:Creating environment hook '/home/zain13/Desktop/Chemical-Plant-Inspector/SLAM/install/robot_simulation/share/robot_simulation/hook/cmake_prefix_path.ps1'
[0.464s] INFO:colcon.colcon_core.shell:Creating environment descriptor '/home/zain13/Desktop/Chemical-Plant-Inspector/SLAM/install/robot_simulation/share/robot_simulation/hook/cmake_prefix_path.dsv'
[0.464s] INFO:colcon.colcon_core.shell:Creating environment hook '/home/zain13/Desktop/Chemical-Plant-Inspector/SLAM/install/robot_simulation/share/robot_simulation/hook/cmake_prefix_path.sh'
[0.464s] Level 1:colcon.colcon_core.environment:checking '/home/zain13/Desktop/Chemical-Plant-Inspector/SLAM/install/robot_simulation/bin'
[0.464s] Level 1:colcon.colcon_core.environment:checking '/home/zain13/Desktop/Chemical-Plant-Inspector/SLAM/install/robot_simulation/lib/pkgconfig/robot_simulation.pc'
[0.465s] Level 1:colcon.colcon_core.environment:checking '/home/zain13/Desktop/Chemical-Plant-Inspector/SLAM/install/robot_simulation/lib/python3.10/site-packages'
[0.465s] Level 1:colcon.colcon_core.environment:checking '/home/zain13/Desktop/Chemical-Plant-Inspector/SLAM/install/robot_simulation/bin'
[0.465s] INFO:colcon.colcon_core.shell:Creating package script '/home/zain13/Desktop/Chemical-Plant-Inspector/SLAM/install/robot_simulation/share/robot_simulation/package.ps1'
[0.465s] INFO:colcon.colcon_core.shell:Creating package descriptor '/home/zain13/Desktop/Chemical-Plant-Inspector/SLAM/install/robot_simulation/share/robot_simulation/package.dsv'
[0.465s] INFO:colcon.colcon_core.shell:Creating package script '/home/zain13/Desktop/Chemical-Plant-Inspector/SLAM/install/robot_simulation/share/robot_simulation/package.sh'
[0.465s] INFO:colcon.colcon_core.shell:Creating package script '/home/zain13/Desktop/Chemical-Plant-Inspector/SLAM/install/robot_simulation/share/robot_simulation/package.bash'
[0.466s] INFO:colcon.colcon_core.shell:Creating package script '/home/zain13/Desktop/Chemical-Plant-Inspector/SLAM/install/robot_simulation/share/robot_simulation/package.zsh'
[0.466s] Level 1:colcon.colcon_core.environment:create_file_with_runtime_dependencies(/home/zain13/Desktop/Chemical-Plant-Inspector/SLAM/install/robot_simulation/share/colcon-core/packages/robot_simulation)
[0.478s] Level 1:colcon.colcon_core.environment:create_environment_scripts_only(robot_simulation)
[0.478s] Level 1:colcon.colcon_core.environment:checking '/home/zain13/Desktop/Chemical-Plant-Inspector/SLAM/install/robot_simulation' for CMake module files
[0.478s] Level 1:colcon.colcon_core.environment:checking '/home/zain13/Desktop/Chemical-Plant-Inspector/SLAM/install/robot_simulation' for CMake config files
[0.479s] Level 1:colcon.colcon_core.shell:create_environment_hook('robot_simulation', 'cmake_prefix_path')
[0.479s] INFO:colcon.colcon_core.shell:Creating environment hook '/home/zain13/Desktop/Chemical-Plant-Inspector/SLAM/install/robot_simulation/share/robot_simulation/hook/cmake_prefix_path.ps1'
[0.479s] INFO:colcon.colcon_core.shell:Creating environment descriptor '/home/zain13/Desktop/Chemical-Plant-Inspector/SLAM/install/robot_simulation/share/robot_simulation/hook/cmake_prefix_path.dsv'
[0.479s] INFO:colcon.colcon_core.shell:Creating environment hook '/home/zain13/Desktop/Chemical-Plant-Inspector/SLAM/install/robot_simulation/share/robot_simulation/hook/cmake_prefix_path.sh'
[0.480s] Level 1:colcon.colcon_core.environment:checking '/home/zain13/Desktop/Chemical-Plant-Inspector/SLAM/install/robot_simulation/bin'
[0.480s] Level 1:colcon.colcon_core.environment:checking '/home/zain13/Desktop/Chemical-Plant-Inspector/SLAM/install/robot_simulation/lib/pkgconfig/robot_simulation.pc'
[0.480s] Level 1:colcon.colcon_core.environment:checking '/home/zain13/Desktop/Chemical-Plant-Inspector/SLAM/install/robot_simulation/lib/python3.10/site-packages'
[0.480s] Level 1:colcon.colcon_core.environment:checking '/home/zain13/Desktop/Chemical-Plant-Inspector/SLAM/install/robot_simulation/bin'
[0.480s] INFO:colcon.colcon_core.shell:Creating package script '/home/zain13/Desktop/Chemical-Plant-Inspector/SLAM/install/robot_simulation/share/robot_simulation/package.ps1'
[0.480s] INFO:colcon.colcon_core.shell:Creating package descriptor '/home/zain13/Desktop/Chemical-Plant-Inspector/SLAM/install/robot_simulation/share/robot_simulation/package.dsv'
[0.480s] INFO:colcon.colcon_core.shell:Creating package script '/home/zain13/Desktop/Chemical-Plant-Inspector/SLAM/install/robot_simulation/share/robot_simulation/package.sh'
[0.481s] INFO:colcon.colcon_core.shell:Creating package script '/home/zain13/Desktop/Chemical-Plant-Inspector/SLAM/install/robot_simulation/share/robot_simulation/package.bash'
[0.481s] INFO:colcon.colcon_core.shell:Creating package script '/home/zain13/Desktop/Chemical-Plant-Inspector/SLAM/install/robot_simulation/share/robot_simulation/package.zsh'
[0.481s] Level 1:colcon.colcon_core.environment:create_file_with_runtime_dependencies(/home/zain13/Desktop/Chemical-Plant-Inspector/SLAM/install/robot_simulation/share/colcon-core/packages/robot_simulation)
[0.574s] DEBUG:colcon.colcon_core.event_handler.log_command:Invoking command in '/home/zain13/Desktop/Chemical-Plant-Inspector/SLAM/src/robot_patrol': PYTHONPATH=/home/zain13/Desktop/Chemical-Plant-Inspector/SLAM/build/robot_patrol/prefix_override:/home/zain13/Desktop/Chemical-Plant-Inspector/SLAM/install/robot_patrol/lib/python3.10/site-packages:${PYTHONPATH} /usr/bin/python3 -W ignore:setup.py install is deprecated setup.py egg_info --egg-base ../../build/robot_patrol build --build-base /home/zain13/Desktop/Chemical-Plant-Inspector/SLAM/build/robot_patrol/build install --record /home/zain13/Desktop/Chemical-Plant-Inspector/SLAM/build/robot_patrol/install.log --single-version-externally-managed install_data
[0.749s] Level 1:colcon.colcon_core.environment:checking '/home/zain13/Desktop/Chemical-Plant-Inspector/SLAM/install/robot_patrol' for CMake module files
[0.750s] DEBUG:colcon.colcon_core.event_handler.log_command:Invoked command in '/home/zain13/Desktop/Chemical-Plant-Inspector/SLAM/src/robot_patrol' returned '0': PYTHONPATH=/home/zain13/Desktop/Chemical-Plant-Inspector/SLAM/build/robot_patrol/prefix_override:/home/zain13/Desktop/Chemical-Plant-Inspector/SLAM/install/robot_patrol/lib/python3.10/site-packages:${PYTHONPATH} /usr/bin/python3 -W ignore:setup.py install is deprecated setup.py egg_info --egg-base ../../build/robot_patrol build --build-base /home/zain13/Desktop/Chemical-Plant-Inspector/SLAM/build/robot_patrol/build install --record /home/zain13/Desktop/Chemical-Plant-Inspector/SLAM/build/robot_patrol/install.log --single-version-externally-managed install_data
[0.750s] Level 1:colcon.colcon_core.environment:checking '/home/zain13/Desktop/Chemical-Plant-Inspector/SLAM/install/robot_patrol' for CMake config files
[0.750s] Level 1:colcon.colcon_core.environment:checking '/home/zain13/Desktop/Chemical-Plant-Inspector/SLAM/install/robot_patrol/lib'
[0.750s] Level 1:colcon.colcon_core.environment:checking '/home/zain13/Desktop/Chemical-Plant-Inspector/SLAM/install/robot_patrol/bin'
[0.750s] Level 1:colcon.colcon_core.environment:checking '/home/zain13/Desktop/Chemical-Plant-Inspector/SLAM/install/robot_patrol/lib/pkgconfig/robot_patrol.pc'
[0.750s] Level 1:colcon.colcon_core.environment:checking '/home/zain13/Desktop/Chemical-Plant-Inspector/SLAM/install/robot_patrol/lib/python3.10/site-packages'
[0.750s] Level 1:colcon.colcon_core.shell:create_environment_hook('robot_patrol', 'pythonpath')
[0.751s] INFO:colcon.colcon_core.shell:Creating environment hook '/home/zain13/Desktop/Chemical-Plant-Inspector/SLAM/install/robot_patrol/share/robot_patrol/hook/pythonpath.ps1'
[0.751s] INFO:colcon.colcon_core.shell:Creating environment descriptor '/home/zain13/Desktop/Chemical-Plant-Inspector/SLAM/install/robot_patrol/share/robot_patrol/hook/pythonpath.dsv'
[0.751s] INFO:colcon.colcon_core.shell:Creating environment hook '/home/zain13/Desktop/Chemical-Plant-Inspector/SLAM/install/robot_patrol/share/robot_patrol/hook/pythonpath.sh'
[0.751s] Level 1:colcon.colcon_core.environment:checking '/home/zain13/Desktop/Chemical-Plant-Inspector/SLAM/install/robot_patrol/bin'
[0.751s] Level 1:colcon.colcon_core.environment:create_environment_scripts_only(robot_patrol)
[0.751s] INFO:colcon.colcon_core.shell:Creating package script '/home/zain13/Desktop/Chemical-Plant-Inspector/SLAM/install/robot_patrol/share/robot_patrol/package.ps1'
[0.752s] INFO:colcon.colcon_core.shell:Creating package descriptor '/home/zain13/Desktop/Chemical-Plant-Inspector/SLAM/install/robot_patrol/share/robot_patrol/package.dsv'
[0.752s] INFO:colcon.colcon_core.shell:Creating package script '/home/zain13/Desktop/Chemical-Plant-Inspector/SLAM/install/robot_patrol/share/robot_patrol/package.sh'
[0.752s] INFO:colcon.colcon_core.shell:Creating package script '/home/zain13/Desktop/Chemical-Plant-Inspector/SLAM/install/robot_patrol/share/robot_patrol/package.bash'
[0.752s] INFO:colcon.colcon_core.shell:Creating package script '/home/zain13/Desktop/Chemical-Plant-Inspector/SLAM/install/robot_patrol/share/robot_patrol/package.zsh'
[0.752s] Level 1:colcon.colcon_core.environment:create_file_with_runtime_dependencies(/home/zain13/Desktop/Chemical-Plant-Inspector/SLAM/install/robot_patrol/share/colcon-core/packages/robot_patrol)
[0.752s] DEBUG:colcon.colcon_parallel_executor.executor.parallel:closing loop
[0.752s] DEBUG:colcon.colcon_parallel_executor.executor.parallel:loop closed
[0.752s] DEBUG:colcon.colcon_parallel_executor.executor.parallel:run_until_complete finished with '0'
[0.752s] DEBUG:colcon.colcon_core.event_reactor:joining thread
[0.756s] INFO:colcon.colcon_core.plugin_system:Skipping extension 'colcon_notification.desktop_notification.terminal_notifier': Not used on non-Darwin systems
[0.757s] INFO:colcon.colcon_core.plugin_system:Skipping extension 'colcon_notification.desktop_notification.win32': Not used on non-Windows systems
[0.757s] INFO:colcon.colcon_notification.desktop_notification:Sending desktop notification using 'notify2'
[0.765s] DEBUG:colcon.colcon_core.event_reactor:joined thread
[0.765s] INFO:colcon.colcon_core.shell:Creating prefix script '/home/zain13/Desktop/Chemical-Plant-Inspector/SLAM/install/local_setup.ps1'
[0.766s] INFO:colcon.colcon_core.shell:Creating prefix util module '/home/zain13/Desktop/Chemical-Plant-Inspector/SLAM/install/_local_setup_util_ps1.py'
[0.766s] INFO:colcon.colcon_core.shell:Creating prefix chain script '/home/zain13/Desktop/Chemical-Plant-Inspector/SLAM/install/setup.ps1'
[0.767s] INFO:colcon.colcon_core.shell:Creating prefix script '/home/zain13/Desktop/Chemical-Plant-Inspector/SLAM/install/local_setup.sh'
[0.767s] INFO:colcon.colcon_core.shell:Creating prefix util module '/home/zain13/Desktop/Chemical-Plant-Inspector/SLAM/install/_local_setup_util_sh.py'
[0.767s] INFO:colcon.colcon_core.shell:Creating prefix chain script '/home/zain13/Desktop/Chemical-Plant-Inspector/SLAM/install/setup.sh'
[0.768s] INFO:colcon.colcon_core.shell:Creating prefix script '/home/zain13/Desktop/Chemical-Plant-Inspector/SLAM/install/local_setup.bash'
[0.768s] INFO:colcon.colcon_core.shell:Creating prefix chain script '/home/zain13/Desktop/Chemical-Plant-Inspector/SLAM/install/setup.bash'
[0.769s] INFO:colcon.colcon_core.shell:Creating prefix script '/home/zain13/Desktop/Chemical-Plant-Inspector/SLAM/install/local_setup.zsh'
[0.769s] INFO:colcon.colcon_core.shell:Creating prefix chain script '/home/zain13/Desktop/Chemical-Plant-Inspector/SLAM/install/setup.zsh'
