[1.014s] Invoking command in '/home/user/Documents/ChemicalPlantInspection/workspace_auro/src/Perception/build/Perception': PYTHONPATH=/home/user/Documents/ChemicalPlantInspection/workspace_auro/src/Perception/build/Perception/prefix_override:/home/user/Documents/ChemicalPlantInspection/workspace_auro/src/Perception/install/Perception/lib/python3.10/site-packages:${PYTHONPATH} /usr/bin/python3 -W ignore:setup.py install is deprecated setup.py develop --editable --build-directory /home/user/Documents/ChemicalPlantInspection/workspace_auro/src/Perception/build/Perception/build --no-deps symlink_data
[1.309s] running develop
[1.513s] running egg_info
[1.514s] creating Perception.egg-info
[1.514s] writing Perception.egg-info/PKG-INFO
[1.514s] writing dependency_links to Perception.egg-info/dependency_links.txt
[1.514s] writing entry points to Perception.egg-info/entry_points.txt
[1.514s] writing requirements to Perception.egg-info/requires.txt
[1.514s] writing top-level names to Perception.egg-info/top_level.txt
[1.515s] writing manifest file 'Perception.egg-info/SOURCES.txt'
[1.517s] reading manifest file 'Perception.egg-info/SOURCES.txt'
[1.518s] writing manifest file 'Perception.egg-info/SOURCES.txt'
[1.520s] running build_ext
[1.520s] Creating /home/user/Documents/ChemicalPlantInspection/workspace_auro/src/Perception/install/Perception/lib/python3.10/site-packages/Perception.egg-link (link to .)
[1.521s] Installing parse_lidar script to /home/user/Documents/ChemicalPlantInspection/workspace_auro/src/Perception/install/Perception/lib/Perception
[1.521s] 
[1.522s] Installed /home/user/Documents/ChemicalPlantInspection/workspace_auro/src/Perception/build/Perception
[1.522s] running symlink_data
[1.522s] creating /home/user/Documents/ChemicalPlantInspection/workspace_auro/src/Perception/install/Perception/share/ament_index
[1.522s] creating /home/user/Documents/ChemicalPlantInspection/workspace_auro/src/Perception/install/Perception/share/ament_index/resource_index
[1.522s] creating /home/user/Documents/ChemicalPlantInspection/workspace_auro/src/Perception/install/Perception/share/ament_index/resource_index/packages
[1.522s] symbolically linking /home/user/Documents/ChemicalPlantInspection/workspace_auro/src/Perception/build/Perception/resource/Perception -> /home/user/Documents/ChemicalPlantInspection/workspace_auro/src/Perception/install/Perception/share/ament_index/resource_index/packages
[1.523s] symbolically linking /home/user/Documents/ChemicalPlantInspection/workspace_auro/src/Perception/build/Perception/package.xml -> /home/user/Documents/ChemicalPlantInspection/workspace_auro/src/Perception/install/Perception/share/Perception
[1.558s] Invoked command in '/home/user/Documents/ChemicalPlantInspection/workspace_auro/src/Perception/build/Perception' returned '0': PYTHONPATH=/home/user/Documents/ChemicalPlantInspection/workspace_auro/src/Perception/build/Perception/prefix_override:/home/user/Documents/ChemicalPlantInspection/workspace_auro/src/Perception/install/Perception/lib/python3.10/site-packages:${PYTHONPATH} /usr/bin/python3 -W ignore:setup.py install is deprecated setup.py develop --editable --build-directory /home/user/Documents/ChemicalPlantInspection/workspace_auro/src/Perception/build/Perception/build --no-deps symlink_data
