[0.064s] DEBUG:colcon:Command line arguments: ['/usr/bin/colcon', 'build', '--symlink-install']
[0.065s] DEBUG:colcon:Parsed command line arguments: Namespace(log_base=None, log_level=None, verb_name='build', build_base='build', install_base='install', merge_install=False, symlink_install=True, test_result_base=None, continue_on_error=False, executor='parallel', parallel_workers=16, event_handlers=None, ignore_user_meta=False, metas=['./colcon.meta'], base_paths=['.'], packages_ignore=None, packages_ignore_regex=None, paths=None, packages_up_to=None, packages_up_to_regex=None, packages_above=None, packages_above_and_dependencies=None, packages_above_depth=None, packages_select_by_dep=None, packages_skip_by_dep=None, packages_skip_up_to=None, packages_select_build_failed=False, packages_skip_build_finished=False, packages_select_test_failures=False, packages_skip_test_passed=False, packages_select=None, packages_skip=None, packages_select_regex=None, packages_skip_regex=None, packages_start=None, packages_end=None, allow_overriding=[], cmake_args=None, cmake_target=None, cmake_target_skip_unavailable=False, cmake_clean_cache=False, cmake_clean_first=False, cmake_force_configure=False, ament_cmake_args=None, catkin_cmake_args=None, catkin_skip_building_tests=False, verb_parser=<colcon_defaults.argument_parser.defaults.DefaultArgumentsDecorator object at 0x7086f12a9690>, verb_extension=<colcon_core.verb.build.BuildVerb object at 0x7086f12a8fd0>, main=<bound method BuildVerb.main of <colcon_core.verb.build.BuildVerb object at 0x7086f12a8fd0>>)
[0.163s] Level 1:colcon.colcon_core.package_discovery:discover_packages(colcon_meta) check parameters
[0.163s] Level 1:colcon.colcon_core.package_discovery:discover_packages(recursive) check parameters
[0.163s] Level 1:colcon.colcon_core.package_discovery:discover_packages(ignore) check parameters
[0.163s] Level 1:colcon.colcon_core.package_discovery:discover_packages(path) check parameters
[0.164s] Level 1:colcon.colcon_core.package_discovery:discover_packages(colcon_meta) discover
[0.164s] Level 1:colcon.colcon_core.package_discovery:discover_packages(recursive) discover
[0.164s] INFO:colcon.colcon_core.package_discovery:Crawling recursively for packages in '/home/zain13/Desktop/Chemical-Plant-Inspector/workspace_auro'
[0.164s] Level 1:colcon.colcon_core.package_identification:_identify(.) by extensions ['ignore', 'ignore_ament_install']
[0.164s] Level 1:colcon.colcon_core.package_identification:_identify(.) by extension 'ignore'
[0.164s] Level 1:colcon.colcon_core.package_identification:_identify(.) by extension 'ignore_ament_install'
[0.164s] Level 1:colcon.colcon_core.package_identification:_identify(.) by extensions ['colcon_pkg']
[0.164s] Level 1:colcon.colcon_core.package_identification:_identify(.) by extension 'colcon_pkg'
[0.164s] Level 1:colcon.colcon_core.package_identification:_identify(.) by extensions ['colcon_meta']
[0.164s] Level 1:colcon.colcon_core.package_identification:_identify(.) by extension 'colcon_meta'
[0.164s] Level 1:colcon.colcon_core.package_identification:_identify(.) by extensions ['ros']
[0.164s] Level 1:colcon.colcon_core.package_identification:_identify(.) by extension 'ros'
[0.169s] Level 1:colcon.colcon_core.package_identification:_identify(.) by extensions ['cmake', 'python']
[0.170s] Level 1:colcon.colcon_core.package_identification:_identify(.) by extension 'cmake'
[0.170s] Level 1:colcon.colcon_core.package_identification:_identify(.) by extension 'python'
[0.170s] Level 1:colcon.colcon_core.package_identification:_identify(.) by extensions ['python_setup_py']
[0.170s] Level 1:colcon.colcon_core.package_identification:_identify(.) by extension 'python_setup_py'
[0.170s] Level 1:colcon.colcon_core.package_identification:_identify(build) by extensions ['ignore', 'ignore_ament_install']
[0.170s] Level 1:colcon.colcon_core.package_identification:_identify(build) by extension 'ignore'
[0.170s] Level 1:colcon.colcon_core.package_identification:_identify(build) ignored
[0.170s] Level 1:colcon.colcon_core.package_identification:_identify(install) by extensions ['ignore', 'ignore_ament_install']
[0.170s] Level 1:colcon.colcon_core.package_identification:_identify(install) by extension 'ignore'
[0.170s] Level 1:colcon.colcon_core.package_identification:_identify(install) ignored
[0.170s] Level 1:colcon.colcon_core.package_identification:_identify(log) by extensions ['ignore', 'ignore_ament_install']
[0.170s] Level 1:colcon.colcon_core.package_identification:_identify(log) by extension 'ignore'
[0.170s] Level 1:colcon.colcon_core.package_identification:_identify(log) ignored
[0.170s] Level 1:colcon.colcon_core.package_identification:_identify(models) by extensions ['ignore', 'ignore_ament_install']
[0.170s] Level 1:colcon.colcon_core.package_identification:_identify(models) by extension 'ignore'
[0.170s] Level 1:colcon.colcon_core.package_identification:_identify(models) by extension 'ignore_ament_install'
[0.170s] Level 1:colcon.colcon_core.package_identification:_identify(models) by extensions ['colcon_pkg']
[0.170s] Level 1:colcon.colcon_core.package_identification:_identify(models) by extension 'colcon_pkg'
[0.170s] Level 1:colcon.colcon_core.package_identification:_identify(models) by extensions ['colcon_meta']
[0.170s] Level 1:colcon.colcon_core.package_identification:_identify(models) by extension 'colcon_meta'
[0.170s] Level 1:colcon.colcon_core.package_identification:_identify(models) by extensions ['ros']
[0.170s] Level 1:colcon.colcon_core.package_identification:_identify(models) by extension 'ros'
[0.170s] Level 1:colcon.colcon_core.package_identification:_identify(models) by extensions ['cmake', 'python']
[0.170s] Level 1:colcon.colcon_core.package_identification:_identify(models) by extension 'cmake'
[0.170s] Level 1:colcon.colcon_core.package_identification:_identify(models) by extension 'python'
[0.170s] Level 1:colcon.colcon_core.package_identification:_identify(models) by extensions ['python_setup_py']
[0.170s] Level 1:colcon.colcon_core.package_identification:_identify(models) by extension 'python_setup_py'
[0.170s] Level 1:colcon.colcon_core.package_identification:_identify(msg) by extensions ['ignore', 'ignore_ament_install']
[0.170s] Level 1:colcon.colcon_core.package_identification:_identify(msg) by extension 'ignore'
[0.170s] Level 1:colcon.colcon_core.package_identification:_identify(msg) by extension 'ignore_ament_install'
[0.170s] Level 1:colcon.colcon_core.package_identification:_identify(msg) by extensions ['colcon_pkg']
[0.170s] Level 1:colcon.colcon_core.package_identification:_identify(msg) by extension 'colcon_pkg'
[0.170s] Level 1:colcon.colcon_core.package_identification:_identify(msg) by extensions ['colcon_meta']
[0.170s] Level 1:colcon.colcon_core.package_identification:_identify(msg) by extension 'colcon_meta'
[0.170s] Level 1:colcon.colcon_core.package_identification:_identify(msg) by extensions ['ros']
[0.170s] Level 1:colcon.colcon_core.package_identification:_identify(msg) by extension 'ros'
[0.170s] Level 1:colcon.colcon_core.package_identification:_identify(msg) by extensions ['cmake', 'python']
[0.170s] Level 1:colcon.colcon_core.package_identification:_identify(msg) by extension 'cmake'
[0.170s] Level 1:colcon.colcon_core.package_identification:_identify(msg) by extension 'python'
[0.170s] Level 1:colcon.colcon_core.package_identification:_identify(msg) by extensions ['python_setup_py']
[0.171s] Level 1:colcon.colcon_core.package_identification:_identify(msg) by extension 'python_setup_py'
[0.171s] Level 1:colcon.colcon_core.package_identification:_identify(msg/build) by extensions ['ignore', 'ignore_ament_install']
[0.171s] Level 1:colcon.colcon_core.package_identification:_identify(msg/build) by extension 'ignore'
[0.171s] Level 1:colcon.colcon_core.package_identification:_identify(msg/build) ignored
[0.171s] Level 1:colcon.colcon_core.package_identification:_identify(msg/install) by extensions ['ignore', 'ignore_ament_install']
[0.171s] Level 1:colcon.colcon_core.package_identification:_identify(msg/install) by extension 'ignore'
[0.171s] Level 1:colcon.colcon_core.package_identification:_identify(msg/install) ignored
[0.171s] Level 1:colcon.colcon_core.package_identification:_identify(msg/log) by extensions ['ignore', 'ignore_ament_install']
[0.171s] Level 1:colcon.colcon_core.package_identification:_identify(msg/log) by extension 'ignore'
[0.171s] Level 1:colcon.colcon_core.package_identification:_identify(msg/log) ignored
[0.171s] Level 1:colcon.colcon_core.package_identification:_identify(src) by extensions ['ignore', 'ignore_ament_install']
[0.171s] Level 1:colcon.colcon_core.package_identification:_identify(src) by extension 'ignore'
[0.171s] Level 1:colcon.colcon_core.package_identification:_identify(src) by extension 'ignore_ament_install'
[0.171s] Level 1:colcon.colcon_core.package_identification:_identify(src) by extensions ['colcon_pkg']
[0.171s] Level 1:colcon.colcon_core.package_identification:_identify(src) by extension 'colcon_pkg'
[0.171s] Level 1:colcon.colcon_core.package_identification:_identify(src) by extensions ['colcon_meta']
[0.171s] Level 1:colcon.colcon_core.package_identification:_identify(src) by extension 'colcon_meta'
[0.171s] Level 1:colcon.colcon_core.package_identification:_identify(src) by extensions ['ros']
[0.171s] Level 1:colcon.colcon_core.package_identification:_identify(src) by extension 'ros'
[0.171s] Level 1:colcon.colcon_core.package_identification:_identify(src) by extensions ['cmake', 'python']
[0.171s] Level 1:colcon.colcon_core.package_identification:_identify(src) by extension 'cmake'
[0.171s] Level 1:colcon.colcon_core.package_identification:_identify(src) by extension 'python'
[0.171s] Level 1:colcon.colcon_core.package_identification:_identify(src) by extensions ['python_setup_py']
[0.171s] Level 1:colcon.colcon_core.package_identification:_identify(src) by extension 'python_setup_py'
[0.171s] Level 1:colcon.colcon_core.package_identification:_identify(src/Interfaces) by extensions ['ignore', 'ignore_ament_install']
[0.171s] Level 1:colcon.colcon_core.package_identification:_identify(src/Interfaces) by extension 'ignore'
[0.171s] Level 1:colcon.colcon_core.package_identification:_identify(src/Interfaces) by extension 'ignore_ament_install'
[0.171s] Level 1:colcon.colcon_core.package_identification:_identify(src/Interfaces) by extensions ['colcon_pkg']
[0.171s] Level 1:colcon.colcon_core.package_identification:_identify(src/Interfaces) by extension 'colcon_pkg'
[0.171s] Level 1:colcon.colcon_core.package_identification:_identify(src/Interfaces) by extensions ['colcon_meta']
[0.171s] Level 1:colcon.colcon_core.package_identification:_identify(src/Interfaces) by extension 'colcon_meta'
[0.171s] Level 1:colcon.colcon_core.package_identification:_identify(src/Interfaces) by extensions ['ros']
[0.171s] Level 1:colcon.colcon_core.package_identification:_identify(src/Interfaces) by extension 'ros'
[0.172s] DEBUG:colcon.colcon_core.package_identification:Package 'src/Interfaces' with type 'ros.ament_python' and name 'Interfaces'
[0.173s] Level 1:colcon.colcon_core.package_identification:_identify(src/Localisation) by extensions ['ignore', 'ignore_ament_install']
[0.173s] Level 1:colcon.colcon_core.package_identification:_identify(src/Localisation) by extension 'ignore'
[0.173s] Level 1:colcon.colcon_core.package_identification:_identify(src/Localisation) by extension 'ignore_ament_install'
[0.173s] Level 1:colcon.colcon_core.package_identification:_identify(src/Localisation) by extensions ['colcon_pkg']
[0.173s] Level 1:colcon.colcon_core.package_identification:_identify(src/Localisation) by extension 'colcon_pkg'
[0.173s] Level 1:colcon.colcon_core.package_identification:_identify(src/Localisation) by extensions ['colcon_meta']
[0.173s] Level 1:colcon.colcon_core.package_identification:_identify(src/Localisation) by extension 'colcon_meta'
[0.173s] Level 1:colcon.colcon_core.package_identification:_identify(src/Localisation) by extensions ['ros']
[0.173s] Level 1:colcon.colcon_core.package_identification:_identify(src/Localisation) by extension 'ros'
[0.173s] DEBUG:colcon.colcon_core.package_identification:Package 'src/Localisation' with type 'ros.ament_python' and name 'Localisation'
[0.173s] Level 1:colcon.colcon_core.package_identification:_identify(src/NavigationAndPlanning) by extensions ['ignore', 'ignore_ament_install']
[0.173s] Level 1:colcon.colcon_core.package_identification:_identify(src/NavigationAndPlanning) by extension 'ignore'
[0.173s] Level 1:colcon.colcon_core.package_identification:_identify(src/NavigationAndPlanning) by extension 'ignore_ament_install'
[0.173s] Level 1:colcon.colcon_core.package_identification:_identify(src/NavigationAndPlanning) by extensions ['colcon_pkg']
[0.173s] Level 1:colcon.colcon_core.package_identification:_identify(src/NavigationAndPlanning) by extension 'colcon_pkg'
[0.173s] Level 1:colcon.colcon_core.package_identification:_identify(src/NavigationAndPlanning) by extensions ['colcon_meta']
[0.173s] Level 1:colcon.colcon_core.package_identification:_identify(src/NavigationAndPlanning) by extension 'colcon_meta'
[0.173s] Level 1:colcon.colcon_core.package_identification:_identify(src/NavigationAndPlanning) by extensions ['ros']
[0.173s] Level 1:colcon.colcon_core.package_identification:_identify(src/NavigationAndPlanning) by extension 'ros'
[0.173s] DEBUG:colcon.colcon_core.package_identification:Package 'src/NavigationAndPlanning' with type 'ros.ament_python' and name 'NavigationAndPlanning'
[0.173s] Level 1:colcon.colcon_core.package_identification:_identify(src/Perception) by extensions ['ignore', 'ignore_ament_install']
[0.174s] Level 1:colcon.colcon_core.package_identification:_identify(src/Perception) by extension 'ignore'
[0.174s] Level 1:colcon.colcon_core.package_identification:_identify(src/Perception) by extension 'ignore_ament_install'
[0.174s] Level 1:colcon.colcon_core.package_identification:_identify(src/Perception) by extensions ['colcon_pkg']
[0.174s] Level 1:colcon.colcon_core.package_identification:_identify(src/Perception) by extension 'colcon_pkg'
[0.174s] Level 1:colcon.colcon_core.package_identification:_identify(src/Perception) by extensions ['colcon_meta']
[0.174s] Level 1:colcon.colcon_core.package_identification:_identify(src/Perception) by extension 'colcon_meta'
[0.174s] Level 1:colcon.colcon_core.package_identification:_identify(src/Perception) by extensions ['ros']
[0.174s] Level 1:colcon.colcon_core.package_identification:_identify(src/Perception) by extension 'ros'
[0.174s] DEBUG:colcon.colcon_core.package_identification:Package 'src/Perception' with type 'ros.ament_python' and name 'Perception'
[0.174s] Level 1:colcon.colcon_core.package_discovery:discover_packages(recursive) using defaults
[0.174s] Level 1:colcon.colcon_core.package_discovery:discover_packages(ignore) discover
[0.174s] Level 1:colcon.colcon_core.package_discovery:discover_packages(ignore) using defaults
[0.174s] Level 1:colcon.colcon_core.package_discovery:discover_packages(path) discover
[0.174s] Level 1:colcon.colcon_core.package_discovery:discover_packages(path) using defaults
[0.190s] Level 1:colcon.colcon_core.package_discovery:discover_packages(prefix_path) check parameters
[0.190s] Level 1:colcon.colcon_core.package_discovery:discover_packages(prefix_path) discover
[0.191s] DEBUG:colcon.colcon_installed_package_information.package_discovery:Found 4 installed packages in /home/zain13/Desktop/Chemical-Plant-Inspector/workspace_auro/install
[0.191s] DEBUG:colcon.colcon_installed_package_information.package_discovery:Found 3 installed packages in /home/zain13/ros2_ws/install
[0.192s] DEBUG:colcon.colcon_installed_package_information.package_discovery:Found 293 installed packages in /opt/ros/humble
[0.193s] Level 1:colcon.colcon_core.package_discovery:discover_packages(prefix_path) using defaults
[0.213s] Level 5:colcon.colcon_core.verb:set package 'Interfaces' build argument 'cmake_args' from command line to 'None'
[0.213s] Level 5:colcon.colcon_core.verb:set package 'Interfaces' build argument 'cmake_target' from command line to 'None'
[0.213s] Level 5:colcon.colcon_core.verb:set package 'Interfaces' build argument 'cmake_target_skip_unavailable' from command line to 'False'
[0.213s] Level 5:colcon.colcon_core.verb:set package 'Interfaces' build argument 'cmake_clean_cache' from command line to 'False'
[0.214s] Level 5:colcon.colcon_core.verb:set package 'Interfaces' build argument 'cmake_clean_first' from command line to 'False'
[0.214s] Level 5:colcon.colcon_core.verb:set package 'Interfaces' build argument 'cmake_force_configure' from command line to 'False'
[0.214s] Level 5:colcon.colcon_core.verb:set package 'Interfaces' build argument 'ament_cmake_args' from command line to 'None'
[0.214s] Level 5:colcon.colcon_core.verb:set package 'Interfaces' build argument 'catkin_cmake_args' from command line to 'None'
[0.214s] Level 5:colcon.colcon_core.verb:set package 'Interfaces' build argument 'catkin_skip_building_tests' from command line to 'False'
[0.214s] DEBUG:colcon.colcon_core.verb:Building package 'Interfaces' with the following arguments: {'ament_cmake_args': None, 'build_base': '/home/zain13/Desktop/Chemical-Plant-Inspector/workspace_auro/build/Interfaces', 'catkin_cmake_args': None, 'catkin_skip_building_tests': False, 'cmake_args': None, 'cmake_clean_cache': False, 'cmake_clean_first': False, 'cmake_force_configure': False, 'cmake_target': None, 'cmake_target_skip_unavailable': False, 'install_base': '/home/zain13/Desktop/Chemical-Plant-Inspector/workspace_auro/install/Interfaces', 'merge_install': False, 'path': '/home/zain13/Desktop/Chemical-Plant-Inspector/workspace_auro/src/Interfaces', 'symlink_install': True, 'test_result_base': None}
[0.214s] Level 5:colcon.colcon_core.verb:set package 'Localisation' build argument 'cmake_args' from command line to 'None'
[0.214s] Level 5:colcon.colcon_core.verb:set package 'Localisation' build argument 'cmake_target' from command line to 'None'
[0.214s] Level 5:colcon.colcon_core.verb:set package 'Localisation' build argument 'cmake_target_skip_unavailable' from command line to 'False'
[0.214s] Level 5:colcon.colcon_core.verb:set package 'Localisation' build argument 'cmake_clean_cache' from command line to 'False'
[0.214s] Level 5:colcon.colcon_core.verb:set package 'Localisation' build argument 'cmake_clean_first' from command line to 'False'
[0.214s] Level 5:colcon.colcon_core.verb:set package 'Localisation' build argument 'cmake_force_configure' from command line to 'False'
[0.214s] Level 5:colcon.colcon_core.verb:set package 'Localisation' build argument 'ament_cmake_args' from command line to 'None'
[0.214s] Level 5:colcon.colcon_core.verb:set package 'Localisation' build argument 'catkin_cmake_args' from command line to 'None'
[0.214s] Level 5:colcon.colcon_core.verb:set package 'Localisation' build argument 'catkin_skip_building_tests' from command line to 'False'
[0.214s] DEBUG:colcon.colcon_core.verb:Building package 'Localisation' with the following arguments: {'ament_cmake_args': None, 'build_base': '/home/zain13/Desktop/Chemical-Plant-Inspector/workspace_auro/build/Localisation', 'catkin_cmake_args': None, 'catkin_skip_building_tests': False, 'cmake_args': None, 'cmake_clean_cache': False, 'cmake_clean_first': False, 'cmake_force_configure': False, 'cmake_target': None, 'cmake_target_skip_unavailable': False, 'install_base': '/home/zain13/Desktop/Chemical-Plant-Inspector/workspace_auro/install/Localisation', 'merge_install': False, 'path': '/home/zain13/Desktop/Chemical-Plant-Inspector/workspace_auro/src/Localisation', 'symlink_install': True, 'test_result_base': None}
[0.214s] Level 5:colcon.colcon_core.verb:set package 'NavigationAndPlanning' build argument 'cmake_args' from command line to 'None'
[0.214s] Level 5:colcon.colcon_core.verb:set package 'NavigationAndPlanning' build argument 'cmake_target' from command line to 'None'
[0.214s] Level 5:colcon.colcon_core.verb:set package 'NavigationAndPlanning' build argument 'cmake_target_skip_unavailable' from command line to 'False'
[0.214s] Level 5:colcon.colcon_core.verb:set package 'NavigationAndPlanning' build argument 'cmake_clean_cache' from command line to 'False'
[0.214s] Level 5:colcon.colcon_core.verb:set package 'NavigationAndPlanning' build argument 'cmake_clean_first' from command line to 'False'
[0.214s] Level 5:colcon.colcon_core.verb:set package 'NavigationAndPlanning' build argument 'cmake_force_configure' from command line to 'False'
[0.215s] Level 5:colcon.colcon_core.verb:set package 'NavigationAndPlanning' build argument 'ament_cmake_args' from command line to 'None'
[0.215s] Level 5:colcon.colcon_core.verb:set package 'NavigationAndPlanning' build argument 'catkin_cmake_args' from command line to 'None'
[0.215s] Level 5:colcon.colcon_core.verb:set package 'NavigationAndPlanning' build argument 'catkin_skip_building_tests' from command line to 'False'
[0.215s] DEBUG:colcon.colcon_core.verb:Building package 'NavigationAndPlanning' with the following arguments: {'ament_cmake_args': None, 'build_base': '/home/zain13/Desktop/Chemical-Plant-Inspector/workspace_auro/build/NavigationAndPlanning', 'catkin_cmake_args': None, 'catkin_skip_building_tests': False, 'cmake_args': None, 'cmake_clean_cache': False, 'cmake_clean_first': False, 'cmake_force_configure': False, 'cmake_target': None, 'cmake_target_skip_unavailable': False, 'install_base': '/home/zain13/Desktop/Chemical-Plant-Inspector/workspace_auro/install/NavigationAndPlanning', 'merge_install': False, 'path': '/home/zain13/Desktop/Chemical-Plant-Inspector/workspace_auro/src/NavigationAndPlanning', 'symlink_install': True, 'test_result_base': None}
[0.215s] Level 5:colcon.colcon_core.verb:set package 'Perception' build argument 'cmake_args' from command line to 'None'
[0.215s] Level 5:colcon.colcon_core.verb:set package 'Perception' build argument 'cmake_target' from command line to 'None'
[0.215s] Level 5:colcon.colcon_core.verb:set package 'Perception' build argument 'cmake_target_skip_unavailable' from command line to 'False'
[0.215s] Level 5:colcon.colcon_core.verb:set package 'Perception' build argument 'cmake_clean_cache' from command line to 'False'
[0.215s] Level 5:colcon.colcon_core.verb:set package 'Perception' build argument 'cmake_clean_first' from command line to 'False'
[0.215s] Level 5:colcon.colcon_core.verb:set package 'Perception' build argument 'cmake_force_configure' from command line to 'False'
[0.215s] Level 5:colcon.colcon_core.verb:set package 'Perception' build argument 'ament_cmake_args' from command line to 'None'
[0.215s] Level 5:colcon.colcon_core.verb:set package 'Perception' build argument 'catkin_cmake_args' from command line to 'None'
[0.215s] Level 5:colcon.colcon_core.verb:set package 'Perception' build argument 'catkin_skip_building_tests' from command line to 'False'
[0.215s] DEBUG:colcon.colcon_core.verb:Building package 'Perception' with the following arguments: {'ament_cmake_args': None, 'build_base': '/home/zain13/Desktop/Chemical-Plant-Inspector/workspace_auro/build/Perception', 'catkin_cmake_args': None, 'catkin_skip_building_tests': False, 'cmake_args': None, 'cmake_clean_cache': False, 'cmake_clean_first': False, 'cmake_force_configure': False, 'cmake_target': None, 'cmake_target_skip_unavailable': False, 'install_base': '/home/zain13/Desktop/Chemical-Plant-Inspector/workspace_auro/install/Perception', 'merge_install': False, 'path': '/home/zain13/Desktop/Chemical-Plant-Inspector/workspace_auro/src/Perception', 'symlink_install': True, 'test_result_base': None}
[0.215s] INFO:colcon.colcon_core.executor:Executing jobs using 'parallel' executor
[0.216s] DEBUG:colcon.colcon_parallel_executor.executor.parallel:run_until_complete
[0.216s] INFO:colcon.colcon_ros.task.ament_python.build:Building ROS package in '/home/zain13/Desktop/Chemical-Plant-Inspector/workspace_auro/src/Interfaces' with build type 'ament_python'
[0.216s] Level 1:colcon.colcon_core.shell:create_environment_hook('Interfaces', 'ament_prefix_path')
[0.217s] INFO:colcon.colcon_core.plugin_system:Skipping extension 'colcon_core.shell.bat': Not used on non-Windows systems
[0.217s] INFO:colcon.colcon_core.shell:Creating environment hook '/home/zain13/Desktop/Chemical-Plant-Inspector/workspace_auro/install/Interfaces/share/Interfaces/hook/ament_prefix_path.ps1'
[0.218s] INFO:colcon.colcon_core.shell:Creating environment descriptor '/home/zain13/Desktop/Chemical-Plant-Inspector/workspace_auro/install/Interfaces/share/Interfaces/hook/ament_prefix_path.dsv'
[0.218s] INFO:colcon.colcon_core.shell:Creating environment hook '/home/zain13/Desktop/Chemical-Plant-Inspector/workspace_auro/install/Interfaces/share/Interfaces/hook/ament_prefix_path.sh'
[0.219s] INFO:colcon.colcon_core.shell:Skip shell extension 'powershell' for command environment: Not usable outside of PowerShell
[0.219s] DEBUG:colcon.colcon_core.shell:Skip shell extension 'dsv' for command environment
[0.221s] INFO:colcon.colcon_ros.task.ament_python.build:Building ROS package in '/home/zain13/Desktop/Chemical-Plant-Inspector/workspace_auro/src/Localisation' with build type 'ament_python'
[0.221s] Level 1:colcon.colcon_core.shell:create_environment_hook('Localisation', 'ament_prefix_path')
[0.221s] INFO:colcon.colcon_core.shell:Creating environment hook '/home/zain13/Desktop/Chemical-Plant-Inspector/workspace_auro/install/Localisation/share/Localisation/hook/ament_prefix_path.ps1'
[0.222s] INFO:colcon.colcon_core.shell:Creating environment descriptor '/home/zain13/Desktop/Chemical-Plant-Inspector/workspace_auro/install/Localisation/share/Localisation/hook/ament_prefix_path.dsv'
[0.222s] INFO:colcon.colcon_core.shell:Creating environment hook '/home/zain13/Desktop/Chemical-Plant-Inspector/workspace_auro/install/Localisation/share/Localisation/hook/ament_prefix_path.sh'
[0.222s] INFO:colcon.colcon_core.shell:Skip shell extension 'powershell' for command environment: Not usable outside of PowerShell
[0.222s] DEBUG:colcon.colcon_core.shell:Skip shell extension 'dsv' for command environment
[0.224s] INFO:colcon.colcon_ros.task.ament_python.build:Building ROS package in '/home/zain13/Desktop/Chemical-Plant-Inspector/workspace_auro/src/NavigationAndPlanning' with build type 'ament_python'
[0.224s] Level 1:colcon.colcon_core.shell:create_environment_hook('NavigationAndPlanning', 'ament_prefix_path')
[0.224s] INFO:colcon.colcon_core.shell:Creating environment hook '/home/zain13/Desktop/Chemical-Plant-Inspector/workspace_auro/install/NavigationAndPlanning/share/NavigationAndPlanning/hook/ament_prefix_path.ps1'
[0.225s] INFO:colcon.colcon_core.shell:Creating environment descriptor '/home/zain13/Desktop/Chemical-Plant-Inspector/workspace_auro/install/NavigationAndPlanning/share/NavigationAndPlanning/hook/ament_prefix_path.dsv'
[0.225s] INFO:colcon.colcon_core.shell:Creating environment hook '/home/zain13/Desktop/Chemical-Plant-Inspector/workspace_auro/install/NavigationAndPlanning/share/NavigationAndPlanning/hook/ament_prefix_path.sh'
[0.225s] INFO:colcon.colcon_core.shell:Skip shell extension 'powershell' for command environment: Not usable outside of PowerShell
[0.225s] DEBUG:colcon.colcon_core.shell:Skip shell extension 'dsv' for command environment
[0.227s] INFO:colcon.colcon_ros.task.ament_python.build:Building ROS package in '/home/zain13/Desktop/Chemical-Plant-Inspector/workspace_auro/src/Perception' with build type 'ament_python'
[0.227s] Level 1:colcon.colcon_core.shell:create_environment_hook('Perception', 'ament_prefix_path')
[0.227s] INFO:colcon.colcon_core.shell:Creating environment hook '/home/zain13/Desktop/Chemical-Plant-Inspector/workspace_auro/install/Perception/share/Perception/hook/ament_prefix_path.ps1'
[0.227s] INFO:colcon.colcon_core.shell:Creating environment descriptor '/home/zain13/Desktop/Chemical-Plant-Inspector/workspace_auro/install/Perception/share/Perception/hook/ament_prefix_path.dsv'
[0.228s] INFO:colcon.colcon_core.shell:Creating environment hook '/home/zain13/Desktop/Chemical-Plant-Inspector/workspace_auro/install/Perception/share/Perception/hook/ament_prefix_path.sh'
[0.228s] INFO:colcon.colcon_core.shell:Skip shell extension 'powershell' for command environment: Not usable outside of PowerShell
[0.228s] DEBUG:colcon.colcon_core.shell:Skip shell extension 'dsv' for command environment
[0.379s] INFO:colcon.colcon_core.task.python.build:Building Python package in '/home/zain13/Desktop/Chemical-Plant-Inspector/workspace_auro/src/Interfaces'
[0.379s] INFO:colcon.colcon_core.shell:Skip shell extension 'powershell' for command environment: Not usable outside of PowerShell
[0.379s] DEBUG:colcon.colcon_core.shell:Skip shell extension 'dsv' for command environment
[0.527s] INFO:colcon.colcon_core.task.python.build:Building Python package in '/home/zain13/Desktop/Chemical-Plant-Inspector/workspace_auro/src/Localisation'
[0.527s] INFO:colcon.colcon_core.shell:Skip shell extension 'powershell' for command environment: Not usable outside of PowerShell
[0.527s] DEBUG:colcon.colcon_core.shell:Skip shell extension 'dsv' for command environment
[0.685s] INFO:colcon.colcon_core.task.python.build:Building Python package in '/home/zain13/Desktop/Chemical-Plant-Inspector/workspace_auro/src/NavigationAndPlanning'
[0.685s] INFO:colcon.colcon_core.shell:Skip shell extension 'powershell' for command environment: Not usable outside of PowerShell
[0.685s] DEBUG:colcon.colcon_core.shell:Skip shell extension 'dsv' for command environment
[0.834s] INFO:colcon.colcon_core.task.python.build:Building Python package in '/home/zain13/Desktop/Chemical-Plant-Inspector/workspace_auro/src/Perception'
[0.834s] INFO:colcon.colcon_core.shell:Skip shell extension 'powershell' for command environment: Not usable outside of PowerShell
[0.834s] DEBUG:colcon.colcon_core.shell:Skip shell extension 'dsv' for command environment
[1.085s] DEBUG:colcon.colcon_core.task.python.build:While undoing a previous installation files outside the Python library path are being ignored: /home/zain13/Desktop/Chemical-Plant-Inspector/workspace_auro/install/Localisation/share/ament_index/resource_index/packages/Localisation
[1.085s] DEBUG:colcon.colcon_core.task.python.build:While undoing a previous installation files outside the Python library path are being ignored: /home/zain13/Desktop/Chemical-Plant-Inspector/workspace_auro/install/Localisation/share/Localisation/package.xml
[1.085s] DEBUG:colcon.colcon_core.task.python.build:While undoing a previous installation files outside the Python library path are being ignored: /home/zain13/Desktop/Chemical-Plant-Inspector/workspace_auro/install/Localisation/lib/Localisation/parse_odom
[1.086s] DEBUG:colcon.colcon_core.event_handler.log_command:Invoking command in '/home/zain13/Desktop/Chemical-Plant-Inspector/workspace_auro/build/Localisation': PYTHONPATH=/home/zain13/Desktop/Chemical-Plant-Inspector/workspace_auro/build/Localisation/prefix_override:/home/zain13/Desktop/Chemical-Plant-Inspector/workspace_auro/install/Localisation/lib/python3.10/site-packages:${PYTHONPATH} /usr/bin/python3 -W ignore:setup.py install is deprecated setup.py develop --editable --build-directory /home/zain13/Desktop/Chemical-Plant-Inspector/workspace_auro/build/Localisation/build --no-deps symlink_data --force
[1.088s] DEBUG:colcon.colcon_core.task.python.build:While undoing a previous installation files outside the Python library path are being ignored: /home/zain13/Desktop/Chemical-Plant-Inspector/workspace_auro/install/Interfaces/share/ament_index/resource_index/packages/Interfaces
[1.088s] DEBUG:colcon.colcon_core.task.python.build:While undoing a previous installation files outside the Python library path are being ignored: /home/zain13/Desktop/Chemical-Plant-Inspector/workspace_auro/install/Interfaces/share/Interfaces/package.xml
[1.090s] DEBUG:colcon.colcon_core.event_handler.log_command:Invoking command in '/home/zain13/Desktop/Chemical-Plant-Inspector/workspace_auro/build/Interfaces': PYTHONPATH=/home/zain13/Desktop/Chemical-Plant-Inspector/workspace_auro/build/Interfaces/prefix_override:/home/zain13/Desktop/Chemical-Plant-Inspector/workspace_auro/install/Interfaces/lib/python3.10/site-packages:${PYTHONPATH} /usr/bin/python3 -W ignore:setup.py install is deprecated setup.py develop --editable --build-directory /home/zain13/Desktop/Chemical-Plant-Inspector/workspace_auro/build/Interfaces/build --no-deps symlink_data --force
[1.090s] DEBUG:colcon.colcon_core.task.python.build:While undoing a previous installation files outside the Python library path are being ignored: /home/zain13/Desktop/Chemical-Plant-Inspector/workspace_auro/install/Perception/share/ament_index/resource_index/packages/Perception
[1.090s] DEBUG:colcon.colcon_core.task.python.build:While undoing a previous installation files outside the Python library path are being ignored: /home/zain13/Desktop/Chemical-Plant-Inspector/workspace_auro/install/Perception/share/Perception/package.xml
[1.090s] DEBUG:colcon.colcon_core.task.python.build:While undoing a previous installation files outside the Python library path are being ignored: /home/zain13/Desktop/Chemical-Plant-Inspector/workspace_auro/install/Perception/lib/Perception/parse_camera
[1.090s] DEBUG:colcon.colcon_core.task.python.build:While undoing a previous installation files outside the Python library path are being ignored: /home/zain13/Desktop/Chemical-Plant-Inspector/workspace_auro/install/Perception/lib/Perception/parse_lidar
[1.091s] DEBUG:colcon.colcon_core.event_handler.log_command:Invoking command in '/home/zain13/Desktop/Chemical-Plant-Inspector/workspace_auro/build/Perception': PYTHONPATH=/home/zain13/Desktop/Chemical-Plant-Inspector/workspace_auro/build/Perception/prefix_override:/home/zain13/Desktop/Chemical-Plant-Inspector/workspace_auro/install/Perception/lib/python3.10/site-packages:${PYTHONPATH} /usr/bin/python3 -W ignore:setup.py install is deprecated setup.py develop --editable --build-directory /home/zain13/Desktop/Chemical-Plant-Inspector/workspace_auro/build/Perception/build --no-deps symlink_data --force
[1.091s] DEBUG:colcon.colcon_core.task.python.build:While undoing a previous installation files outside the Python library path are being ignored: /home/zain13/Desktop/Chemical-Plant-Inspector/workspace_auro/install/NavigationAndPlanning/share/ament_index/resource_index/packages/NavigationAndPlanning
[1.091s] DEBUG:colcon.colcon_core.task.python.build:While undoing a previous installation files outside the Python library path are being ignored: /home/zain13/Desktop/Chemical-Plant-Inspector/workspace_auro/install/NavigationAndPlanning/share/NavigationAndPlanning/package.xml
[1.092s] DEBUG:colcon.colcon_core.event_handler.log_command:Invoking command in '/home/zain13/Desktop/Chemical-Plant-Inspector/workspace_auro/build/NavigationAndPlanning': PYTHONPATH=/home/zain13/Desktop/Chemical-Plant-Inspector/workspace_auro/build/NavigationAndPlanning/prefix_override:/home/zain13/Desktop/Chemical-Plant-Inspector/workspace_auro/install/NavigationAndPlanning/lib/python3.10/site-packages:${PYTHONPATH} /usr/bin/python3 -W ignore:setup.py install is deprecated setup.py develop --editable --build-directory /home/zain13/Desktop/Chemical-Plant-Inspector/workspace_auro/build/NavigationAndPlanning/build --no-deps symlink_data --force
[1.411s] Level 1:colcon.colcon_core.shell:create_environment_hook('Interfaces', 'pythonpath_develop')
[1.412s] INFO:colcon.colcon_core.shell:Creating environment hook '/home/zain13/Desktop/Chemical-Plant-Inspector/workspace_auro/build/Interfaces/share/Interfaces/hook/pythonpath_develop.ps1'
[1.412s] DEBUG:colcon.colcon_core.event_handler.log_command:Invoked command in '/home/zain13/Desktop/Chemical-Plant-Inspector/workspace_auro/build/Interfaces' returned '0': PYTHONPATH=/home/zain13/Desktop/Chemical-Plant-Inspector/workspace_auro/build/Interfaces/prefix_override:/home/zain13/Desktop/Chemical-Plant-Inspector/workspace_auro/install/Interfaces/lib/python3.10/site-packages:${PYTHONPATH} /usr/bin/python3 -W ignore:setup.py install is deprecated setup.py develop --editable --build-directory /home/zain13/Desktop/Chemical-Plant-Inspector/workspace_auro/build/Interfaces/build --no-deps symlink_data --force
[1.413s] INFO:colcon.colcon_core.shell:Creating environment descriptor '/home/zain13/Desktop/Chemical-Plant-Inspector/workspace_auro/build/Interfaces/share/Interfaces/hook/pythonpath_develop.dsv'
[1.413s] INFO:colcon.colcon_core.shell:Creating environment hook '/home/zain13/Desktop/Chemical-Plant-Inspector/workspace_auro/build/Interfaces/share/Interfaces/hook/pythonpath_develop.sh'
[1.416s] Level 1:colcon.colcon_core.environment:checking '/home/zain13/Desktop/Chemical-Plant-Inspector/workspace_auro/install/Interfaces' for CMake module files
[1.416s] Level 1:colcon.colcon_core.environment:checking '/home/zain13/Desktop/Chemical-Plant-Inspector/workspace_auro/install/Interfaces' for CMake config files
[1.416s] Level 1:colcon.colcon_core.environment:checking '/home/zain13/Desktop/Chemical-Plant-Inspector/workspace_auro/install/Interfaces/lib'
[1.416s] Level 1:colcon.colcon_core.environment:checking '/home/zain13/Desktop/Chemical-Plant-Inspector/workspace_auro/install/Interfaces/bin'
[1.416s] Level 1:colcon.colcon_core.environment:checking '/home/zain13/Desktop/Chemical-Plant-Inspector/workspace_auro/install/Interfaces/lib/pkgconfig/Interfaces.pc'
[1.417s] Level 1:colcon.colcon_core.environment:checking '/home/zain13/Desktop/Chemical-Plant-Inspector/workspace_auro/install/Interfaces/lib/python3.10/site-packages'
[1.417s] Level 1:colcon.colcon_core.shell:create_environment_hook('Interfaces', 'pythonpath')
[1.417s] INFO:colcon.colcon_core.shell:Creating environment hook '/home/zain13/Desktop/Chemical-Plant-Inspector/workspace_auro/install/Interfaces/share/Interfaces/hook/pythonpath.ps1'
[1.417s] INFO:colcon.colcon_core.shell:Creating environment descriptor '/home/zain13/Desktop/Chemical-Plant-Inspector/workspace_auro/install/Interfaces/share/Interfaces/hook/pythonpath.dsv'
[1.417s] INFO:colcon.colcon_core.shell:Creating environment hook '/home/zain13/Desktop/Chemical-Plant-Inspector/workspace_auro/install/Interfaces/share/Interfaces/hook/pythonpath.sh'
[1.417s] Level 1:colcon.colcon_core.environment:checking '/home/zain13/Desktop/Chemical-Plant-Inspector/workspace_auro/install/Interfaces/bin'
[1.417s] Level 1:colcon.colcon_core.environment:create_environment_scripts_only(Interfaces)
[1.418s] INFO:colcon.colcon_core.shell:Creating package script '/home/zain13/Desktop/Chemical-Plant-Inspector/workspace_auro/install/Interfaces/share/Interfaces/package.ps1'
[1.418s] INFO:colcon.colcon_core.shell:Creating package descriptor '/home/zain13/Desktop/Chemical-Plant-Inspector/workspace_auro/install/Interfaces/share/Interfaces/package.dsv'
[1.418s] INFO:colcon.colcon_core.shell:Creating package script '/home/zain13/Desktop/Chemical-Plant-Inspector/workspace_auro/install/Interfaces/share/Interfaces/package.sh'
[1.419s] INFO:colcon.colcon_core.shell:Creating package script '/home/zain13/Desktop/Chemical-Plant-Inspector/workspace_auro/install/Interfaces/share/Interfaces/package.bash'
[1.419s] INFO:colcon.colcon_core.shell:Creating package script '/home/zain13/Desktop/Chemical-Plant-Inspector/workspace_auro/install/Interfaces/share/Interfaces/package.zsh'
[1.420s] Level 1:colcon.colcon_core.environment:create_file_with_runtime_dependencies(/home/zain13/Desktop/Chemical-Plant-Inspector/workspace_auro/install/Interfaces/share/colcon-core/packages/Interfaces)
[1.420s] Level 1:colcon.colcon_core.shell:create_environment_hook('NavigationAndPlanning', 'pythonpath_develop')
[1.421s] INFO:colcon.colcon_core.shell:Creating environment hook '/home/zain13/Desktop/Chemical-Plant-Inspector/workspace_auro/build/NavigationAndPlanning/share/NavigationAndPlanning/hook/pythonpath_develop.ps1'
[1.422s] INFO:colcon.colcon_core.shell:Creating environment descriptor '/home/zain13/Desktop/Chemical-Plant-Inspector/workspace_auro/build/NavigationAndPlanning/share/NavigationAndPlanning/hook/pythonpath_develop.dsv'
[1.422s] DEBUG:colcon.colcon_core.event_handler.log_command:Invoked command in '/home/zain13/Desktop/Chemical-Plant-Inspector/workspace_auro/build/NavigationAndPlanning' returned '0': PYTHONPATH=/home/zain13/Desktop/Chemical-Plant-Inspector/workspace_auro/build/NavigationAndPlanning/prefix_override:/home/zain13/Desktop/Chemical-Plant-Inspector/workspace_auro/install/NavigationAndPlanning/lib/python3.10/site-packages:${PYTHONPATH} /usr/bin/python3 -W ignore:setup.py install is deprecated setup.py develop --editable --build-directory /home/zain13/Desktop/Chemical-Plant-Inspector/workspace_auro/build/NavigationAndPlanning/build --no-deps symlink_data --force
[1.422s] INFO:colcon.colcon_core.shell:Creating environment hook '/home/zain13/Desktop/Chemical-Plant-Inspector/workspace_auro/build/NavigationAndPlanning/share/NavigationAndPlanning/hook/pythonpath_develop.sh'
[1.422s] Level 1:colcon.colcon_core.environment:checking '/home/zain13/Desktop/Chemical-Plant-Inspector/workspace_auro/install/NavigationAndPlanning' for CMake module files
[1.423s] Level 1:colcon.colcon_core.environment:checking '/home/zain13/Desktop/Chemical-Plant-Inspector/workspace_auro/install/NavigationAndPlanning' for CMake config files
[1.423s] Level 1:colcon.colcon_core.environment:checking '/home/zain13/Desktop/Chemical-Plant-Inspector/workspace_auro/install/NavigationAndPlanning/lib'
[1.423s] Level 1:colcon.colcon_core.environment:checking '/home/zain13/Desktop/Chemical-Plant-Inspector/workspace_auro/install/NavigationAndPlanning/bin'
[1.423s] Level 1:colcon.colcon_core.environment:checking '/home/zain13/Desktop/Chemical-Plant-Inspector/workspace_auro/install/NavigationAndPlanning/lib/pkgconfig/NavigationAndPlanning.pc'
[1.423s] Level 1:colcon.colcon_core.environment:checking '/home/zain13/Desktop/Chemical-Plant-Inspector/workspace_auro/install/NavigationAndPlanning/lib/python3.10/site-packages'
[1.423s] Level 1:colcon.colcon_core.shell:create_environment_hook('NavigationAndPlanning', 'pythonpath')
[1.423s] INFO:colcon.colcon_core.shell:Creating environment hook '/home/zain13/Desktop/Chemical-Plant-Inspector/workspace_auro/install/NavigationAndPlanning/share/NavigationAndPlanning/hook/pythonpath.ps1'
[1.423s] INFO:colcon.colcon_core.shell:Creating environment descriptor '/home/zain13/Desktop/Chemical-Plant-Inspector/workspace_auro/install/NavigationAndPlanning/share/NavigationAndPlanning/hook/pythonpath.dsv'
[1.424s] INFO:colcon.colcon_core.shell:Creating environment hook '/home/zain13/Desktop/Chemical-Plant-Inspector/workspace_auro/install/NavigationAndPlanning/share/NavigationAndPlanning/hook/pythonpath.sh'
[1.424s] Level 1:colcon.colcon_core.environment:checking '/home/zain13/Desktop/Chemical-Plant-Inspector/workspace_auro/install/NavigationAndPlanning/bin'
[1.424s] Level 1:colcon.colcon_core.environment:create_environment_scripts_only(NavigationAndPlanning)
[1.425s] INFO:colcon.colcon_core.shell:Creating package script '/home/zain13/Desktop/Chemical-Plant-Inspector/workspace_auro/install/NavigationAndPlanning/share/NavigationAndPlanning/package.ps1'
[1.425s] INFO:colcon.colcon_core.shell:Creating package descriptor '/home/zain13/Desktop/Chemical-Plant-Inspector/workspace_auro/install/NavigationAndPlanning/share/NavigationAndPlanning/package.dsv'
[1.426s] INFO:colcon.colcon_core.shell:Creating package script '/home/zain13/Desktop/Chemical-Plant-Inspector/workspace_auro/install/NavigationAndPlanning/share/NavigationAndPlanning/package.sh'
[1.426s] INFO:colcon.colcon_core.shell:Creating package script '/home/zain13/Desktop/Chemical-Plant-Inspector/workspace_auro/install/NavigationAndPlanning/share/NavigationAndPlanning/package.bash'
[1.426s] INFO:colcon.colcon_core.shell:Creating package script '/home/zain13/Desktop/Chemical-Plant-Inspector/workspace_auro/install/NavigationAndPlanning/share/NavigationAndPlanning/package.zsh'
[1.427s] Level 1:colcon.colcon_core.environment:create_file_with_runtime_dependencies(/home/zain13/Desktop/Chemical-Plant-Inspector/workspace_auro/install/NavigationAndPlanning/share/colcon-core/packages/NavigationAndPlanning)
[1.427s] Level 1:colcon.colcon_core.shell:create_environment_hook('Localisation', 'pythonpath_develop')
[1.427s] INFO:colcon.colcon_core.shell:Creating environment hook '/home/zain13/Desktop/Chemical-Plant-Inspector/workspace_auro/build/Localisation/share/Localisation/hook/pythonpath_develop.ps1'
[1.428s] INFO:colcon.colcon_core.shell:Creating environment descriptor '/home/zain13/Desktop/Chemical-Plant-Inspector/workspace_auro/build/Localisation/share/Localisation/hook/pythonpath_develop.dsv'
[1.428s] DEBUG:colcon.colcon_core.event_handler.log_command:Invoked command in '/home/zain13/Desktop/Chemical-Plant-Inspector/workspace_auro/build/Localisation' returned '0': PYTHONPATH=/home/zain13/Desktop/Chemical-Plant-Inspector/workspace_auro/build/Localisation/prefix_override:/home/zain13/Desktop/Chemical-Plant-Inspector/workspace_auro/install/Localisation/lib/python3.10/site-packages:${PYTHONPATH} /usr/bin/python3 -W ignore:setup.py install is deprecated setup.py develop --editable --build-directory /home/zain13/Desktop/Chemical-Plant-Inspector/workspace_auro/build/Localisation/build --no-deps symlink_data --force
[1.428s] INFO:colcon.colcon_core.shell:Creating environment hook '/home/zain13/Desktop/Chemical-Plant-Inspector/workspace_auro/build/Localisation/share/Localisation/hook/pythonpath_develop.sh'
[1.429s] Level 1:colcon.colcon_core.environment:checking '/home/zain13/Desktop/Chemical-Plant-Inspector/workspace_auro/install/Localisation' for CMake module files
[1.429s] Level 1:colcon.colcon_core.environment:checking '/home/zain13/Desktop/Chemical-Plant-Inspector/workspace_auro/install/Localisation' for CMake config files
[1.430s] Level 1:colcon.colcon_core.environment:checking '/home/zain13/Desktop/Chemical-Plant-Inspector/workspace_auro/install/Localisation/lib'
[1.430s] Level 1:colcon.colcon_core.environment:checking '/home/zain13/Desktop/Chemical-Plant-Inspector/workspace_auro/install/Localisation/bin'
[1.430s] Level 1:colcon.colcon_core.environment:checking '/home/zain13/Desktop/Chemical-Plant-Inspector/workspace_auro/install/Localisation/lib/pkgconfig/Localisation.pc'
[1.430s] Level 1:colcon.colcon_core.environment:checking '/home/zain13/Desktop/Chemical-Plant-Inspector/workspace_auro/install/Localisation/lib/python3.10/site-packages'
[1.430s] Level 1:colcon.colcon_core.shell:create_environment_hook('Localisation', 'pythonpath')
[1.430s] INFO:colcon.colcon_core.shell:Creating environment hook '/home/zain13/Desktop/Chemical-Plant-Inspector/workspace_auro/install/Localisation/share/Localisation/hook/pythonpath.ps1'
[1.431s] INFO:colcon.colcon_core.shell:Creating environment descriptor '/home/zain13/Desktop/Chemical-Plant-Inspector/workspace_auro/install/Localisation/share/Localisation/hook/pythonpath.dsv'
[1.431s] INFO:colcon.colcon_core.shell:Creating environment hook '/home/zain13/Desktop/Chemical-Plant-Inspector/workspace_auro/install/Localisation/share/Localisation/hook/pythonpath.sh'
[1.431s] Level 1:colcon.colcon_core.environment:checking '/home/zain13/Desktop/Chemical-Plant-Inspector/workspace_auro/install/Localisation/bin'
[1.431s] Level 1:colcon.colcon_core.environment:create_environment_scripts_only(Localisation)
[1.432s] INFO:colcon.colcon_core.shell:Creating package script '/home/zain13/Desktop/Chemical-Plant-Inspector/workspace_auro/install/Localisation/share/Localisation/package.ps1'
[1.432s] INFO:colcon.colcon_core.shell:Creating package descriptor '/home/zain13/Desktop/Chemical-Plant-Inspector/workspace_auro/install/Localisation/share/Localisation/package.dsv'
[1.432s] INFO:colcon.colcon_core.shell:Creating package script '/home/zain13/Desktop/Chemical-Plant-Inspector/workspace_auro/install/Localisation/share/Localisation/package.sh'
[1.433s] INFO:colcon.colcon_core.shell:Creating package script '/home/zain13/Desktop/Chemical-Plant-Inspector/workspace_auro/install/Localisation/share/Localisation/package.bash'
[1.433s] INFO:colcon.colcon_core.shell:Creating package script '/home/zain13/Desktop/Chemical-Plant-Inspector/workspace_auro/install/Localisation/share/Localisation/package.zsh'
[1.433s] Level 1:colcon.colcon_core.environment:create_file_with_runtime_dependencies(/home/zain13/Desktop/Chemical-Plant-Inspector/workspace_auro/install/Localisation/share/colcon-core/packages/Localisation)
[1.433s] Level 1:colcon.colcon_core.shell:create_environment_hook('Perception', 'pythonpath_develop')
[1.433s] INFO:colcon.colcon_core.shell:Creating environment hook '/home/zain13/Desktop/Chemical-Plant-Inspector/workspace_auro/build/Perception/share/Perception/hook/pythonpath_develop.ps1'
[1.434s] INFO:colcon.colcon_core.shell:Creating environment descriptor '/home/zain13/Desktop/Chemical-Plant-Inspector/workspace_auro/build/Perception/share/Perception/hook/pythonpath_develop.dsv'
[1.434s] INFO:colcon.colcon_core.shell:Creating environment hook '/home/zain13/Desktop/Chemical-Plant-Inspector/workspace_auro/build/Perception/share/Perception/hook/pythonpath_develop.sh'
[1.434s] DEBUG:colcon.colcon_core.event_handler.log_command:Invoked command in '/home/zain13/Desktop/Chemical-Plant-Inspector/workspace_auro/build/Perception' returned '0': PYTHONPATH=/home/zain13/Desktop/Chemical-Plant-Inspector/workspace_auro/build/Perception/prefix_override:/home/zain13/Desktop/Chemical-Plant-Inspector/workspace_auro/install/Perception/lib/python3.10/site-packages:${PYTHONPATH} /usr/bin/python3 -W ignore:setup.py install is deprecated setup.py develop --editable --build-directory /home/zain13/Desktop/Chemical-Plant-Inspector/workspace_auro/build/Perception/build --no-deps symlink_data --force
[1.434s] Level 1:colcon.colcon_core.environment:checking '/home/zain13/Desktop/Chemical-Plant-Inspector/workspace_auro/install/Perception' for CMake module files
[1.435s] Level 1:colcon.colcon_core.environment:checking '/home/zain13/Desktop/Chemical-Plant-Inspector/workspace_auro/install/Perception' for CMake config files
[1.435s] Level 1:colcon.colcon_core.environment:checking '/home/zain13/Desktop/Chemical-Plant-Inspector/workspace_auro/install/Perception/lib'
[1.435s] Level 1:colcon.colcon_core.environment:checking '/home/zain13/Desktop/Chemical-Plant-Inspector/workspace_auro/install/Perception/bin'
[1.435s] Level 1:colcon.colcon_core.environment:checking '/home/zain13/Desktop/Chemical-Plant-Inspector/workspace_auro/install/Perception/lib/pkgconfig/Perception.pc'
[1.435s] Level 1:colcon.colcon_core.environment:checking '/home/zain13/Desktop/Chemical-Plant-Inspector/workspace_auro/install/Perception/lib/python3.10/site-packages'
[1.435s] Level 1:colcon.colcon_core.shell:create_environment_hook('Perception', 'pythonpath')
[1.435s] INFO:colcon.colcon_core.shell:Creating environment hook '/home/zain13/Desktop/Chemical-Plant-Inspector/workspace_auro/install/Perception/share/Perception/hook/pythonpath.ps1'
[1.435s] INFO:colcon.colcon_core.shell:Creating environment descriptor '/home/zain13/Desktop/Chemical-Plant-Inspector/workspace_auro/install/Perception/share/Perception/hook/pythonpath.dsv'
[1.436s] INFO:colcon.colcon_core.shell:Creating environment hook '/home/zain13/Desktop/Chemical-Plant-Inspector/workspace_auro/install/Perception/share/Perception/hook/pythonpath.sh'
[1.436s] Level 1:colcon.colcon_core.environment:checking '/home/zain13/Desktop/Chemical-Plant-Inspector/workspace_auro/install/Perception/bin'
[1.436s] Level 1:colcon.colcon_core.environment:create_environment_scripts_only(Perception)
[1.436s] INFO:colcon.colcon_core.shell:Creating package script '/home/zain13/Desktop/Chemical-Plant-Inspector/workspace_auro/install/Perception/share/Perception/package.ps1'
[1.436s] INFO:colcon.colcon_core.shell:Creating package descriptor '/home/zain13/Desktop/Chemical-Plant-Inspector/workspace_auro/install/Perception/share/Perception/package.dsv'
[1.437s] INFO:colcon.colcon_core.shell:Creating package script '/home/zain13/Desktop/Chemical-Plant-Inspector/workspace_auro/install/Perception/share/Perception/package.sh'
[1.437s] INFO:colcon.colcon_core.shell:Creating package script '/home/zain13/Desktop/Chemical-Plant-Inspector/workspace_auro/install/Perception/share/Perception/package.bash'
[1.437s] INFO:colcon.colcon_core.shell:Creating package script '/home/zain13/Desktop/Chemical-Plant-Inspector/workspace_auro/install/Perception/share/Perception/package.zsh'
[1.437s] Level 1:colcon.colcon_core.environment:create_file_with_runtime_dependencies(/home/zain13/Desktop/Chemical-Plant-Inspector/workspace_auro/install/Perception/share/colcon-core/packages/Perception)
[1.437s] DEBUG:colcon.colcon_parallel_executor.executor.parallel:closing loop
[1.437s] DEBUG:colcon.colcon_parallel_executor.executor.parallel:loop closed
[1.438s] DEBUG:colcon.colcon_parallel_executor.executor.parallel:run_until_complete finished with '0'
[1.438s] DEBUG:colcon.colcon_core.event_reactor:joining thread
[1.442s] INFO:colcon.colcon_core.plugin_system:Skipping extension 'colcon_notification.desktop_notification.terminal_notifier': Not used on non-Darwin systems
[1.443s] INFO:colcon.colcon_core.plugin_system:Skipping extension 'colcon_notification.desktop_notification.win32': Not used on non-Windows systems
[1.443s] INFO:colcon.colcon_notification.desktop_notification:Sending desktop notification using 'notify2'
[1.453s] DEBUG:colcon.colcon_core.event_reactor:joined thread
[1.453s] INFO:colcon.colcon_core.shell:Creating prefix script '/home/zain13/Desktop/Chemical-Plant-Inspector/workspace_auro/install/local_setup.ps1'
[1.453s] INFO:colcon.colcon_core.shell:Creating prefix util module '/home/zain13/Desktop/Chemical-Plant-Inspector/workspace_auro/install/_local_setup_util_ps1.py'
[1.454s] INFO:colcon.colcon_core.shell:Creating prefix chain script '/home/zain13/Desktop/Chemical-Plant-Inspector/workspace_auro/install/setup.ps1'
[1.455s] INFO:colcon.colcon_core.shell:Creating prefix script '/home/zain13/Desktop/Chemical-Plant-Inspector/workspace_auro/install/local_setup.sh'
[1.455s] INFO:colcon.colcon_core.shell:Creating prefix util module '/home/zain13/Desktop/Chemical-Plant-Inspector/workspace_auro/install/_local_setup_util_sh.py'
[1.456s] INFO:colcon.colcon_core.shell:Creating prefix chain script '/home/zain13/Desktop/Chemical-Plant-Inspector/workspace_auro/install/setup.sh'
[1.457s] INFO:colcon.colcon_core.shell:Creating prefix script '/home/zain13/Desktop/Chemical-Plant-Inspector/workspace_auro/install/local_setup.bash'
[1.457s] INFO:colcon.colcon_core.shell:Creating prefix chain script '/home/zain13/Desktop/Chemical-Plant-Inspector/workspace_auro/install/setup.bash'
[1.458s] INFO:colcon.colcon_core.shell:Creating prefix script '/home/zain13/Desktop/Chemical-Plant-Inspector/workspace_auro/install/local_setup.zsh'
[1.458s] INFO:colcon.colcon_core.shell:Creating prefix chain script '/home/zain13/Desktop/Chemical-Plant-Inspector/workspace_auro/install/setup.zsh'
