[0.005s] Invoking command in '/home/zain13/Desktop/Chemical-Plant-Inspector/SLAM/build/robot_simulation': AMENT_PREFIX_PATH=/home/zain13/Desktop/Chemical-Plant-Inspector/SLAM/install/robot_description:${AMENT_PREFIX_PATH} CMAKE_PREFIX_PATH=/home/zain13/Desktop/Chemical-Plant-Inspector/SLAM/install/robot_description:/home/zain13/ros2_ws/install/my_robot_controller:/home/zain13/ros2_ws/install/hhw1_face_detection:/home/zain13/ros2_ws/install/arm_manipulator:/opt/ros/humble /usr/bin/cmake --build /home/zain13/Desktop/Chemical-Plant-Inspector/SLAM/build/robot_simulation -- -j16 -l16
[0.029s] Invoked command in '/home/zain13/Desktop/Chemical-Plant-Inspector/SLAM/build/robot_simulation' returned '0': AMENT_PREFIX_PATH=/home/zain13/Desktop/Chemical-Plant-Inspector/SLAM/install/robot_description:${AMENT_PREFIX_PATH} CMAKE_PREFIX_PATH=/home/zain13/Desktop/Chemical-Plant-Inspector/SLAM/install/robot_description:/home/zain13/ros2_ws/install/my_robot_controller:/home/zain13/ros2_ws/install/hhw1_face_detection:/home/zain13/ros2_ws/install/arm_manipulator:/opt/ros/humble /usr/bin/cmake --build /home/zain13/Desktop/Chemical-Plant-Inspector/SLAM/build/robot_simulation -- -j16 -l16
[0.041s] Invoking command in '/home/zain13/Desktop/Chemical-Plant-Inspector/SLAM/build/robot_simulation': AMENT_PREFIX_PATH=/home/zain13/Desktop/Chemical-Plant-Inspector/SLAM/install/robot_description:${AMENT_PREFIX_PATH} CMAKE_PREFIX_PATH=/home/zain13/Desktop/Chemical-Plant-Inspector/SLAM/install/robot_description:/home/zain13/ros2_ws/install/my_robot_controller:/home/zain13/ros2_ws/install/hhw1_face_detection:/home/zain13/ros2_ws/install/arm_manipulator:/opt/ros/humble /usr/bin/cmake --install /home/zain13/Desktop/Chemical-Plant-Inspector/SLAM/build/robot_simulation
[0.046s] -- Install configuration: ""
[0.046s] -- Up-to-date: /home/zain13/Desktop/Chemical-Plant-Inspector/SLAM/install/robot_simulation/share/robot_simulation/launch
[0.046s] -- Up-to-date: /home/zain13/Desktop/Chemical-Plant-Inspector/SLAM/install/robot_simulation/share/robot_simulation/launch/house_slam.launch.py
[0.046s] -- Up-to-date: /home/zain13/Desktop/Chemical-Plant-Inspector/SLAM/install/robot_simulation/share/robot_simulation/launch/autonomous_navigation.launch.py
[0.046s] -- Installing: /home/zain13/Desktop/Chemical-Plant-Inspector/SLAM/install/robot_simulation/share/robot_simulation/launch/house_sim.launch.py
[0.046s] -- Up-to-date: /home/zain13/Desktop/Chemical-Plant-Inspector/SLAM/install/robot_simulation/share/robot_simulation/config
[0.046s] -- Up-to-date: /home/zain13/Desktop/Chemical-Plant-Inspector/SLAM/install/robot_simulation/share/robot_simulation/config/ekf.yaml
[0.046s] -- Up-to-date: /home/zain13/Desktop/Chemical-Plant-Inspector/SLAM/install/robot_simulation/share/robot_simulation/config/nav2_config.rviz
[0.046s] -- Up-to-date: /home/zain13/Desktop/Chemical-Plant-Inspector/SLAM/install/robot_simulation/share/robot_simulation/worlds
[0.047s] -- Up-to-date: /home/zain13/Desktop/Chemical-Plant-Inspector/SLAM/install/robot_simulation/share/robot_simulation/worlds/house.world
[0.047s] -- Up-to-date: /home/zain13/Desktop/Chemical-Plant-Inspector/SLAM/install/robot_simulation/share/robot_simulation/maps
[0.047s] -- Up-to-date: /home/zain13/Desktop/Chemical-Plant-Inspector/SLAM/install/robot_simulation/share/robot_simulation/maps/house_map.yaml
[0.047s] -- Up-to-date: /home/zain13/Desktop/Chemical-Plant-Inspector/SLAM/install/robot_simulation/share/robot_simulation/maps/house_map.pgm
[0.047s] -- Up-to-date: /home/zain13/Desktop/Chemical-Plant-Inspector/SLAM/install/robot_simulation/share/robot_simulation/params
[0.047s] -- Up-to-date: /home/zain13/Desktop/Chemical-Plant-Inspector/SLAM/install/robot_simulation/share/robot_simulation/params/nav2_params.yaml
[0.047s] -- Up-to-date: /home/zain13/Desktop/Chemical-Plant-Inspector/SLAM/install/robot_simulation/share/ament_index/resource_index/package_run_dependencies/robot_simulation
[0.047s] -- Up-to-date: /home/zain13/Desktop/Chemical-Plant-Inspector/SLAM/install/robot_simulation/share/ament_index/resource_index/parent_prefix_path/robot_simulation
[0.047s] -- Up-to-date: /home/zain13/Desktop/Chemical-Plant-Inspector/SLAM/install/robot_simulation/share/robot_simulation/environment/ament_prefix_path.sh
[0.047s] -- Up-to-date: /home/zain13/Desktop/Chemical-Plant-Inspector/SLAM/install/robot_simulation/share/robot_simulation/environment/ament_prefix_path.dsv
[0.047s] -- Up-to-date: /home/zain13/Desktop/Chemical-Plant-Inspector/SLAM/install/robot_simulation/share/robot_simulation/environment/path.sh
[0.047s] -- Up-to-date: /home/zain13/Desktop/Chemical-Plant-Inspector/SLAM/install/robot_simulation/share/robot_simulation/environment/path.dsv
[0.047s] -- Up-to-date: /home/zain13/Desktop/Chemical-Plant-Inspector/SLAM/install/robot_simulation/share/robot_simulation/local_setup.bash
[0.048s] -- Up-to-date: /home/zain13/Desktop/Chemical-Plant-Inspector/SLAM/install/robot_simulation/share/robot_simulation/local_setup.sh
[0.048s] -- Up-to-date: /home/zain13/Desktop/Chemical-Plant-Inspector/SLAM/install/robot_simulation/share/robot_simulation/local_setup.zsh
[0.048s] -- Up-to-date: /home/zain13/Desktop/Chemical-Plant-Inspector/SLAM/install/robot_simulation/share/robot_simulation/local_setup.dsv
[0.048s] -- Up-to-date: /home/zain13/Desktop/Chemical-Plant-Inspector/SLAM/install/robot_simulation/share/robot_simulation/package.dsv
[0.048s] -- Up-to-date: /home/zain13/Desktop/Chemical-Plant-Inspector/SLAM/install/robot_simulation/share/ament_index/resource_index/packages/robot_simulation
[0.048s] -- Up-to-date: /home/zain13/Desktop/Chemical-Plant-Inspector/SLAM/install/robot_simulation/share/robot_simulation/cmake/robot_simulationConfig.cmake
[0.048s] -- Up-to-date: /home/zain13/Desktop/Chemical-Plant-Inspector/SLAM/install/robot_simulation/share/robot_simulation/cmake/robot_simulationConfig-version.cmake
[0.048s] -- Up-to-date: /home/zain13/Desktop/Chemical-Plant-Inspector/SLAM/install/robot_simulation/share/robot_simulation/package.xml
[0.048s] Invoked command in '/home/zain13/Desktop/Chemical-Plant-Inspector/SLAM/build/robot_simulation' returned '0': AMENT_PREFIX_PATH=/home/zain13/Desktop/Chemical-Plant-Inspector/SLAM/install/robot_description:${AMENT_PREFIX_PATH} CMAKE_PREFIX_PATH=/home/zain13/Desktop/Chemical-Plant-Inspector/SLAM/install/robot_description:/home/zain13/ros2_ws/install/my_robot_controller:/home/zain13/ros2_ws/install/hhw1_face_detection:/home/zain13/ros2_ws/install/arm_manipulator:/opt/ros/humble /usr/bin/cmake --install /home/zain13/Desktop/Chemical-Plant-Inspector/SLAM/build/robot_simulation
